--------------- Clean Started: 04/08/2021 22:12:35 Project: GBEmulator, Configuration: ARM GCC 4.9-2015-q1-update Debug ---------------
Deleting file ".\CortexM3\ARM_GCC_493\Debug\main.o"
Deleting file ".\CortexM3\ARM_GCC_493\Debug\cpu.o"
Deleting file ".\CortexM3\ARM_GCC_493\Debug\registers.o"
Deleting file ".\CortexM3\ARM_GCC_493\Debug\cyfitter_cfg.o"
Deleting file ".\CortexM3\ARM_GCC_493\Debug\cymetadata.o"
Deleting file ".\CortexM3\ARM_GCC_493\Debug\Cm3Start.o"
Deleting file ".\CortexM3\ARM_GCC_493\Debug\CyBootAsmGnu.o"
Deleting file ".\CortexM3\ARM_GCC_493\Debug\CyDmac.o"
Deleting file ".\CortexM3\ARM_GCC_493\Debug\CyFlash.o"
Deleting file ".\CortexM3\ARM_GCC_493\Debug\CyLib.o"
Deleting file ".\CortexM3\ARM_GCC_493\Debug\cyPm.o"
Deleting file ".\CortexM3\ARM_GCC_493\Debug\CySpc.o"
Deleting file ".\CortexM3\ARM_GCC_493\Debug\cyutils.o"
Deleting file ".\CortexM3\ARM_GCC_493\Debug\GBEmulator.hex"
Deleting file ".\CortexM3\ARM_GCC_493\Debug\GBEmulator.map"
Deleting file ".\GBEmulator.cycdx"
Deleting file ".\GBEmulator.rpt"
Deleting file ".\GBEmulator_timing.html"
Deleting file ".\CortexM3\ARM_GCC_493\Debug\.deps\C_FILE.P"
Deleting file ".\CortexM3\ARM_GCC_493\Debug\.deps\ARM_C_FILE.P"
Deleting file ".\CortexM3\ARM_GCC_493\Debug\.deps\GNU_ARM_ASM_FILE.P"
--------------- Clean Succeeded: 04/08/2021 22:12:35 ---------------
