ARM GAS  C:\Users\raytr\AppData\Local\Temp\ccYEAve2.s 			page 1


   1              		.syntax unified
   2              		.cpu cortex-m3
   3              		.fpu softvfp
   4              		.eabi_attribute 20, 1
   5              		.eabi_attribute 21, 1
   6              		.eabi_attribute 23, 3
   7              		.eabi_attribute 24, 1
   8              		.eabi_attribute 25, 1
   9              		.eabi_attribute 26, 1
  10              		.eabi_attribute 30, 1
  11              		.eabi_attribute 34, 1
  12              		.eabi_attribute 18, 4
  13              		.thumb
  14              		.file	"cyfitter_cfg.c"
  15              		.text
  16              	.Ltext0:
  17              		.cfi_sections	.debug_frame
  18              		.section	.text.CyClockStartupError,"ax",%progbits
  19              		.align	2
  20              		.thumb
  21              		.thumb_func
  22              		.type	CyClockStartupError, %function
  23              	CyClockStartupError:
  24              	.LFB3:
  25              		.file 1 ".\\Generated_Source\\PSoC5\\cyfitter_cfg.c"
   1:.\Generated_Source\PSoC5/cyfitter_cfg.c **** /*******************************************************************************
   2:.\Generated_Source\PSoC5/cyfitter_cfg.c **** * File Name: cyfitter_cfg.c
   3:.\Generated_Source\PSoC5/cyfitter_cfg.c **** * 
   4:.\Generated_Source\PSoC5/cyfitter_cfg.c **** * PSoC Creator  3.3 CP3
   5:.\Generated_Source\PSoC5/cyfitter_cfg.c **** *
   6:.\Generated_Source\PSoC5/cyfitter_cfg.c **** * Description:
   7:.\Generated_Source\PSoC5/cyfitter_cfg.c **** * This file contains device initialization code.
   8:.\Generated_Source\PSoC5/cyfitter_cfg.c **** * Except for the user defined sections in CyClockStartupError(), this file should not be modified.
   9:.\Generated_Source\PSoC5/cyfitter_cfg.c **** * This file is automatically generated by PSoC Creator.
  10:.\Generated_Source\PSoC5/cyfitter_cfg.c **** *
  11:.\Generated_Source\PSoC5/cyfitter_cfg.c **** ********************************************************************************
  12:.\Generated_Source\PSoC5/cyfitter_cfg.c **** * Copyright (c) 2007-2016 Cypress Semiconductor.  All rights reserved.
  13:.\Generated_Source\PSoC5/cyfitter_cfg.c **** * You may use this file only in accordance with the license, terms, conditions, 
  14:.\Generated_Source\PSoC5/cyfitter_cfg.c **** * disclaimers, and limitations in the end user license agreement accompanying 
  15:.\Generated_Source\PSoC5/cyfitter_cfg.c **** * the software package with which this file was provided.
  16:.\Generated_Source\PSoC5/cyfitter_cfg.c **** ********************************************************************************/
  17:.\Generated_Source\PSoC5/cyfitter_cfg.c **** 
  18:.\Generated_Source\PSoC5/cyfitter_cfg.c **** #include <string.h>
  19:.\Generated_Source\PSoC5/cyfitter_cfg.c **** #include "cytypes.h"
  20:.\Generated_Source\PSoC5/cyfitter_cfg.c **** #include "cydevice_trm.h"
  21:.\Generated_Source\PSoC5/cyfitter_cfg.c **** #include "cyfitter.h"
  22:.\Generated_Source\PSoC5/cyfitter_cfg.c **** #include "CyLib.h"
  23:.\Generated_Source\PSoC5/cyfitter_cfg.c **** #include "cyfitter_cfg.h"
  24:.\Generated_Source\PSoC5/cyfitter_cfg.c **** 
  25:.\Generated_Source\PSoC5/cyfitter_cfg.c **** #define CY_NEED_CYCLOCKSTARTUPERROR 1
  26:.\Generated_Source\PSoC5/cyfitter_cfg.c **** 
  27:.\Generated_Source\PSoC5/cyfitter_cfg.c **** 
  28:.\Generated_Source\PSoC5/cyfitter_cfg.c **** #if defined(__GNUC__) || defined(__ARMCC_VERSION)
  29:.\Generated_Source\PSoC5/cyfitter_cfg.c ****     #define CYPACKED 
  30:.\Generated_Source\PSoC5/cyfitter_cfg.c ****     #define CYPACKED_ATTR __attribute__ ((packed))
  31:.\Generated_Source\PSoC5/cyfitter_cfg.c ****     #define CYALIGNED __attribute__ ((aligned))
  32:.\Generated_Source\PSoC5/cyfitter_cfg.c ****     #define CY_CFG_UNUSED __attribute__ ((unused))
ARM GAS  C:\Users\raytr\AppData\Local\Temp\ccYEAve2.s 			page 2


  33:.\Generated_Source\PSoC5/cyfitter_cfg.c ****     #ifndef CY_CFG_SECTION
  34:.\Generated_Source\PSoC5/cyfitter_cfg.c ****         #define CY_CFG_SECTION __attribute__ ((section(".psocinit")))
  35:.\Generated_Source\PSoC5/cyfitter_cfg.c ****     #endif
  36:.\Generated_Source\PSoC5/cyfitter_cfg.c ****     
  37:.\Generated_Source\PSoC5/cyfitter_cfg.c ****     #if defined(__ARMCC_VERSION)
  38:.\Generated_Source\PSoC5/cyfitter_cfg.c ****         #define CY_CFG_MEMORY_BARRIER() __memory_changed()
  39:.\Generated_Source\PSoC5/cyfitter_cfg.c ****     #else
  40:.\Generated_Source\PSoC5/cyfitter_cfg.c ****         #define CY_CFG_MEMORY_BARRIER() __sync_synchronize()
  41:.\Generated_Source\PSoC5/cyfitter_cfg.c ****     #endif
  42:.\Generated_Source\PSoC5/cyfitter_cfg.c ****     
  43:.\Generated_Source\PSoC5/cyfitter_cfg.c **** #elif defined(__ICCARM__)
  44:.\Generated_Source\PSoC5/cyfitter_cfg.c ****     #include <intrinsics.h>
  45:.\Generated_Source\PSoC5/cyfitter_cfg.c **** 
  46:.\Generated_Source\PSoC5/cyfitter_cfg.c ****     #define CYPACKED __packed
  47:.\Generated_Source\PSoC5/cyfitter_cfg.c ****     #define CYPACKED_ATTR 
  48:.\Generated_Source\PSoC5/cyfitter_cfg.c ****     #define CYALIGNED _Pragma("data_alignment=4")
  49:.\Generated_Source\PSoC5/cyfitter_cfg.c ****     #define CY_CFG_UNUSED _Pragma("diag_suppress=Pe177")
  50:.\Generated_Source\PSoC5/cyfitter_cfg.c ****     #define CY_CFG_SECTION _Pragma("location=\".psocinit\"")
  51:.\Generated_Source\PSoC5/cyfitter_cfg.c ****     
  52:.\Generated_Source\PSoC5/cyfitter_cfg.c ****     #define CY_CFG_MEMORY_BARRIER() __DMB()
  53:.\Generated_Source\PSoC5/cyfitter_cfg.c ****     
  54:.\Generated_Source\PSoC5/cyfitter_cfg.c **** #else
  55:.\Generated_Source\PSoC5/cyfitter_cfg.c ****     #error Unsupported toolchain
  56:.\Generated_Source\PSoC5/cyfitter_cfg.c **** #endif
  57:.\Generated_Source\PSoC5/cyfitter_cfg.c **** 
  58:.\Generated_Source\PSoC5/cyfitter_cfg.c **** 
  59:.\Generated_Source\PSoC5/cyfitter_cfg.c **** CY_CFG_UNUSED
  60:.\Generated_Source\PSoC5/cyfitter_cfg.c **** static void CYMEMZERO(void *s, size_t n);
  61:.\Generated_Source\PSoC5/cyfitter_cfg.c **** CY_CFG_UNUSED
  62:.\Generated_Source\PSoC5/cyfitter_cfg.c **** static void CYMEMZERO(void *s, size_t n)
  63:.\Generated_Source\PSoC5/cyfitter_cfg.c **** {
  64:.\Generated_Source\PSoC5/cyfitter_cfg.c **** 	(void)memset(s, 0, n);
  65:.\Generated_Source\PSoC5/cyfitter_cfg.c **** }
  66:.\Generated_Source\PSoC5/cyfitter_cfg.c **** CY_CFG_UNUSED
  67:.\Generated_Source\PSoC5/cyfitter_cfg.c **** static void CYCONFIGCPY(void *dest, const void *src, size_t n);
  68:.\Generated_Source\PSoC5/cyfitter_cfg.c **** CY_CFG_UNUSED
  69:.\Generated_Source\PSoC5/cyfitter_cfg.c **** static void CYCONFIGCPY(void *dest, const void *src, size_t n)
  70:.\Generated_Source\PSoC5/cyfitter_cfg.c **** {
  71:.\Generated_Source\PSoC5/cyfitter_cfg.c **** 	(void)memcpy(dest, src, n);
  72:.\Generated_Source\PSoC5/cyfitter_cfg.c **** }
  73:.\Generated_Source\PSoC5/cyfitter_cfg.c **** CY_CFG_UNUSED
  74:.\Generated_Source\PSoC5/cyfitter_cfg.c **** static void CYCONFIGCPYCODE(void *dest, const void *src, size_t n);
  75:.\Generated_Source\PSoC5/cyfitter_cfg.c **** CY_CFG_UNUSED
  76:.\Generated_Source\PSoC5/cyfitter_cfg.c **** static void CYCONFIGCPYCODE(void *dest, const void *src, size_t n)
  77:.\Generated_Source\PSoC5/cyfitter_cfg.c **** {
  78:.\Generated_Source\PSoC5/cyfitter_cfg.c **** 	(void)memcpy(dest, src, n);
  79:.\Generated_Source\PSoC5/cyfitter_cfg.c **** }
  80:.\Generated_Source\PSoC5/cyfitter_cfg.c **** 
  81:.\Generated_Source\PSoC5/cyfitter_cfg.c **** 
  82:.\Generated_Source\PSoC5/cyfitter_cfg.c **** 
  83:.\Generated_Source\PSoC5/cyfitter_cfg.c **** /* Clock startup error codes                                                   */
  84:.\Generated_Source\PSoC5/cyfitter_cfg.c **** #define CYCLOCKSTART_NO_ERROR    0u
  85:.\Generated_Source\PSoC5/cyfitter_cfg.c **** #define CYCLOCKSTART_XTAL_ERROR  1u
  86:.\Generated_Source\PSoC5/cyfitter_cfg.c **** #define CYCLOCKSTART_32KHZ_ERROR 2u
  87:.\Generated_Source\PSoC5/cyfitter_cfg.c **** #define CYCLOCKSTART_PLL_ERROR   3u
  88:.\Generated_Source\PSoC5/cyfitter_cfg.c **** 
  89:.\Generated_Source\PSoC5/cyfitter_cfg.c **** #ifdef CY_NEED_CYCLOCKSTARTUPERROR
ARM GAS  C:\Users\raytr\AppData\Local\Temp\ccYEAve2.s 			page 3


  90:.\Generated_Source\PSoC5/cyfitter_cfg.c **** /*******************************************************************************
  91:.\Generated_Source\PSoC5/cyfitter_cfg.c **** * Function Name: CyClockStartupError
  92:.\Generated_Source\PSoC5/cyfitter_cfg.c **** ********************************************************************************
  93:.\Generated_Source\PSoC5/cyfitter_cfg.c **** * Summary:
  94:.\Generated_Source\PSoC5/cyfitter_cfg.c **** *  If an error is encountered during clock configuration (crystal startup error,
  95:.\Generated_Source\PSoC5/cyfitter_cfg.c **** *  PLL lock error, etc.), the system will end up here.  Unless reimplemented by
  96:.\Generated_Source\PSoC5/cyfitter_cfg.c **** *  the customer, this function will stop in an infinite loop.
  97:.\Generated_Source\PSoC5/cyfitter_cfg.c **** *
  98:.\Generated_Source\PSoC5/cyfitter_cfg.c **** * Parameters:
  99:.\Generated_Source\PSoC5/cyfitter_cfg.c **** *   void
 100:.\Generated_Source\PSoC5/cyfitter_cfg.c **** *
 101:.\Generated_Source\PSoC5/cyfitter_cfg.c **** * Return:
 102:.\Generated_Source\PSoC5/cyfitter_cfg.c **** *   void
 103:.\Generated_Source\PSoC5/cyfitter_cfg.c **** *
 104:.\Generated_Source\PSoC5/cyfitter_cfg.c **** *******************************************************************************/
 105:.\Generated_Source\PSoC5/cyfitter_cfg.c **** CY_CFG_UNUSED
 106:.\Generated_Source\PSoC5/cyfitter_cfg.c **** static void CyClockStartupError(uint8 errorCode);
 107:.\Generated_Source\PSoC5/cyfitter_cfg.c **** CY_CFG_UNUSED
 108:.\Generated_Source\PSoC5/cyfitter_cfg.c **** static void CyClockStartupError(uint8 errorCode)
 109:.\Generated_Source\PSoC5/cyfitter_cfg.c **** {
  26              		.loc 1 109 0
  27              		.cfi_startproc
  28              		@ Volatile: function does not return.
  29              		@ args = 0, pretend = 0, frame = 0
  30              		@ frame_needed = 0, uses_anonymous_args = 0
  31              		@ link register save eliminated.
  32              	.LVL0:
  33              	.L2:
 110:.\Generated_Source\PSoC5/cyfitter_cfg.c ****     /* To remove the compiler warning if errorCode not used.                */
 111:.\Generated_Source\PSoC5/cyfitter_cfg.c ****     errorCode = errorCode;
 112:.\Generated_Source\PSoC5/cyfitter_cfg.c **** 
 113:.\Generated_Source\PSoC5/cyfitter_cfg.c ****     /* `#START CyClockStartupError` */
 114:.\Generated_Source\PSoC5/cyfitter_cfg.c **** 
 115:.\Generated_Source\PSoC5/cyfitter_cfg.c ****     /* If we have a clock startup error (bad MHz crystal, PLL lock, etc.),  */
 116:.\Generated_Source\PSoC5/cyfitter_cfg.c ****     /* we will end up here to allow the customer to implement something to  */
 117:.\Generated_Source\PSoC5/cyfitter_cfg.c ****     /* deal with the clock condition.                                       */
 118:.\Generated_Source\PSoC5/cyfitter_cfg.c **** 
 119:.\Generated_Source\PSoC5/cyfitter_cfg.c ****     /* `#END` */
 120:.\Generated_Source\PSoC5/cyfitter_cfg.c **** 
 121:.\Generated_Source\PSoC5/cyfitter_cfg.c ****     /* If nothing else, stop here since the clocks have not started         */
 122:.\Generated_Source\PSoC5/cyfitter_cfg.c ****     /* correctly.                                                           */
 123:.\Generated_Source\PSoC5/cyfitter_cfg.c ****     while(1) {}
  34              		.loc 1 123 0 discriminator 1
  35 0000 FEE7     		b	.L2
  36              		.cfi_endproc
  37              	.LFE3:
  38              		.size	CyClockStartupError, .-CyClockStartupError
  39 0002 00BF     		.section	.text.AnalogSetDefault,"ax",%progbits
  40              		.align	2
  41              		.thumb
  42              		.thumb_func
  43              		.type	AnalogSetDefault, %function
  44              	AnalogSetDefault:
  45              	.LFB5:
 124:.\Generated_Source\PSoC5/cyfitter_cfg.c **** }
 125:.\Generated_Source\PSoC5/cyfitter_cfg.c **** #endif
 126:.\Generated_Source\PSoC5/cyfitter_cfg.c **** 
ARM GAS  C:\Users\raytr\AppData\Local\Temp\ccYEAve2.s 			page 4


 127:.\Generated_Source\PSoC5/cyfitter_cfg.c **** 
 128:.\Generated_Source\PSoC5/cyfitter_cfg.c **** /*******************************************************************************
 129:.\Generated_Source\PSoC5/cyfitter_cfg.c **** * Function Name: ClockSetup
 130:.\Generated_Source\PSoC5/cyfitter_cfg.c **** ********************************************************************************
 131:.\Generated_Source\PSoC5/cyfitter_cfg.c **** *
 132:.\Generated_Source\PSoC5/cyfitter_cfg.c **** * Summary:
 133:.\Generated_Source\PSoC5/cyfitter_cfg.c **** *  Performs the initialization of all of the clocks in the device based on the
 134:.\Generated_Source\PSoC5/cyfitter_cfg.c **** *  settings in the Clock tab of the DWR.  This includes enabling the requested
 135:.\Generated_Source\PSoC5/cyfitter_cfg.c **** *  clocks and setting the necessary dividers to produce the desired frequency. 
 136:.\Generated_Source\PSoC5/cyfitter_cfg.c **** *
 137:.\Generated_Source\PSoC5/cyfitter_cfg.c **** * Parameters:
 138:.\Generated_Source\PSoC5/cyfitter_cfg.c **** *  void
 139:.\Generated_Source\PSoC5/cyfitter_cfg.c **** *
 140:.\Generated_Source\PSoC5/cyfitter_cfg.c **** * Return:
 141:.\Generated_Source\PSoC5/cyfitter_cfg.c **** *  void
 142:.\Generated_Source\PSoC5/cyfitter_cfg.c **** *
 143:.\Generated_Source\PSoC5/cyfitter_cfg.c **** *******************************************************************************/
 144:.\Generated_Source\PSoC5/cyfitter_cfg.c **** static void ClockSetup(void);
 145:.\Generated_Source\PSoC5/cyfitter_cfg.c **** static void ClockSetup(void)
 146:.\Generated_Source\PSoC5/cyfitter_cfg.c **** {
 147:.\Generated_Source\PSoC5/cyfitter_cfg.c **** 	uint32 timeout;
 148:.\Generated_Source\PSoC5/cyfitter_cfg.c **** 	uint8 pllLock;
 149:.\Generated_Source\PSoC5/cyfitter_cfg.c **** 
 150:.\Generated_Source\PSoC5/cyfitter_cfg.c **** 
 151:.\Generated_Source\PSoC5/cyfitter_cfg.c **** 	/* Configure ILO based on settings from Clock DWR */
 152:.\Generated_Source\PSoC5/cyfitter_cfg.c **** 	CY_SET_XTND_REG8((void CYFAR *)(CYREG_SLOWCLK_ILO_CR0), 0x02u);
 153:.\Generated_Source\PSoC5/cyfitter_cfg.c **** 	CY_SET_XTND_REG8((void CYFAR *)(CYREG_CLKDIST_CR), 0x08u);
 154:.\Generated_Source\PSoC5/cyfitter_cfg.c **** 
 155:.\Generated_Source\PSoC5/cyfitter_cfg.c **** 	/* Configure IMO based on settings from Clock DWR */
 156:.\Generated_Source\PSoC5/cyfitter_cfg.c **** 	CY_SET_XTND_REG8((void CYFAR *)(CYREG_FASTCLK_IMO_CR), 0x03u);
 157:.\Generated_Source\PSoC5/cyfitter_cfg.c **** 	CY_SET_XTND_REG8((void CYFAR *)(CYREG_IMO_TR1), (CY_GET_XTND_REG8((void CYFAR *)CYREG_FLSHID_CUST_
 158:.\Generated_Source\PSoC5/cyfitter_cfg.c **** 
 159:.\Generated_Source\PSoC5/cyfitter_cfg.c **** 	/* Configure PLL based on settings from Clock DWR */
 160:.\Generated_Source\PSoC5/cyfitter_cfg.c **** 	CY_SET_XTND_REG16((void CYFAR *)(CYREG_FASTCLK_PLL_P), 0x0008u);
 161:.\Generated_Source\PSoC5/cyfitter_cfg.c **** 	CY_SET_XTND_REG16((void CYFAR *)(CYREG_FASTCLK_PLL_CFG0), 0x1251u);
 162:.\Generated_Source\PSoC5/cyfitter_cfg.c **** 	/* Wait up to 250us for the PLL to lock */
 163:.\Generated_Source\PSoC5/cyfitter_cfg.c **** 	pllLock = 0u;
 164:.\Generated_Source\PSoC5/cyfitter_cfg.c **** 	for (timeout = 250u / 10u; (timeout > 0u) && (pllLock != 0x03u); timeout--)
 165:.\Generated_Source\PSoC5/cyfitter_cfg.c **** 	{ 
 166:.\Generated_Source\PSoC5/cyfitter_cfg.c **** 		pllLock = 0x03u & ((uint8)((uint8)pllLock << 1) | ((CY_GET_XTND_REG8((void CYFAR *)CYREG_FASTCLK_
 167:.\Generated_Source\PSoC5/cyfitter_cfg.c **** 		CyDelayCycles(10u * 48u); /* Delay 10us based on 48MHz clock */
 168:.\Generated_Source\PSoC5/cyfitter_cfg.c **** 	}
 169:.\Generated_Source\PSoC5/cyfitter_cfg.c **** 	/* If we ran out of time the PLL didn't lock so go to the error function */
 170:.\Generated_Source\PSoC5/cyfitter_cfg.c **** 	if (timeout == 0u)
 171:.\Generated_Source\PSoC5/cyfitter_cfg.c **** 	{
 172:.\Generated_Source\PSoC5/cyfitter_cfg.c **** 		CyClockStartupError(CYCLOCKSTART_PLL_ERROR);
 173:.\Generated_Source\PSoC5/cyfitter_cfg.c **** 	}
 174:.\Generated_Source\PSoC5/cyfitter_cfg.c **** 
 175:.\Generated_Source\PSoC5/cyfitter_cfg.c **** 	/* Configure Bus/Master Clock based on settings from Clock DWR */
 176:.\Generated_Source\PSoC5/cyfitter_cfg.c **** 	CY_SET_XTND_REG16((void CYFAR *)(CYREG_CLKDIST_MSTR0), 0x0100u);
 177:.\Generated_Source\PSoC5/cyfitter_cfg.c **** 	CY_SET_XTND_REG8((void CYFAR *)(CYREG_CLKDIST_MSTR0), 0x07u);
 178:.\Generated_Source\PSoC5/cyfitter_cfg.c **** 	CY_SET_XTND_REG8((void CYFAR *)(CYREG_CLKDIST_BCFG0), 0x00u);
 179:.\Generated_Source\PSoC5/cyfitter_cfg.c **** 	CY_SET_XTND_REG8((void CYFAR *)(CYREG_CLKDIST_BCFG2), 0x48u);
 180:.\Generated_Source\PSoC5/cyfitter_cfg.c **** 	CY_SET_XTND_REG8((void CYFAR *)(CYREG_CLKDIST_MSTR0), 0x00u);
 181:.\Generated_Source\PSoC5/cyfitter_cfg.c **** 	CY_SET_XTND_REG8((void CYFAR *)(CYREG_CLKDIST_LD), 0x02u);
 182:.\Generated_Source\PSoC5/cyfitter_cfg.c **** }
 183:.\Generated_Source\PSoC5/cyfitter_cfg.c **** 
ARM GAS  C:\Users\raytr\AppData\Local\Temp\ccYEAve2.s 			page 5


 184:.\Generated_Source\PSoC5/cyfitter_cfg.c **** 
 185:.\Generated_Source\PSoC5/cyfitter_cfg.c **** /* Analog API Functions */
 186:.\Generated_Source\PSoC5/cyfitter_cfg.c **** 
 187:.\Generated_Source\PSoC5/cyfitter_cfg.c **** 
 188:.\Generated_Source\PSoC5/cyfitter_cfg.c **** /*******************************************************************************
 189:.\Generated_Source\PSoC5/cyfitter_cfg.c **** * Function Name: AnalogSetDefault
 190:.\Generated_Source\PSoC5/cyfitter_cfg.c **** ********************************************************************************
 191:.\Generated_Source\PSoC5/cyfitter_cfg.c **** *
 192:.\Generated_Source\PSoC5/cyfitter_cfg.c **** * Summary:
 193:.\Generated_Source\PSoC5/cyfitter_cfg.c **** *  Sets up the analog portions of the chip to default values based on chip
 194:.\Generated_Source\PSoC5/cyfitter_cfg.c **** *  configuration options from the project.
 195:.\Generated_Source\PSoC5/cyfitter_cfg.c **** *
 196:.\Generated_Source\PSoC5/cyfitter_cfg.c **** * Parameters:
 197:.\Generated_Source\PSoC5/cyfitter_cfg.c **** *  void
 198:.\Generated_Source\PSoC5/cyfitter_cfg.c **** *
 199:.\Generated_Source\PSoC5/cyfitter_cfg.c **** * Return:
 200:.\Generated_Source\PSoC5/cyfitter_cfg.c **** *  void
 201:.\Generated_Source\PSoC5/cyfitter_cfg.c **** *
 202:.\Generated_Source\PSoC5/cyfitter_cfg.c **** *******************************************************************************/
 203:.\Generated_Source\PSoC5/cyfitter_cfg.c **** static void AnalogSetDefault(void);
 204:.\Generated_Source\PSoC5/cyfitter_cfg.c **** static void AnalogSetDefault(void)
 205:.\Generated_Source\PSoC5/cyfitter_cfg.c **** {
  46              		.loc 1 205 0
  47              		.cfi_startproc
  48              		@ args = 0, pretend = 0, frame = 0
  49              		@ frame_needed = 0, uses_anonymous_args = 0
  50              		@ link register save eliminated.
 206:.\Generated_Source\PSoC5/cyfitter_cfg.c **** 	uint8 bg_xover_inl_trim = CY_GET_XTND_REG8((void CYFAR *)(CYREG_FLSHID_MFG_CFG_BG_XOVER_INL_TRIM +
  51              		.loc 1 206 0
  52 0000 064B     		ldr	r3, .L4
  53 0002 1B78     		ldrb	r3, [r3]	@ zero_extendqisi2
  54 0004 DBB2     		uxtb	r3, r3
  55              	.LVL1:
 207:.\Generated_Source\PSoC5/cyfitter_cfg.c **** 	CY_SET_XTND_REG8((void CYFAR *)(CYREG_BG_DFT0), (bg_xover_inl_trim & 0x07u));
  56              		.loc 1 207 0
  57 0006 03F00701 		and	r1, r3, #7
  58 000a 054A     		ldr	r2, .L4+4
  59 000c 1170     		strb	r1, [r2]
 208:.\Generated_Source\PSoC5/cyfitter_cfg.c **** 	CY_SET_XTND_REG8((void CYFAR *)(CYREG_BG_DFT1), ((bg_xover_inl_trim >> 4) & 0x0Fu));
  60              		.loc 1 208 0
  61 000e 1B09     		lsrs	r3, r3, #4
  62              	.LVL2:
  63 0010 0132     		adds	r2, r2, #1
  64 0012 1370     		strb	r3, [r2]
 209:.\Generated_Source\PSoC5/cyfitter_cfg.c **** 	CY_SET_XTND_REG8((void CYFAR *)CYREG_PUMP_CR0, 0x44u);
  65              		.loc 1 209 0
  66 0014 4422     		movs	r2, #68
  67 0016 034B     		ldr	r3, .L4+8
  68 0018 1A70     		strb	r2, [r3]
  69 001a 7047     		bx	lr
  70              	.L5:
  71              		.align	2
  72              	.L4:
  73 001c CF010049 		.word	1224737231
  74 0020 6E580040 		.word	1073764462
  75 0024 76580040 		.word	1073764470
  76              		.cfi_endproc
ARM GAS  C:\Users\raytr\AppData\Local\Temp\ccYEAve2.s 			page 6


  77              	.LFE5:
  78              		.size	AnalogSetDefault, .-AnalogSetDefault
  79              		.section	.text.CYMEMZERO,"ax",%progbits
  80              		.align	2
  81              		.thumb
  82              		.thumb_func
  83              		.type	CYMEMZERO, %function
  84              	CYMEMZERO:
  85              	.LFB0:
  63:.\Generated_Source\PSoC5/cyfitter_cfg.c **** 	(void)memset(s, 0, n);
  86              		.loc 1 63 0
  87              		.cfi_startproc
  88              		@ args = 0, pretend = 0, frame = 0
  89              		@ frame_needed = 0, uses_anonymous_args = 0
  90              	.LVL3:
  91 0000 08B5     		push	{r3, lr}
  92              		.cfi_def_cfa_offset 8
  93              		.cfi_offset 3, -8
  94              		.cfi_offset 14, -4
  95 0002 0A46     		mov	r2, r1
  64:.\Generated_Source\PSoC5/cyfitter_cfg.c **** }
  96              		.loc 1 64 0
  97 0004 0021     		movs	r1, #0
  98              	.LVL4:
  99 0006 FFF7FEFF 		bl	memset
 100              	.LVL5:
 101 000a 08BD     		pop	{r3, pc}
 102              		.cfi_endproc
 103              	.LFE0:
 104              		.size	CYMEMZERO, .-CYMEMZERO
 105              		.section	.text.ClockSetup,"ax",%progbits
 106              		.align	2
 107              		.thumb
 108              		.thumb_func
 109              		.type	ClockSetup, %function
 110              	ClockSetup:
 111              	.LFB4:
 146:.\Generated_Source\PSoC5/cyfitter_cfg.c **** 	uint32 timeout;
 112              		.loc 1 146 0
 113              		.cfi_startproc
 114              		@ args = 0, pretend = 0, frame = 0
 115              		@ frame_needed = 0, uses_anonymous_args = 0
 116 0000 38B5     		push	{r3, r4, r5, lr}
 117              		.cfi_def_cfa_offset 16
 118              		.cfi_offset 3, -16
 119              		.cfi_offset 4, -12
 120              		.cfi_offset 5, -8
 121              		.cfi_offset 14, -4
 152:.\Generated_Source\PSoC5/cyfitter_cfg.c **** 	CY_SET_XTND_REG8((void CYFAR *)(CYREG_CLKDIST_CR), 0x08u);
 122              		.loc 1 152 0
 123 0002 0222     		movs	r2, #2
 124 0004 1E4B     		ldr	r3, .L14
 125 0006 1A70     		strb	r2, [r3]
 153:.\Generated_Source\PSoC5/cyfitter_cfg.c **** 
 126              		.loc 1 153 0
 127 0008 0822     		movs	r2, #8
 128 000a 4FF04023 		mov	r3, #1073758208
ARM GAS  C:\Users\raytr\AppData\Local\Temp\ccYEAve2.s 			page 7


 129 000e 1A70     		strb	r2, [r3]
 156:.\Generated_Source\PSoC5/cyfitter_cfg.c **** 	CY_SET_XTND_REG8((void CYFAR *)(CYREG_IMO_TR1), (CY_GET_XTND_REG8((void CYFAR *)CYREG_FLSHID_CUST_
 130              		.loc 1 156 0
 131 0010 0321     		movs	r1, #3
 132 0012 03F50073 		add	r3, r3, #512
 133 0016 1970     		strb	r1, [r3]
 157:.\Generated_Source\PSoC5/cyfitter_cfg.c **** 
 134              		.loc 1 157 0
 135 0018 1A4B     		ldr	r3, .L14+4
 136 001a 1B78     		ldrb	r3, [r3]	@ zero_extendqisi2
 137 001c DBB2     		uxtb	r3, r3
 138 001e 1A49     		ldr	r1, .L14+8
 139 0020 0B70     		strb	r3, [r1]
 160:.\Generated_Source\PSoC5/cyfitter_cfg.c **** 	CY_SET_XTND_REG16((void CYFAR *)(CYREG_FASTCLK_PLL_CFG0), 0x1251u);
 140              		.loc 1 160 0
 141 0022 1A4B     		ldr	r3, .L14+12
 142 0024 1A80     		strh	r2, [r3]	@ movhi
 161:.\Generated_Source\PSoC5/cyfitter_cfg.c **** 	/* Wait up to 250us for the PLL to lock */
 143              		.loc 1 161 0
 144 0026 41F25122 		movw	r2, #4689
 145 002a 023B     		subs	r3, r3, #2
 146 002c 1A80     		strh	r2, [r3]	@ movhi
 147              	.LVL6:
 163:.\Generated_Source\PSoC5/cyfitter_cfg.c **** 	for (timeout = 250u / 10u; (timeout > 0u) && (pllLock != 0x03u); timeout--)
 148              		.loc 1 163 0
 149 002e 0024     		movs	r4, #0
 164:.\Generated_Source\PSoC5/cyfitter_cfg.c **** 	{ 
 150              		.loc 1 164 0
 151 0030 1925     		movs	r5, #25
 152 0032 0CE0     		b	.L9
 153              	.LVL7:
 154              	.L11:
 166:.\Generated_Source\PSoC5/cyfitter_cfg.c **** 		CyDelayCycles(10u * 48u); /* Delay 10us based on 48MHz clock */
 155              		.loc 1 166 0 discriminator 4
 156 0034 164B     		ldr	r3, .L14+16
 157 0036 1B78     		ldrb	r3, [r3]	@ zero_extendqisi2
 158 0038 03F00103 		and	r3, r3, #1
 159 003c 43EA4404 		orr	r4, r3, r4, lsl #1
 160              	.LVL8:
 161 0040 04F00304 		and	r4, r4, #3
 162              	.LVL9:
 167:.\Generated_Source\PSoC5/cyfitter_cfg.c **** 	}
 163              		.loc 1 167 0 discriminator 4
 164 0044 4FF4F070 		mov	r0, #480
 165 0048 FFF7FEFF 		bl	CyDelayCycles
 166              	.LVL10:
 164:.\Generated_Source\PSoC5/cyfitter_cfg.c **** 	{ 
 167              		.loc 1 164 0 discriminator 4
 168 004c 013D     		subs	r5, r5, #1
 169              	.LVL11:
 170              	.L9:
 164:.\Generated_Source\PSoC5/cyfitter_cfg.c **** 	{ 
 171              		.loc 1 164 0 is_stmt 0 discriminator 1
 172 004e 0DB1     		cbz	r5, .L10
 164:.\Generated_Source\PSoC5/cyfitter_cfg.c **** 	{ 
 173              		.loc 1 164 0 discriminator 3
 174 0050 032C     		cmp	r4, #3
ARM GAS  C:\Users\raytr\AppData\Local\Temp\ccYEAve2.s 			page 8


 175 0052 EFD1     		bne	.L11
 176              	.L10:
 170:.\Generated_Source\PSoC5/cyfitter_cfg.c **** 	{
 177              		.loc 1 170 0 is_stmt 1
 178 0054 15B9     		cbnz	r5, .L12
 172:.\Generated_Source\PSoC5/cyfitter_cfg.c **** 	}
 179              		.loc 1 172 0
 180 0056 0320     		movs	r0, #3
 181 0058 FFF7FEFF 		bl	CyClockStartupError
 182              	.LVL12:
 183              	.L12:
 176:.\Generated_Source\PSoC5/cyfitter_cfg.c **** 	CY_SET_XTND_REG8((void CYFAR *)(CYREG_CLKDIST_MSTR0), 0x07u);
 184              		.loc 1 176 0
 185 005c 0D4B     		ldr	r3, .L14+20
 186 005e 4FF48072 		mov	r2, #256
 187 0062 1A80     		strh	r2, [r3]	@ movhi
 177:.\Generated_Source\PSoC5/cyfitter_cfg.c **** 	CY_SET_XTND_REG8((void CYFAR *)(CYREG_CLKDIST_BCFG0), 0x00u);
 188              		.loc 1 177 0
 189 0064 0722     		movs	r2, #7
 190 0066 1A70     		strb	r2, [r3]
 178:.\Generated_Source\PSoC5/cyfitter_cfg.c **** 	CY_SET_XTND_REG8((void CYFAR *)(CYREG_CLKDIST_BCFG2), 0x48u);
 191              		.loc 1 178 0
 192 0068 0022     		movs	r2, #0
 193 006a 0B49     		ldr	r1, .L14+24
 194 006c 0A70     		strb	r2, [r1]
 179:.\Generated_Source\PSoC5/cyfitter_cfg.c **** 	CY_SET_XTND_REG8((void CYFAR *)(CYREG_CLKDIST_MSTR0), 0x00u);
 195              		.loc 1 179 0
 196 006e 4820     		movs	r0, #72
 197 0070 0231     		adds	r1, r1, #2
 198 0072 0870     		strb	r0, [r1]
 180:.\Generated_Source\PSoC5/cyfitter_cfg.c **** 	CY_SET_XTND_REG8((void CYFAR *)(CYREG_CLKDIST_LD), 0x02u);
 199              		.loc 1 180 0
 200 0074 1A70     		strb	r2, [r3]
 181:.\Generated_Source\PSoC5/cyfitter_cfg.c **** }
 201              		.loc 1 181 0
 202 0076 0222     		movs	r2, #2
 203 0078 033B     		subs	r3, r3, #3
 204 007a 1A70     		strb	r2, [r3]
 205 007c 38BD     		pop	{r3, r4, r5, pc}
 206              	.LVL13:
 207              	.L15:
 208 007e 00BF     		.align	2
 209              	.L14:
 210 0080 00430040 		.word	1073758976
 211 0084 08010049 		.word	1224737032
 212 0088 A1460040 		.word	1073759905
 213 008c 22420040 		.word	1073758754
 214 0090 25420040 		.word	1073758757
 215 0094 04400040 		.word	1073758212
 216 0098 06400040 		.word	1073758214
 217              		.cfi_endproc
 218              	.LFE4:
 219              		.size	ClockSetup, .-ClockSetup
 220              		.section	.text.CYCONFIGCPY,"ax",%progbits
 221              		.align	2
 222              		.thumb
 223              		.thumb_func
ARM GAS  C:\Users\raytr\AppData\Local\Temp\ccYEAve2.s 			page 9


 224              		.type	CYCONFIGCPY, %function
 225              	CYCONFIGCPY:
 226              	.LFB1:
  70:.\Generated_Source\PSoC5/cyfitter_cfg.c **** 	(void)memcpy(dest, src, n);
 227              		.loc 1 70 0
 228              		.cfi_startproc
 229              		@ args = 0, pretend = 0, frame = 0
 230              		@ frame_needed = 0, uses_anonymous_args = 0
 231              	.LVL14:
 232 0000 08B5     		push	{r3, lr}
 233              		.cfi_def_cfa_offset 8
 234              		.cfi_offset 3, -8
 235              		.cfi_offset 14, -4
  71:.\Generated_Source\PSoC5/cyfitter_cfg.c **** }
 236              		.loc 1 71 0
 237 0002 FFF7FEFF 		bl	memcpy
 238              	.LVL15:
 239 0006 08BD     		pop	{r3, pc}
 240              		.cfi_endproc
 241              	.LFE1:
 242              		.size	CYCONFIGCPY, .-CYCONFIGCPY
 243              		.section	.text.SetAnalogRoutingPumps,"ax",%progbits
 244              		.align	2
 245              		.global	SetAnalogRoutingPumps
 246              		.thumb
 247              		.thumb_func
 248              		.type	SetAnalogRoutingPumps, %function
 249              	SetAnalogRoutingPumps:
 250              	.LFB6:
 210:.\Generated_Source\PSoC5/cyfitter_cfg.c **** }
 211:.\Generated_Source\PSoC5/cyfitter_cfg.c **** 
 212:.\Generated_Source\PSoC5/cyfitter_cfg.c **** 
 213:.\Generated_Source\PSoC5/cyfitter_cfg.c **** /*******************************************************************************
 214:.\Generated_Source\PSoC5/cyfitter_cfg.c **** * Function Name: SetAnalogRoutingPumps
 215:.\Generated_Source\PSoC5/cyfitter_cfg.c **** ********************************************************************************
 216:.\Generated_Source\PSoC5/cyfitter_cfg.c **** *
 217:.\Generated_Source\PSoC5/cyfitter_cfg.c **** * Summary:
 218:.\Generated_Source\PSoC5/cyfitter_cfg.c **** * Enables or disables the analog pumps feeding analog routing switches.
 219:.\Generated_Source\PSoC5/cyfitter_cfg.c **** * Intended to be called at startup, based on the Vdda system configuration;
 220:.\Generated_Source\PSoC5/cyfitter_cfg.c **** * may be called during operation when the user informs us that the Vdda voltage
 221:.\Generated_Source\PSoC5/cyfitter_cfg.c **** * crossed the pump threshold.
 222:.\Generated_Source\PSoC5/cyfitter_cfg.c **** *
 223:.\Generated_Source\PSoC5/cyfitter_cfg.c **** * Parameters:
 224:.\Generated_Source\PSoC5/cyfitter_cfg.c **** *  enabled - 1 to enable the pumps, 0 to disable the pumps
 225:.\Generated_Source\PSoC5/cyfitter_cfg.c **** *
 226:.\Generated_Source\PSoC5/cyfitter_cfg.c **** * Return:
 227:.\Generated_Source\PSoC5/cyfitter_cfg.c **** *  void
 228:.\Generated_Source\PSoC5/cyfitter_cfg.c **** *
 229:.\Generated_Source\PSoC5/cyfitter_cfg.c **** *******************************************************************************/
 230:.\Generated_Source\PSoC5/cyfitter_cfg.c **** void SetAnalogRoutingPumps(uint8 enabled)
 231:.\Generated_Source\PSoC5/cyfitter_cfg.c **** {
 251              		.loc 1 231 0
 252              		.cfi_startproc
 253              		@ args = 0, pretend = 0, frame = 0
 254              		@ frame_needed = 0, uses_anonymous_args = 0
 255              		@ link register save eliminated.
 256              	.LVL16:
ARM GAS  C:\Users\raytr\AppData\Local\Temp\ccYEAve2.s 			page 10


 232:.\Generated_Source\PSoC5/cyfitter_cfg.c **** 	uint8 regValue = CY_GET_XTND_REG8((void CYFAR *)CYREG_PUMP_CR0);
 257              		.loc 1 232 0
 258 0000 024A     		ldr	r2, .L19
 259 0002 1378     		ldrb	r3, [r2]	@ zero_extendqisi2
 260 0004 DBB2     		uxtb	r3, r3
 261              	.LVL17:
 233:.\Generated_Source\PSoC5/cyfitter_cfg.c **** 	if (enabled != 0u)
 234:.\Generated_Source\PSoC5/cyfitter_cfg.c **** 	{
 235:.\Generated_Source\PSoC5/cyfitter_cfg.c **** 		regValue |= 0x00u;
 236:.\Generated_Source\PSoC5/cyfitter_cfg.c **** 	}
 237:.\Generated_Source\PSoC5/cyfitter_cfg.c **** 	else
 238:.\Generated_Source\PSoC5/cyfitter_cfg.c **** 	{
 239:.\Generated_Source\PSoC5/cyfitter_cfg.c **** 		regValue &= (uint8)~0x00u;
 240:.\Generated_Source\PSoC5/cyfitter_cfg.c **** 	}
 241:.\Generated_Source\PSoC5/cyfitter_cfg.c **** 	CY_SET_XTND_REG8((void CYFAR *)CYREG_PUMP_CR0, regValue);
 262              		.loc 1 241 0
 263 0006 1370     		strb	r3, [r2]
 264 0008 7047     		bx	lr
 265              	.L20:
 266 000a 00BF     		.align	2
 267              	.L19:
 268 000c 76580040 		.word	1073764470
 269              		.cfi_endproc
 270              	.LFE6:
 271              		.size	SetAnalogRoutingPumps, .-SetAnalogRoutingPumps
 272              		.section	.text.cyfitter_cfg,"ax",%progbits
 273              		.align	2
 274              		.global	cyfitter_cfg
 275              		.thumb
 276              		.thumb_func
 277              		.type	cyfitter_cfg, %function
 278              	cyfitter_cfg:
 279              	.LFB7:
 242:.\Generated_Source\PSoC5/cyfitter_cfg.c **** }
 243:.\Generated_Source\PSoC5/cyfitter_cfg.c **** 
 244:.\Generated_Source\PSoC5/cyfitter_cfg.c **** #define CY_AMUX_UNUSED CYREG_BOOST_SR
 245:.\Generated_Source\PSoC5/cyfitter_cfg.c **** 
 246:.\Generated_Source\PSoC5/cyfitter_cfg.c **** 
 247:.\Generated_Source\PSoC5/cyfitter_cfg.c **** /*******************************************************************************
 248:.\Generated_Source\PSoC5/cyfitter_cfg.c **** * Function Name: cyfitter_cfg
 249:.\Generated_Source\PSoC5/cyfitter_cfg.c **** ********************************************************************************
 250:.\Generated_Source\PSoC5/cyfitter_cfg.c **** * Summary:
 251:.\Generated_Source\PSoC5/cyfitter_cfg.c **** *  This function is called by the start-up code for the selected device. It
 252:.\Generated_Source\PSoC5/cyfitter_cfg.c **** *  performs all of the necessary device configuration based on the design
 253:.\Generated_Source\PSoC5/cyfitter_cfg.c **** *  settings.  This includes settings from the Design Wide Resources (DWR) such
 254:.\Generated_Source\PSoC5/cyfitter_cfg.c **** *  as Clocks and Pins as well as any component configuration that is necessary.
 255:.\Generated_Source\PSoC5/cyfitter_cfg.c **** *
 256:.\Generated_Source\PSoC5/cyfitter_cfg.c **** * Parameters:  
 257:.\Generated_Source\PSoC5/cyfitter_cfg.c **** *   void
 258:.\Generated_Source\PSoC5/cyfitter_cfg.c **** *
 259:.\Generated_Source\PSoC5/cyfitter_cfg.c **** * Return:
 260:.\Generated_Source\PSoC5/cyfitter_cfg.c **** *   void
 261:.\Generated_Source\PSoC5/cyfitter_cfg.c **** *
 262:.\Generated_Source\PSoC5/cyfitter_cfg.c **** *******************************************************************************/
 263:.\Generated_Source\PSoC5/cyfitter_cfg.c **** 
 264:.\Generated_Source\PSoC5/cyfitter_cfg.c **** void cyfitter_cfg(void)
 265:.\Generated_Source\PSoC5/cyfitter_cfg.c **** {
ARM GAS  C:\Users\raytr\AppData\Local\Temp\ccYEAve2.s 			page 11


 280              		.loc 1 265 0
 281              		.cfi_startproc
 282              		@ args = 0, pretend = 0, frame = 0
 283              		@ frame_needed = 0, uses_anonymous_args = 0
 284 0000 38B5     		push	{r3, r4, r5, lr}
 285              		.cfi_def_cfa_offset 16
 286              		.cfi_offset 3, -16
 287              		.cfi_offset 4, -12
 288              		.cfi_offset 5, -8
 289              		.cfi_offset 14, -4
 266:.\Generated_Source\PSoC5/cyfitter_cfg.c **** #ifdef CYGlobalIntDisable
 267:.\Generated_Source\PSoC5/cyfitter_cfg.c **** 	/* Disable interrupts by default. Let user enable if/when they want. */
 268:.\Generated_Source\PSoC5/cyfitter_cfg.c **** 	CYGlobalIntDisable
 290              		.loc 1 268 0
 291              	@ 268 ".\Generated_Source\PSoC5\cyfitter_cfg.c" 1
 292 0002 72B6     		CPSID   i
 293              	@ 0 "" 2
 269:.\Generated_Source\PSoC5/cyfitter_cfg.c **** #endif
 270:.\Generated_Source\PSoC5/cyfitter_cfg.c **** 
 271:.\Generated_Source\PSoC5/cyfitter_cfg.c **** 	/* Enable/Disable Debug functionality based on settings from System DWR */
 272:.\Generated_Source\PSoC5/cyfitter_cfg.c **** 	CY_SET_XTND_REG8((void CYFAR *)CYREG_MLOGIC_DEBUG, (CY_GET_XTND_REG8((void CYFAR *)CYREG_MLOGIC_DE
 294              		.loc 1 272 0
 295              		.thumb
 296 0004 214A     		ldr	r2, .L25
 297 0006 1378     		ldrb	r3, [r2]	@ zero_extendqisi2
 298 0008 43F00403 		orr	r3, r3, #4
 299 000c 1370     		strb	r3, [r2]
 300              	.LVL18:
 301              	.LBB2:
 273:.\Generated_Source\PSoC5/cyfitter_cfg.c **** 
 274:.\Generated_Source\PSoC5/cyfitter_cfg.c **** 	{
 275:.\Generated_Source\PSoC5/cyfitter_cfg.c **** 
 276:.\Generated_Source\PSoC5/cyfitter_cfg.c **** 		CYPACKED typedef struct {
 277:.\Generated_Source\PSoC5/cyfitter_cfg.c **** 			void CYFAR *address;
 278:.\Generated_Source\PSoC5/cyfitter_cfg.c **** 			uint16 size;
 279:.\Generated_Source\PSoC5/cyfitter_cfg.c **** 		} CYPACKED_ATTR cfg_memset_t;
 280:.\Generated_Source\PSoC5/cyfitter_cfg.c **** 
 281:.\Generated_Source\PSoC5/cyfitter_cfg.c **** 		static const cfg_memset_t CYCODE cfg_memset_list [] = {
 282:.\Generated_Source\PSoC5/cyfitter_cfg.c **** 			/* address, size */
 283:.\Generated_Source\PSoC5/cyfitter_cfg.c **** 			{(void CYFAR *)(CYREG_PRT0_DR), 112u},
 284:.\Generated_Source\PSoC5/cyfitter_cfg.c **** 			{(void CYFAR *)(CYREG_PRT12_DR), 16u},
 285:.\Generated_Source\PSoC5/cyfitter_cfg.c **** 			{(void CYFAR *)(CYREG_PRT15_DR), 16u},
 286:.\Generated_Source\PSoC5/cyfitter_cfg.c **** 			{(void CYFAR *)(CYDEV_UCFG_B0_P0_U0_BASE), 4096u},
 287:.\Generated_Source\PSoC5/cyfitter_cfg.c **** 			{(void CYFAR *)(CYDEV_UCFG_B1_P2_U0_BASE), 2048u},
 288:.\Generated_Source\PSoC5/cyfitter_cfg.c **** 			{(void CYFAR *)(CYDEV_UCFG_DSI0_BASE), 2560u},
 289:.\Generated_Source\PSoC5/cyfitter_cfg.c **** 			{(void CYFAR *)(CYDEV_UCFG_DSI12_BASE), 512u},
 290:.\Generated_Source\PSoC5/cyfitter_cfg.c **** 			{(void CYFAR *)(CYREG_BCTL0_MDCLK_EN), 32u},
 291:.\Generated_Source\PSoC5/cyfitter_cfg.c **** 		};
 292:.\Generated_Source\PSoC5/cyfitter_cfg.c **** 
 293:.\Generated_Source\PSoC5/cyfitter_cfg.c **** 		uint8 CYDATA i;
 294:.\Generated_Source\PSoC5/cyfitter_cfg.c **** 
 295:.\Generated_Source\PSoC5/cyfitter_cfg.c **** 		/* Zero out critical memory blocks before beginning configuration */
 296:.\Generated_Source\PSoC5/cyfitter_cfg.c **** 		for (i = 0u; i < (sizeof(cfg_memset_list)/sizeof(cfg_memset_list[0])); i++)
 302              		.loc 1 296 0
 303 000e 0024     		movs	r4, #0
 304 0010 0CE0     		b	.L22
 305              	.LVL19:
ARM GAS  C:\Users\raytr\AppData\Local\Temp\ccYEAve2.s 			page 12


 306              	.L23:
 307              	.LBB3:
 297:.\Generated_Source\PSoC5/cyfitter_cfg.c **** 		{
 298:.\Generated_Source\PSoC5/cyfitter_cfg.c **** 			const cfg_memset_t CYCODE * CYDATA ms = &cfg_memset_list[i];
 299:.\Generated_Source\PSoC5/cyfitter_cfg.c **** 			CYMEMZERO(ms->address, (size_t)(uint32)(ms->size));
 308              		.loc 1 299 0 discriminator 3
 309 0012 1F49     		ldr	r1, .L25+4
 310 0014 6300     		lsls	r3, r4, #1
 311 0016 1A19     		adds	r2, r3, r4
 312 0018 5200     		lsls	r2, r2, #1
 313 001a 0A44     		add	r2, r2, r1
 314 001c 2344     		add	r3, r3, r4
 315 001e 5B00     		lsls	r3, r3, #1
 316 0020 C858     		ldr	r0, [r1, r3]	@ unaligned
 317 0022 9188     		ldrh	r1, [r2, #4]
 318 0024 FFF7FEFF 		bl	CYMEMZERO
 319              	.LVL20:
 320              	.LBE3:
 296:.\Generated_Source\PSoC5/cyfitter_cfg.c **** 		{
 321              		.loc 1 296 0 discriminator 3
 322 0028 0134     		adds	r4, r4, #1
 323              	.LVL21:
 324 002a E4B2     		uxtb	r4, r4
 325              	.LVL22:
 326              	.L22:
 296:.\Generated_Source\PSoC5/cyfitter_cfg.c **** 		{
 327              		.loc 1 296 0 is_stmt 0 discriminator 1
 328 002c 072C     		cmp	r4, #7
 329 002e F0D9     		bls	.L23
 300:.\Generated_Source\PSoC5/cyfitter_cfg.c **** 		}
 301:.\Generated_Source\PSoC5/cyfitter_cfg.c **** 
 302:.\Generated_Source\PSoC5/cyfitter_cfg.c **** 		/* Enable digital routing */
 303:.\Generated_Source\PSoC5/cyfitter_cfg.c **** 		CY_SET_XTND_REG8((void CYFAR *)CYREG_BCTL0_BANK_CTL, CY_GET_XTND_REG8((void CYFAR *)CYREG_BCTL0_B
 330              		.loc 1 303 0 is_stmt 1
 331 0030 184A     		ldr	r2, .L25+8
 332 0032 1378     		ldrb	r3, [r2]	@ zero_extendqisi2
 333 0034 43F00203 		orr	r3, r3, #2
 334 0038 1370     		strb	r3, [r2]
 304:.\Generated_Source\PSoC5/cyfitter_cfg.c **** 		CY_SET_XTND_REG8((void CYFAR *)CYREG_BCTL1_BANK_CTL, CY_GET_XTND_REG8((void CYFAR *)CYREG_BCTL1_B
 335              		.loc 1 304 0
 336 003a 1032     		adds	r2, r2, #16
 337 003c 1378     		ldrb	r3, [r2]	@ zero_extendqisi2
 338 003e 43F00203 		orr	r3, r3, #2
 339 0042 1370     		strb	r3, [r2]
 305:.\Generated_Source\PSoC5/cyfitter_cfg.c **** 
 306:.\Generated_Source\PSoC5/cyfitter_cfg.c **** 		/* Enable UDB array */
 307:.\Generated_Source\PSoC5/cyfitter_cfg.c **** 		CY_SET_XTND_REG8((void CYFAR *)CYREG_PM_ACT_CFG0, CY_GET_XTND_REG8((void CYFAR *)CYREG_PM_ACT_CFG
 340              		.loc 1 307 0
 341 0044 144C     		ldr	r4, .L25+12
 342              	.LVL23:
 343 0046 2378     		ldrb	r3, [r4]	@ zero_extendqisi2
 344 0048 43F04003 		orr	r3, r3, #64
 345 004c 2370     		strb	r3, [r4]
 308:.\Generated_Source\PSoC5/cyfitter_cfg.c **** 		CY_SET_XTND_REG8((void CYFAR *)CYREG_PM_AVAIL_CR2, CY_GET_XTND_REG8((void CYFAR *)CYREG_PM_AVAIL_
 346              		.loc 1 308 0
 347 004e A2F58632 		sub	r2, r2, #68608
 348 0052 513A     		subs	r2, r2, #81
ARM GAS  C:\Users\raytr\AppData\Local\Temp\ccYEAve2.s 			page 13


 349 0054 1378     		ldrb	r3, [r2]	@ zero_extendqisi2
 350 0056 43F01003 		orr	r3, r3, #16
 351 005a 1370     		strb	r3, [r2]
 352              	.LBE2:
 309:.\Generated_Source\PSoC5/cyfitter_cfg.c **** 	}
 310:.\Generated_Source\PSoC5/cyfitter_cfg.c **** 
 311:.\Generated_Source\PSoC5/cyfitter_cfg.c **** 	/* Switch Boost to the precision bandgap reference from its internal reference */
 312:.\Generated_Source\PSoC5/cyfitter_cfg.c **** 	CY_SET_REG8((void CYXDATA *)CYREG_BOOST_CR2, (CY_GET_REG8((void CYXDATA *)CYREG_BOOST_CR2) | 0x08u
 353              		.loc 1 312 0
 354 005c A03A     		subs	r2, r2, #160
 355 005e 1378     		ldrb	r3, [r2]	@ zero_extendqisi2
 356 0060 43F00803 		orr	r3, r3, #8
 357 0064 1370     		strb	r3, [r2]
 313:.\Generated_Source\PSoC5/cyfitter_cfg.c **** 
 314:.\Generated_Source\PSoC5/cyfitter_cfg.c **** 	/* Set Flash Cycles based on max possible frequency in case a glitch occurs during ClockSetup(). *
 315:.\Generated_Source\PSoC5/cyfitter_cfg.c **** 	CY_SET_XTND_REG8((void CYFAR *)(CYREG_CACHE_CC_CTL), (((CYDEV_INSTRUCT_CACHE_ENABLED) != 0) ? 0x61
 358              		.loc 1 315 0
 359 0066 0D4D     		ldr	r5, .L25+16
 360 0068 6123     		movs	r3, #97
 361 006a 2B70     		strb	r3, [r5]
 316:.\Generated_Source\PSoC5/cyfitter_cfg.c **** 	/* Setup clocks based on selections from Clock DWR */
 317:.\Generated_Source\PSoC5/cyfitter_cfg.c **** 	ClockSetup();
 362              		.loc 1 317 0
 363 006c FFF7FEFF 		bl	ClockSetup
 364              	.LVL24:
 318:.\Generated_Source\PSoC5/cyfitter_cfg.c **** 	/* Set Flash Cycles based on newly configured 24.00MHz Bus Clock. */
 319:.\Generated_Source\PSoC5/cyfitter_cfg.c **** 	CY_SET_XTND_REG8((void CYFAR *)(CYREG_CACHE_CC_CTL), (((CYDEV_INSTRUCT_CACHE_ENABLED) != 0) ? 0x81
 365              		.loc 1 319 0
 366 0070 8123     		movs	r3, #129
 367 0072 2B70     		strb	r3, [r5]
 320:.\Generated_Source\PSoC5/cyfitter_cfg.c **** 	CY_SET_XTND_REG8((void CYFAR *)(CYREG_PANTHER_WAITPIPE), 0x01u);
 368              		.loc 1 320 0
 369 0074 0122     		movs	r2, #1
 370 0076 0A4B     		ldr	r3, .L25+20
 371 0078 1A70     		strb	r2, [r3]
 321:.\Generated_Source\PSoC5/cyfitter_cfg.c **** 
 322:.\Generated_Source\PSoC5/cyfitter_cfg.c **** 	/* Perform basic analog initialization to defaults */
 323:.\Generated_Source\PSoC5/cyfitter_cfg.c **** 	AnalogSetDefault();
 372              		.loc 1 323 0
 373 007a FFF7FEFF 		bl	AnalogSetDefault
 374              	.LVL25:
 324:.\Generated_Source\PSoC5/cyfitter_cfg.c **** 
 325:.\Generated_Source\PSoC5/cyfitter_cfg.c **** 	/* Configure alternate active mode */
 326:.\Generated_Source\PSoC5/cyfitter_cfg.c **** 	CYCONFIGCPY((void CYFAR *)CYDEV_PM_STBY_BASE, (const void CYFAR *)CYDEV_PM_ACT_BASE, 14u);
 375              		.loc 1 326 0
 376 007e 0948     		ldr	r0, .L25+24
 377 0080 2146     		mov	r1, r4
 378 0082 0E22     		movs	r2, #14
 379 0084 FFF7FEFF 		bl	CYCONFIGCPY
 380              	.LVL26:
 381 0088 38BD     		pop	{r3, r4, r5, pc}
 382              	.L26:
 383 008a 00BF     		.align	2
 384              	.L25:
 385 008c E8460040 		.word	1073759976
 386 0090 00000000 		.word	.LANCHOR0
 387 0094 03500140 		.word	1073827843
ARM GAS  C:\Users\raytr\AppData\Local\Temp\ccYEAve2.s 			page 14


 388 0098 A0430040 		.word	1073759136
 389 009c 00480040 		.word	1073760256
 390 00a0 04000840 		.word	1074266116
 391 00a4 B0430040 		.word	1073759152
 392              		.cfi_endproc
 393              	.LFE7:
 394              		.size	cyfitter_cfg, .-cyfitter_cfg
 395              		.section	.rodata
 396              		.align	2
 397              		.set	.LANCHOR0,. + 0
 398              		.type	cfg_memset_list.4859, %object
 399              		.size	cfg_memset_list.4859, 48
 400              	cfg_memset_list.4859:
 401 0000 00510040 		.word	1073762560
 402 0004 7000     		.short	112
 403 0006 C0510040 		.4byte	1073762752
 404 000a 1000     		.short	16
 405 000c F0510040 		.word	1073762800
 406 0010 1000     		.short	16
 407 0012 00000140 		.4byte	1073807360
 408 0016 0010     		.short	4096
 409 0018 00140140 		.word	1073812480
 410 001c 0008     		.short	2048
 411 001e 00400140 		.4byte	1073823744
 412 0022 000A     		.short	2560
 413 0024 004C0140 		.word	1073826816
 414 0028 0002     		.short	512
 415 002a 00500140 		.4byte	1073827840
 416 002e 2000     		.short	32
 417              		.text
 418              	.Letext0:
 419              		.file 2 "c:\\program files (x86)\\cypress\\psoc creator\\3.3\\psoc creator\\import\\gnu\\arm\\4.9.
 420              		.file 3 ".\\Generated_Source\\PSoC5\\cytypes.h"
 421              		.file 4 ".\\Generated_Source\\PSoC5\\CyLib.h"
 422              		.section	.debug_info,"",%progbits
 423              	.Ldebug_info0:
 424 0000 89030000 		.4byte	0x389
 425 0004 0400     		.2byte	0x4
 426 0006 00000000 		.4byte	.Ldebug_abbrev0
 427 000a 04       		.byte	0x4
 428 000b 01       		.uleb128 0x1
 429 000c 37010000 		.4byte	.LASF39
 430 0010 01       		.byte	0x1
 431 0011 26020000 		.4byte	.LASF40
 432 0015 CB000000 		.4byte	.LASF41
 433 0019 00000000 		.4byte	.Ldebug_ranges0+0
 434 001d 00000000 		.4byte	0
 435 0021 00000000 		.4byte	.Ldebug_line0
 436 0025 02       		.uleb128 0x2
 437 0026 04       		.byte	0x4
 438 0027 05       		.byte	0x5
 439 0028 696E7400 		.ascii	"int\000"
 440 002c 03       		.uleb128 0x3
 441 002d 14000000 		.4byte	.LASF11
 442 0031 02       		.byte	0x2
 443 0032 D4       		.byte	0xd4
 444 0033 37000000 		.4byte	0x37
ARM GAS  C:\Users\raytr\AppData\Local\Temp\ccYEAve2.s 			page 15


 445 0037 04       		.uleb128 0x4
 446 0038 04       		.byte	0x4
 447 0039 07       		.byte	0x7
 448 003a C5010000 		.4byte	.LASF0
 449 003e 04       		.uleb128 0x4
 450 003f 01       		.byte	0x1
 451 0040 06       		.byte	0x6
 452 0041 76020000 		.4byte	.LASF1
 453 0045 04       		.uleb128 0x4
 454 0046 01       		.byte	0x1
 455 0047 08       		.byte	0x8
 456 0048 F6000000 		.4byte	.LASF2
 457 004c 04       		.uleb128 0x4
 458 004d 02       		.byte	0x2
 459 004e 05       		.byte	0x5
 460 004f 1C020000 		.4byte	.LASF3
 461 0053 04       		.uleb128 0x4
 462 0054 02       		.byte	0x2
 463 0055 07       		.byte	0x7
 464 0056 4F000000 		.4byte	.LASF4
 465 005a 04       		.uleb128 0x4
 466 005b 04       		.byte	0x4
 467 005c 05       		.byte	0x5
 468 005d 56020000 		.4byte	.LASF5
 469 0061 04       		.uleb128 0x4
 470 0062 04       		.byte	0x4
 471 0063 07       		.byte	0x7
 472 0064 93000000 		.4byte	.LASF6
 473 0068 04       		.uleb128 0x4
 474 0069 08       		.byte	0x8
 475 006a 05       		.byte	0x5
 476 006b 07020000 		.4byte	.LASF7
 477 006f 04       		.uleb128 0x4
 478 0070 08       		.byte	0x8
 479 0071 07       		.byte	0x7
 480 0072 DA010000 		.4byte	.LASF8
 481 0076 04       		.uleb128 0x4
 482 0077 04       		.byte	0x4
 483 0078 07       		.byte	0x7
 484 0079 FE010000 		.4byte	.LASF9
 485 007d 05       		.uleb128 0x5
 486 007e 04       		.byte	0x4
 487 007f 04       		.uleb128 0x4
 488 0080 01       		.byte	0x1
 489 0081 08       		.byte	0x8
 490 0082 5F020000 		.4byte	.LASF10
 491 0086 06       		.uleb128 0x6
 492 0087 A5000000 		.4byte	.LASF12
 493 008b 03       		.byte	0x3
 494 008c 9201     		.2byte	0x192
 495 008e 45000000 		.4byte	0x45
 496 0092 06       		.uleb128 0x6
 497 0093 1F010000 		.4byte	.LASF13
 498 0097 03       		.byte	0x3
 499 0098 9301     		.2byte	0x193
 500 009a 53000000 		.4byte	0x53
 501 009e 06       		.uleb128 0x6
ARM GAS  C:\Users\raytr\AppData\Local\Temp\ccYEAve2.s 			page 16


 502 009f 30010000 		.4byte	.LASF14
 503 00a3 03       		.byte	0x3
 504 00a4 9401     		.2byte	0x194
 505 00a6 61000000 		.4byte	0x61
 506 00aa 04       		.uleb128 0x4
 507 00ab 04       		.byte	0x4
 508 00ac 04       		.byte	0x4
 509 00ad 6A000000 		.4byte	.LASF15
 510 00b1 04       		.uleb128 0x4
 511 00b2 08       		.byte	0x8
 512 00b3 04       		.byte	0x4
 513 00b4 0B010000 		.4byte	.LASF16
 514 00b8 06       		.uleb128 0x6
 515 00b9 8E000000 		.4byte	.LASF17
 516 00bd 03       		.byte	0x3
 517 00be 3C02     		.2byte	0x23c
 518 00c0 C4000000 		.4byte	0xc4
 519 00c4 07       		.uleb128 0x7
 520 00c5 86000000 		.4byte	0x86
 521 00c9 06       		.uleb128 0x6
 522 00ca 00000000 		.4byte	.LASF18
 523 00ce 03       		.byte	0x3
 524 00cf 3D02     		.2byte	0x23d
 525 00d1 D5000000 		.4byte	0xd5
 526 00d5 07       		.uleb128 0x7
 527 00d6 92000000 		.4byte	0x92
 528 00da 08       		.uleb128 0x8
 529 00db 70000000 		.4byte	.LASF19
 530 00df 01       		.byte	0x1
 531 00e0 6C       		.byte	0x6c
 532 00e1 00000000 		.4byte	.LFB3
 533 00e5 02000000 		.4byte	.LFE3-.LFB3
 534 00e9 01       		.uleb128 0x1
 535 00ea 9C       		.byte	0x9c
 536 00eb FD000000 		.4byte	0xfd
 537 00ef 09       		.uleb128 0x9
 538 00f0 26010000 		.4byte	.LASF22
 539 00f4 01       		.byte	0x1
 540 00f5 6C       		.byte	0x6c
 541 00f6 86000000 		.4byte	0x86
 542 00fa 01       		.uleb128 0x1
 543 00fb 50       		.byte	0x50
 544 00fc 00       		.byte	0
 545 00fd 08       		.uleb128 0x8
 546 00fe 1B000000 		.4byte	.LASF20
 547 0102 01       		.byte	0x1
 548 0103 CC       		.byte	0xcc
 549 0104 00000000 		.4byte	.LFB5
 550 0108 28000000 		.4byte	.LFE5-.LFB5
 551 010c 01       		.uleb128 0x1
 552 010d 9C       		.byte	0x9c
 553 010e 22010000 		.4byte	0x122
 554 0112 0A       		.uleb128 0xa
 555 0113 64020000 		.4byte	.LASF24
 556 0117 01       		.byte	0x1
 557 0118 CE       		.byte	0xce
 558 0119 86000000 		.4byte	0x86
ARM GAS  C:\Users\raytr\AppData\Local\Temp\ccYEAve2.s 			page 17


 559 011d 00000000 		.4byte	.LLST0
 560 0121 00       		.byte	0
 561 0122 08       		.uleb128 0x8
 562 0123 AB000000 		.4byte	.LASF21
 563 0127 01       		.byte	0x1
 564 0128 3E       		.byte	0x3e
 565 0129 00000000 		.4byte	.LFB0
 566 012d 0C000000 		.4byte	.LFE0-.LFB0
 567 0131 01       		.uleb128 0x1
 568 0132 9C       		.byte	0x9c
 569 0133 6F010000 		.4byte	0x16f
 570 0137 0B       		.uleb128 0xb
 571 0138 7300     		.ascii	"s\000"
 572 013a 01       		.byte	0x1
 573 013b 3E       		.byte	0x3e
 574 013c 7D000000 		.4byte	0x7d
 575 0140 13000000 		.4byte	.LLST1
 576 0144 0B       		.uleb128 0xb
 577 0145 6E00     		.ascii	"n\000"
 578 0147 01       		.byte	0x1
 579 0148 3E       		.byte	0x3e
 580 0149 2C000000 		.4byte	0x2c
 581 014d 34000000 		.4byte	.LLST2
 582 0151 0C       		.uleb128 0xc
 583 0152 0A000000 		.4byte	.LVL5
 584 0156 45030000 		.4byte	0x345
 585 015a 0D       		.uleb128 0xd
 586 015b 01       		.uleb128 0x1
 587 015c 52       		.byte	0x52
 588 015d 03       		.uleb128 0x3
 589 015e F3       		.byte	0xf3
 590 015f 01       		.uleb128 0x1
 591 0160 51       		.byte	0x51
 592 0161 0D       		.uleb128 0xd
 593 0162 01       		.uleb128 0x1
 594 0163 51       		.byte	0x51
 595 0164 01       		.uleb128 0x1
 596 0165 30       		.byte	0x30
 597 0166 0D       		.uleb128 0xd
 598 0167 01       		.uleb128 0x1
 599 0168 50       		.byte	0x50
 600 0169 03       		.uleb128 0x3
 601 016a F3       		.byte	0xf3
 602 016b 01       		.uleb128 0x1
 603 016c 50       		.byte	0x50
 604 016d 00       		.byte	0
 605 016e 00       		.byte	0
 606 016f 08       		.uleb128 0x8
 607 0170 44000000 		.4byte	.LASF23
 608 0174 01       		.byte	0x1
 609 0175 91       		.byte	0x91
 610 0176 00000000 		.4byte	.LFB4
 611 017a 9C000000 		.4byte	.LFE4-.LFB4
 612 017e 01       		.uleb128 0x1
 613 017f 9C       		.byte	0x9c
 614 0180 C7010000 		.4byte	0x1c7
 615 0184 0A       		.uleb128 0xa
ARM GAS  C:\Users\raytr\AppData\Local\Temp\ccYEAve2.s 			page 18


 616 0185 2C000000 		.4byte	.LASF25
 617 0189 01       		.byte	0x1
 618 018a 93       		.byte	0x93
 619 018b 9E000000 		.4byte	0x9e
 620 018f 60000000 		.4byte	.LLST3
 621 0193 0A       		.uleb128 0xa
 622 0194 62000000 		.4byte	.LASF26
 623 0198 01       		.byte	0x1
 624 0199 94       		.byte	0x94
 625 019a 86000000 		.4byte	0x86
 626 019e 7F000000 		.4byte	.LLST4
 627 01a2 0E       		.uleb128 0xe
 628 01a3 4C000000 		.4byte	.LVL10
 629 01a7 62030000 		.4byte	0x362
 630 01ab B7010000 		.4byte	0x1b7
 631 01af 0D       		.uleb128 0xd
 632 01b0 01       		.uleb128 0x1
 633 01b1 50       		.byte	0x50
 634 01b2 03       		.uleb128 0x3
 635 01b3 0A       		.byte	0xa
 636 01b4 E001     		.2byte	0x1e0
 637 01b6 00       		.byte	0
 638 01b7 0C       		.uleb128 0xc
 639 01b8 5C000000 		.4byte	.LVL12
 640 01bc DA000000 		.4byte	0xda
 641 01c0 0D       		.uleb128 0xd
 642 01c1 01       		.uleb128 0x1
 643 01c2 50       		.byte	0x50
 644 01c3 01       		.uleb128 0x1
 645 01c4 33       		.byte	0x33
 646 01c5 00       		.byte	0
 647 01c6 00       		.byte	0
 648 01c7 08       		.uleb128 0x8
 649 01c8 8B020000 		.4byte	.LASF27
 650 01cc 01       		.byte	0x1
 651 01cd 45       		.byte	0x45
 652 01ce 00000000 		.4byte	.LFB1
 653 01d2 08000000 		.4byte	.LFE1-.LFB1
 654 01d6 01       		.uleb128 0x1
 655 01d7 9C       		.byte	0x9c
 656 01d8 27020000 		.4byte	0x227
 657 01dc 0F       		.uleb128 0xf
 658 01dd 84000000 		.4byte	.LASF28
 659 01e1 01       		.byte	0x1
 660 01e2 45       		.byte	0x45
 661 01e3 7D000000 		.4byte	0x7d
 662 01e7 A9000000 		.4byte	.LLST5
 663 01eb 0B       		.uleb128 0xb
 664 01ec 73726300 		.ascii	"src\000"
 665 01f0 01       		.byte	0x1
 666 01f1 45       		.byte	0x45
 667 01f2 27020000 		.4byte	0x227
 668 01f6 CA000000 		.4byte	.LLST6
 669 01fa 0B       		.uleb128 0xb
 670 01fb 6E00     		.ascii	"n\000"
 671 01fd 01       		.byte	0x1
 672 01fe 45       		.byte	0x45
ARM GAS  C:\Users\raytr\AppData\Local\Temp\ccYEAve2.s 			page 19


 673 01ff 2C000000 		.4byte	0x2c
 674 0203 EB000000 		.4byte	.LLST7
 675 0207 0C       		.uleb128 0xc
 676 0208 06000000 		.4byte	.LVL15
 677 020c 73030000 		.4byte	0x373
 678 0210 0D       		.uleb128 0xd
 679 0211 01       		.uleb128 0x1
 680 0212 52       		.byte	0x52
 681 0213 03       		.uleb128 0x3
 682 0214 F3       		.byte	0xf3
 683 0215 01       		.uleb128 0x1
 684 0216 52       		.byte	0x52
 685 0217 0D       		.uleb128 0xd
 686 0218 01       		.uleb128 0x1
 687 0219 51       		.byte	0x51
 688 021a 03       		.uleb128 0x3
 689 021b F3       		.byte	0xf3
 690 021c 01       		.uleb128 0x1
 691 021d 51       		.byte	0x51
 692 021e 0D       		.uleb128 0xd
 693 021f 01       		.uleb128 0x1
 694 0220 50       		.byte	0x50
 695 0221 03       		.uleb128 0x3
 696 0222 F3       		.byte	0xf3
 697 0223 01       		.uleb128 0x1
 698 0224 50       		.byte	0x50
 699 0225 00       		.byte	0
 700 0226 00       		.byte	0
 701 0227 10       		.uleb128 0x10
 702 0228 04       		.byte	0x4
 703 0229 2D020000 		.4byte	0x22d
 704 022d 11       		.uleb128 0x11
 705 022e 12       		.uleb128 0x12
 706 022f B5000000 		.4byte	.LASF31
 707 0233 01       		.byte	0x1
 708 0234 E6       		.byte	0xe6
 709 0235 00000000 		.4byte	.LFB6
 710 0239 10000000 		.4byte	.LFE6-.LFB6
 711 023d 01       		.uleb128 0x1
 712 023e 9C       		.byte	0x9c
 713 023f 5E020000 		.4byte	0x25e
 714 0243 09       		.uleb128 0x9
 715 0244 4E020000 		.4byte	.LASF29
 716 0248 01       		.byte	0x1
 717 0249 E6       		.byte	0xe6
 718 024a 86000000 		.4byte	0x86
 719 024e 01       		.uleb128 0x1
 720 024f 50       		.byte	0x50
 721 0250 13       		.uleb128 0x13
 722 0251 82020000 		.4byte	.LASF30
 723 0255 01       		.byte	0x1
 724 0256 E8       		.byte	0xe8
 725 0257 86000000 		.4byte	0x86
 726 025b 01       		.uleb128 0x1
 727 025c 53       		.byte	0x53
 728 025d 00       		.byte	0
 729 025e 14       		.uleb128 0x14
ARM GAS  C:\Users\raytr\AppData\Local\Temp\ccYEAve2.s 			page 20


 730 025f 12010000 		.4byte	.LASF32
 731 0263 01       		.byte	0x1
 732 0264 0801     		.2byte	0x108
 733 0266 00000000 		.4byte	.LFB7
 734 026a A8000000 		.4byte	.LFE7-.LFB7
 735 026e 01       		.uleb128 0x1
 736 026f 9C       		.byte	0x9c
 737 0270 45030000 		.4byte	0x345
 738 0274 15       		.uleb128 0x15
 739 0275 0E000000 		.4byte	.LBB2
 740 0279 4E000000 		.4byte	.LBE2-.LBB2
 741 027d 14030000 		.4byte	0x314
 742 0281 16       		.uleb128 0x16
 743 0282 06       		.byte	0x6
 744 0283 01       		.byte	0x1
 745 0284 1401     		.2byte	0x114
 746 0286 A5020000 		.4byte	0x2a5
 747 028a 17       		.uleb128 0x17
 748 028b D2010000 		.4byte	.LASF33
 749 028f 01       		.byte	0x1
 750 0290 1501     		.2byte	0x115
 751 0292 7D000000 		.4byte	0x7d
 752 0296 00       		.byte	0
 753 0297 17       		.uleb128 0x17
 754 0298 89000000 		.4byte	.LASF34
 755 029c 01       		.byte	0x1
 756 029d 1601     		.2byte	0x116
 757 029f 92000000 		.4byte	0x92
 758 02a3 04       		.byte	0x4
 759 02a4 00       		.byte	0
 760 02a5 06       		.uleb128 0x6
 761 02a6 F1010000 		.4byte	.LASF35
 762 02aa 01       		.byte	0x1
 763 02ab 1701     		.2byte	0x117
 764 02ad 81020000 		.4byte	0x281
 765 02b1 18       		.uleb128 0x18
 766 02b2 A5020000 		.4byte	0x2a5
 767 02b6 C1020000 		.4byte	0x2c1
 768 02ba 19       		.uleb128 0x19
 769 02bb 76000000 		.4byte	0x76
 770 02bf 07       		.byte	0x7
 771 02c0 00       		.byte	0
 772 02c1 1A       		.uleb128 0x1a
 773 02c2 34000000 		.4byte	.LASF36
 774 02c6 01       		.byte	0x1
 775 02c7 1901     		.2byte	0x119
 776 02c9 D3020000 		.4byte	0x2d3
 777 02cd 05       		.uleb128 0x5
 778 02ce 03       		.byte	0x3
 779 02cf 00000000 		.4byte	cfg_memset_list.4859
 780 02d3 1B       		.uleb128 0x1b
 781 02d4 B1020000 		.4byte	0x2b1
 782 02d8 1C       		.uleb128 0x1c
 783 02d9 6900     		.ascii	"i\000"
 784 02db 01       		.byte	0x1
 785 02dc 2501     		.2byte	0x125
 786 02de 86000000 		.4byte	0x86
ARM GAS  C:\Users\raytr\AppData\Local\Temp\ccYEAve2.s 			page 21


 787 02e2 0C010000 		.4byte	.LLST8
 788 02e6 1D       		.uleb128 0x1d
 789 02e7 12000000 		.4byte	.LBB3
 790 02eb 16000000 		.4byte	.LBE3-.LBB3
 791 02ef 1C       		.uleb128 0x1c
 792 02f0 6D7300   		.ascii	"ms\000"
 793 02f3 01       		.byte	0x1
 794 02f4 2A01     		.2byte	0x12a
 795 02f6 FE020000 		.4byte	0x2fe
 796 02fa 36010000 		.4byte	.LLST9
 797 02fe 10       		.uleb128 0x10
 798 02ff 04       		.byte	0x4
 799 0300 04030000 		.4byte	0x304
 800 0304 1B       		.uleb128 0x1b
 801 0305 A5020000 		.4byte	0x2a5
 802 0309 1E       		.uleb128 0x1e
 803 030a 28000000 		.4byte	.LVL20
 804 030e 22010000 		.4byte	0x122
 805 0312 00       		.byte	0
 806 0313 00       		.byte	0
 807 0314 1E       		.uleb128 0x1e
 808 0315 70000000 		.4byte	.LVL24
 809 0319 6F010000 		.4byte	0x16f
 810 031d 1E       		.uleb128 0x1e
 811 031e 7E000000 		.4byte	.LVL25
 812 0322 FD000000 		.4byte	0xfd
 813 0326 0C       		.uleb128 0xc
 814 0327 88000000 		.4byte	.LVL26
 815 032b C7010000 		.4byte	0x1c7
 816 032f 0D       		.uleb128 0xd
 817 0330 01       		.uleb128 0x1
 818 0331 52       		.byte	0x52
 819 0332 01       		.uleb128 0x1
 820 0333 3E       		.byte	0x3e
 821 0334 0D       		.uleb128 0xd
 822 0335 01       		.uleb128 0x1
 823 0336 51       		.byte	0x51
 824 0337 02       		.uleb128 0x2
 825 0338 74       		.byte	0x74
 826 0339 00       		.sleb128 0
 827 033a 0D       		.uleb128 0xd
 828 033b 01       		.uleb128 0x1
 829 033c 50       		.byte	0x50
 830 033d 05       		.uleb128 0x5
 831 033e 0C       		.byte	0xc
 832 033f B0430040 		.4byte	0x400043b0
 833 0343 00       		.byte	0
 834 0344 00       		.byte	0
 835 0345 1F       		.uleb128 0x1f
 836 0346 04010000 		.4byte	.LASF37
 837 034a 7D000000 		.4byte	0x7d
 838 034e 62030000 		.4byte	0x362
 839 0352 20       		.uleb128 0x20
 840 0353 7D000000 		.4byte	0x7d
 841 0357 20       		.uleb128 0x20
 842 0358 25000000 		.4byte	0x25
 843 035c 20       		.uleb128 0x20
ARM GAS  C:\Users\raytr\AppData\Local\Temp\ccYEAve2.s 			page 22


 844 035d 76000000 		.4byte	0x76
 845 0361 00       		.byte	0
 846 0362 21       		.uleb128 0x21
 847 0363 06000000 		.4byte	.LASF38
 848 0367 04       		.byte	0x4
 849 0368 79       		.byte	0x79
 850 0369 73030000 		.4byte	0x373
 851 036d 20       		.uleb128 0x20
 852 036e 9E000000 		.4byte	0x9e
 853 0372 00       		.byte	0
 854 0373 22       		.uleb128 0x22
 855 0374 15020000 		.4byte	.LASF42
 856 0378 7D000000 		.4byte	0x7d
 857 037c 20       		.uleb128 0x20
 858 037d 7D000000 		.4byte	0x7d
 859 0381 20       		.uleb128 0x20
 860 0382 27020000 		.4byte	0x227
 861 0386 20       		.uleb128 0x20
 862 0387 76000000 		.4byte	0x76
 863 038b 00       		.byte	0
 864 038c 00       		.byte	0
 865              		.section	.debug_abbrev,"",%progbits
 866              	.Ldebug_abbrev0:
 867 0000 01       		.uleb128 0x1
 868 0001 11       		.uleb128 0x11
 869 0002 01       		.byte	0x1
 870 0003 25       		.uleb128 0x25
 871 0004 0E       		.uleb128 0xe
 872 0005 13       		.uleb128 0x13
 873 0006 0B       		.uleb128 0xb
 874 0007 03       		.uleb128 0x3
 875 0008 0E       		.uleb128 0xe
 876 0009 1B       		.uleb128 0x1b
 877 000a 0E       		.uleb128 0xe
 878 000b 55       		.uleb128 0x55
 879 000c 17       		.uleb128 0x17
 880 000d 11       		.uleb128 0x11
 881 000e 01       		.uleb128 0x1
 882 000f 10       		.uleb128 0x10
 883 0010 17       		.uleb128 0x17
 884 0011 00       		.byte	0
 885 0012 00       		.byte	0
 886 0013 02       		.uleb128 0x2
 887 0014 24       		.uleb128 0x24
 888 0015 00       		.byte	0
 889 0016 0B       		.uleb128 0xb
 890 0017 0B       		.uleb128 0xb
 891 0018 3E       		.uleb128 0x3e
 892 0019 0B       		.uleb128 0xb
 893 001a 03       		.uleb128 0x3
 894 001b 08       		.uleb128 0x8
 895 001c 00       		.byte	0
 896 001d 00       		.byte	0
 897 001e 03       		.uleb128 0x3
 898 001f 16       		.uleb128 0x16
 899 0020 00       		.byte	0
 900 0021 03       		.uleb128 0x3
ARM GAS  C:\Users\raytr\AppData\Local\Temp\ccYEAve2.s 			page 23


 901 0022 0E       		.uleb128 0xe
 902 0023 3A       		.uleb128 0x3a
 903 0024 0B       		.uleb128 0xb
 904 0025 3B       		.uleb128 0x3b
 905 0026 0B       		.uleb128 0xb
 906 0027 49       		.uleb128 0x49
 907 0028 13       		.uleb128 0x13
 908 0029 00       		.byte	0
 909 002a 00       		.byte	0
 910 002b 04       		.uleb128 0x4
 911 002c 24       		.uleb128 0x24
 912 002d 00       		.byte	0
 913 002e 0B       		.uleb128 0xb
 914 002f 0B       		.uleb128 0xb
 915 0030 3E       		.uleb128 0x3e
 916 0031 0B       		.uleb128 0xb
 917 0032 03       		.uleb128 0x3
 918 0033 0E       		.uleb128 0xe
 919 0034 00       		.byte	0
 920 0035 00       		.byte	0
 921 0036 05       		.uleb128 0x5
 922 0037 0F       		.uleb128 0xf
 923 0038 00       		.byte	0
 924 0039 0B       		.uleb128 0xb
 925 003a 0B       		.uleb128 0xb
 926 003b 00       		.byte	0
 927 003c 00       		.byte	0
 928 003d 06       		.uleb128 0x6
 929 003e 16       		.uleb128 0x16
 930 003f 00       		.byte	0
 931 0040 03       		.uleb128 0x3
 932 0041 0E       		.uleb128 0xe
 933 0042 3A       		.uleb128 0x3a
 934 0043 0B       		.uleb128 0xb
 935 0044 3B       		.uleb128 0x3b
 936 0045 05       		.uleb128 0x5
 937 0046 49       		.uleb128 0x49
 938 0047 13       		.uleb128 0x13
 939 0048 00       		.byte	0
 940 0049 00       		.byte	0
 941 004a 07       		.uleb128 0x7
 942 004b 35       		.uleb128 0x35
 943 004c 00       		.byte	0
 944 004d 49       		.uleb128 0x49
 945 004e 13       		.uleb128 0x13
 946 004f 00       		.byte	0
 947 0050 00       		.byte	0
 948 0051 08       		.uleb128 0x8
 949 0052 2E       		.uleb128 0x2e
 950 0053 01       		.byte	0x1
 951 0054 03       		.uleb128 0x3
 952 0055 0E       		.uleb128 0xe
 953 0056 3A       		.uleb128 0x3a
 954 0057 0B       		.uleb128 0xb
 955 0058 3B       		.uleb128 0x3b
 956 0059 0B       		.uleb128 0xb
 957 005a 27       		.uleb128 0x27
ARM GAS  C:\Users\raytr\AppData\Local\Temp\ccYEAve2.s 			page 24


 958 005b 19       		.uleb128 0x19
 959 005c 11       		.uleb128 0x11
 960 005d 01       		.uleb128 0x1
 961 005e 12       		.uleb128 0x12
 962 005f 06       		.uleb128 0x6
 963 0060 40       		.uleb128 0x40
 964 0061 18       		.uleb128 0x18
 965 0062 9742     		.uleb128 0x2117
 966 0064 19       		.uleb128 0x19
 967 0065 01       		.uleb128 0x1
 968 0066 13       		.uleb128 0x13
 969 0067 00       		.byte	0
 970 0068 00       		.byte	0
 971 0069 09       		.uleb128 0x9
 972 006a 05       		.uleb128 0x5
 973 006b 00       		.byte	0
 974 006c 03       		.uleb128 0x3
 975 006d 0E       		.uleb128 0xe
 976 006e 3A       		.uleb128 0x3a
 977 006f 0B       		.uleb128 0xb
 978 0070 3B       		.uleb128 0x3b
 979 0071 0B       		.uleb128 0xb
 980 0072 49       		.uleb128 0x49
 981 0073 13       		.uleb128 0x13
 982 0074 02       		.uleb128 0x2
 983 0075 18       		.uleb128 0x18
 984 0076 00       		.byte	0
 985 0077 00       		.byte	0
 986 0078 0A       		.uleb128 0xa
 987 0079 34       		.uleb128 0x34
 988 007a 00       		.byte	0
 989 007b 03       		.uleb128 0x3
 990 007c 0E       		.uleb128 0xe
 991 007d 3A       		.uleb128 0x3a
 992 007e 0B       		.uleb128 0xb
 993 007f 3B       		.uleb128 0x3b
 994 0080 0B       		.uleb128 0xb
 995 0081 49       		.uleb128 0x49
 996 0082 13       		.uleb128 0x13
 997 0083 02       		.uleb128 0x2
 998 0084 17       		.uleb128 0x17
 999 0085 00       		.byte	0
 1000 0086 00       		.byte	0
 1001 0087 0B       		.uleb128 0xb
 1002 0088 05       		.uleb128 0x5
 1003 0089 00       		.byte	0
 1004 008a 03       		.uleb128 0x3
 1005 008b 08       		.uleb128 0x8
 1006 008c 3A       		.uleb128 0x3a
 1007 008d 0B       		.uleb128 0xb
 1008 008e 3B       		.uleb128 0x3b
 1009 008f 0B       		.uleb128 0xb
 1010 0090 49       		.uleb128 0x49
 1011 0091 13       		.uleb128 0x13
 1012 0092 02       		.uleb128 0x2
 1013 0093 17       		.uleb128 0x17
 1014 0094 00       		.byte	0
ARM GAS  C:\Users\raytr\AppData\Local\Temp\ccYEAve2.s 			page 25


 1015 0095 00       		.byte	0
 1016 0096 0C       		.uleb128 0xc
 1017 0097 898201   		.uleb128 0x4109
 1018 009a 01       		.byte	0x1
 1019 009b 11       		.uleb128 0x11
 1020 009c 01       		.uleb128 0x1
 1021 009d 31       		.uleb128 0x31
 1022 009e 13       		.uleb128 0x13
 1023 009f 00       		.byte	0
 1024 00a0 00       		.byte	0
 1025 00a1 0D       		.uleb128 0xd
 1026 00a2 8A8201   		.uleb128 0x410a
 1027 00a5 00       		.byte	0
 1028 00a6 02       		.uleb128 0x2
 1029 00a7 18       		.uleb128 0x18
 1030 00a8 9142     		.uleb128 0x2111
 1031 00aa 18       		.uleb128 0x18
 1032 00ab 00       		.byte	0
 1033 00ac 00       		.byte	0
 1034 00ad 0E       		.uleb128 0xe
 1035 00ae 898201   		.uleb128 0x4109
 1036 00b1 01       		.byte	0x1
 1037 00b2 11       		.uleb128 0x11
 1038 00b3 01       		.uleb128 0x1
 1039 00b4 31       		.uleb128 0x31
 1040 00b5 13       		.uleb128 0x13
 1041 00b6 01       		.uleb128 0x1
 1042 00b7 13       		.uleb128 0x13
 1043 00b8 00       		.byte	0
 1044 00b9 00       		.byte	0
 1045 00ba 0F       		.uleb128 0xf
 1046 00bb 05       		.uleb128 0x5
 1047 00bc 00       		.byte	0
 1048 00bd 03       		.uleb128 0x3
 1049 00be 0E       		.uleb128 0xe
 1050 00bf 3A       		.uleb128 0x3a
 1051 00c0 0B       		.uleb128 0xb
 1052 00c1 3B       		.uleb128 0x3b
 1053 00c2 0B       		.uleb128 0xb
 1054 00c3 49       		.uleb128 0x49
 1055 00c4 13       		.uleb128 0x13
 1056 00c5 02       		.uleb128 0x2
 1057 00c6 17       		.uleb128 0x17
 1058 00c7 00       		.byte	0
 1059 00c8 00       		.byte	0
 1060 00c9 10       		.uleb128 0x10
 1061 00ca 0F       		.uleb128 0xf
 1062 00cb 00       		.byte	0
 1063 00cc 0B       		.uleb128 0xb
 1064 00cd 0B       		.uleb128 0xb
 1065 00ce 49       		.uleb128 0x49
 1066 00cf 13       		.uleb128 0x13
 1067 00d0 00       		.byte	0
 1068 00d1 00       		.byte	0
 1069 00d2 11       		.uleb128 0x11
 1070 00d3 26       		.uleb128 0x26
 1071 00d4 00       		.byte	0
ARM GAS  C:\Users\raytr\AppData\Local\Temp\ccYEAve2.s 			page 26


 1072 00d5 00       		.byte	0
 1073 00d6 00       		.byte	0
 1074 00d7 12       		.uleb128 0x12
 1075 00d8 2E       		.uleb128 0x2e
 1076 00d9 01       		.byte	0x1
 1077 00da 3F       		.uleb128 0x3f
 1078 00db 19       		.uleb128 0x19
 1079 00dc 03       		.uleb128 0x3
 1080 00dd 0E       		.uleb128 0xe
 1081 00de 3A       		.uleb128 0x3a
 1082 00df 0B       		.uleb128 0xb
 1083 00e0 3B       		.uleb128 0x3b
 1084 00e1 0B       		.uleb128 0xb
 1085 00e2 27       		.uleb128 0x27
 1086 00e3 19       		.uleb128 0x19
 1087 00e4 11       		.uleb128 0x11
 1088 00e5 01       		.uleb128 0x1
 1089 00e6 12       		.uleb128 0x12
 1090 00e7 06       		.uleb128 0x6
 1091 00e8 40       		.uleb128 0x40
 1092 00e9 18       		.uleb128 0x18
 1093 00ea 9742     		.uleb128 0x2117
 1094 00ec 19       		.uleb128 0x19
 1095 00ed 01       		.uleb128 0x1
 1096 00ee 13       		.uleb128 0x13
 1097 00ef 00       		.byte	0
 1098 00f0 00       		.byte	0
 1099 00f1 13       		.uleb128 0x13
 1100 00f2 34       		.uleb128 0x34
 1101 00f3 00       		.byte	0
 1102 00f4 03       		.uleb128 0x3
 1103 00f5 0E       		.uleb128 0xe
 1104 00f6 3A       		.uleb128 0x3a
 1105 00f7 0B       		.uleb128 0xb
 1106 00f8 3B       		.uleb128 0x3b
 1107 00f9 0B       		.uleb128 0xb
 1108 00fa 49       		.uleb128 0x49
 1109 00fb 13       		.uleb128 0x13
 1110 00fc 02       		.uleb128 0x2
 1111 00fd 18       		.uleb128 0x18
 1112 00fe 00       		.byte	0
 1113 00ff 00       		.byte	0
 1114 0100 14       		.uleb128 0x14
 1115 0101 2E       		.uleb128 0x2e
 1116 0102 01       		.byte	0x1
 1117 0103 3F       		.uleb128 0x3f
 1118 0104 19       		.uleb128 0x19
 1119 0105 03       		.uleb128 0x3
 1120 0106 0E       		.uleb128 0xe
 1121 0107 3A       		.uleb128 0x3a
 1122 0108 0B       		.uleb128 0xb
 1123 0109 3B       		.uleb128 0x3b
 1124 010a 05       		.uleb128 0x5
 1125 010b 27       		.uleb128 0x27
 1126 010c 19       		.uleb128 0x19
 1127 010d 11       		.uleb128 0x11
 1128 010e 01       		.uleb128 0x1
ARM GAS  C:\Users\raytr\AppData\Local\Temp\ccYEAve2.s 			page 27


 1129 010f 12       		.uleb128 0x12
 1130 0110 06       		.uleb128 0x6
 1131 0111 40       		.uleb128 0x40
 1132 0112 18       		.uleb128 0x18
 1133 0113 9742     		.uleb128 0x2117
 1134 0115 19       		.uleb128 0x19
 1135 0116 01       		.uleb128 0x1
 1136 0117 13       		.uleb128 0x13
 1137 0118 00       		.byte	0
 1138 0119 00       		.byte	0
 1139 011a 15       		.uleb128 0x15
 1140 011b 0B       		.uleb128 0xb
 1141 011c 01       		.byte	0x1
 1142 011d 11       		.uleb128 0x11
 1143 011e 01       		.uleb128 0x1
 1144 011f 12       		.uleb128 0x12
 1145 0120 06       		.uleb128 0x6
 1146 0121 01       		.uleb128 0x1
 1147 0122 13       		.uleb128 0x13
 1148 0123 00       		.byte	0
 1149 0124 00       		.byte	0
 1150 0125 16       		.uleb128 0x16
 1151 0126 13       		.uleb128 0x13
 1152 0127 01       		.byte	0x1
 1153 0128 0B       		.uleb128 0xb
 1154 0129 0B       		.uleb128 0xb
 1155 012a 3A       		.uleb128 0x3a
 1156 012b 0B       		.uleb128 0xb
 1157 012c 3B       		.uleb128 0x3b
 1158 012d 05       		.uleb128 0x5
 1159 012e 01       		.uleb128 0x1
 1160 012f 13       		.uleb128 0x13
 1161 0130 00       		.byte	0
 1162 0131 00       		.byte	0
 1163 0132 17       		.uleb128 0x17
 1164 0133 0D       		.uleb128 0xd
 1165 0134 00       		.byte	0
 1166 0135 03       		.uleb128 0x3
 1167 0136 0E       		.uleb128 0xe
 1168 0137 3A       		.uleb128 0x3a
 1169 0138 0B       		.uleb128 0xb
 1170 0139 3B       		.uleb128 0x3b
 1171 013a 05       		.uleb128 0x5
 1172 013b 49       		.uleb128 0x49
 1173 013c 13       		.uleb128 0x13
 1174 013d 38       		.uleb128 0x38
 1175 013e 0B       		.uleb128 0xb
 1176 013f 00       		.byte	0
 1177 0140 00       		.byte	0
 1178 0141 18       		.uleb128 0x18
 1179 0142 01       		.uleb128 0x1
 1180 0143 01       		.byte	0x1
 1181 0144 49       		.uleb128 0x49
 1182 0145 13       		.uleb128 0x13
 1183 0146 01       		.uleb128 0x1
 1184 0147 13       		.uleb128 0x13
 1185 0148 00       		.byte	0
ARM GAS  C:\Users\raytr\AppData\Local\Temp\ccYEAve2.s 			page 28


 1186 0149 00       		.byte	0
 1187 014a 19       		.uleb128 0x19
 1188 014b 21       		.uleb128 0x21
 1189 014c 00       		.byte	0
 1190 014d 49       		.uleb128 0x49
 1191 014e 13       		.uleb128 0x13
 1192 014f 2F       		.uleb128 0x2f
 1193 0150 0B       		.uleb128 0xb
 1194 0151 00       		.byte	0
 1195 0152 00       		.byte	0
 1196 0153 1A       		.uleb128 0x1a
 1197 0154 34       		.uleb128 0x34
 1198 0155 00       		.byte	0
 1199 0156 03       		.uleb128 0x3
 1200 0157 0E       		.uleb128 0xe
 1201 0158 3A       		.uleb128 0x3a
 1202 0159 0B       		.uleb128 0xb
 1203 015a 3B       		.uleb128 0x3b
 1204 015b 05       		.uleb128 0x5
 1205 015c 49       		.uleb128 0x49
 1206 015d 13       		.uleb128 0x13
 1207 015e 02       		.uleb128 0x2
 1208 015f 18       		.uleb128 0x18
 1209 0160 00       		.byte	0
 1210 0161 00       		.byte	0
 1211 0162 1B       		.uleb128 0x1b
 1212 0163 26       		.uleb128 0x26
 1213 0164 00       		.byte	0
 1214 0165 49       		.uleb128 0x49
 1215 0166 13       		.uleb128 0x13
 1216 0167 00       		.byte	0
 1217 0168 00       		.byte	0
 1218 0169 1C       		.uleb128 0x1c
 1219 016a 34       		.uleb128 0x34
 1220 016b 00       		.byte	0
 1221 016c 03       		.uleb128 0x3
 1222 016d 08       		.uleb128 0x8
 1223 016e 3A       		.uleb128 0x3a
 1224 016f 0B       		.uleb128 0xb
 1225 0170 3B       		.uleb128 0x3b
 1226 0171 05       		.uleb128 0x5
 1227 0172 49       		.uleb128 0x49
 1228 0173 13       		.uleb128 0x13
 1229 0174 02       		.uleb128 0x2
 1230 0175 17       		.uleb128 0x17
 1231 0176 00       		.byte	0
 1232 0177 00       		.byte	0
 1233 0178 1D       		.uleb128 0x1d
 1234 0179 0B       		.uleb128 0xb
 1235 017a 01       		.byte	0x1
 1236 017b 11       		.uleb128 0x11
 1237 017c 01       		.uleb128 0x1
 1238 017d 12       		.uleb128 0x12
 1239 017e 06       		.uleb128 0x6
 1240 017f 00       		.byte	0
 1241 0180 00       		.byte	0
 1242 0181 1E       		.uleb128 0x1e
ARM GAS  C:\Users\raytr\AppData\Local\Temp\ccYEAve2.s 			page 29


 1243 0182 898201   		.uleb128 0x4109
 1244 0185 00       		.byte	0
 1245 0186 11       		.uleb128 0x11
 1246 0187 01       		.uleb128 0x1
 1247 0188 31       		.uleb128 0x31
 1248 0189 13       		.uleb128 0x13
 1249 018a 00       		.byte	0
 1250 018b 00       		.byte	0
 1251 018c 1F       		.uleb128 0x1f
 1252 018d 2E       		.uleb128 0x2e
 1253 018e 01       		.byte	0x1
 1254 018f 3F       		.uleb128 0x3f
 1255 0190 19       		.uleb128 0x19
 1256 0191 03       		.uleb128 0x3
 1257 0192 0E       		.uleb128 0xe
 1258 0193 27       		.uleb128 0x27
 1259 0194 19       		.uleb128 0x19
 1260 0195 49       		.uleb128 0x49
 1261 0196 13       		.uleb128 0x13
 1262 0197 34       		.uleb128 0x34
 1263 0198 19       		.uleb128 0x19
 1264 0199 3C       		.uleb128 0x3c
 1265 019a 19       		.uleb128 0x19
 1266 019b 01       		.uleb128 0x1
 1267 019c 13       		.uleb128 0x13
 1268 019d 00       		.byte	0
 1269 019e 00       		.byte	0
 1270 019f 20       		.uleb128 0x20
 1271 01a0 05       		.uleb128 0x5
 1272 01a1 00       		.byte	0
 1273 01a2 49       		.uleb128 0x49
 1274 01a3 13       		.uleb128 0x13
 1275 01a4 00       		.byte	0
 1276 01a5 00       		.byte	0
 1277 01a6 21       		.uleb128 0x21
 1278 01a7 2E       		.uleb128 0x2e
 1279 01a8 01       		.byte	0x1
 1280 01a9 3F       		.uleb128 0x3f
 1281 01aa 19       		.uleb128 0x19
 1282 01ab 03       		.uleb128 0x3
 1283 01ac 0E       		.uleb128 0xe
 1284 01ad 3A       		.uleb128 0x3a
 1285 01ae 0B       		.uleb128 0xb
 1286 01af 3B       		.uleb128 0x3b
 1287 01b0 0B       		.uleb128 0xb
 1288 01b1 27       		.uleb128 0x27
 1289 01b2 19       		.uleb128 0x19
 1290 01b3 3C       		.uleb128 0x3c
 1291 01b4 19       		.uleb128 0x19
 1292 01b5 01       		.uleb128 0x1
 1293 01b6 13       		.uleb128 0x13
 1294 01b7 00       		.byte	0
 1295 01b8 00       		.byte	0
 1296 01b9 22       		.uleb128 0x22
 1297 01ba 2E       		.uleb128 0x2e
 1298 01bb 01       		.byte	0x1
 1299 01bc 3F       		.uleb128 0x3f
ARM GAS  C:\Users\raytr\AppData\Local\Temp\ccYEAve2.s 			page 30


 1300 01bd 19       		.uleb128 0x19
 1301 01be 03       		.uleb128 0x3
 1302 01bf 0E       		.uleb128 0xe
 1303 01c0 27       		.uleb128 0x27
 1304 01c1 19       		.uleb128 0x19
 1305 01c2 49       		.uleb128 0x49
 1306 01c3 13       		.uleb128 0x13
 1307 01c4 34       		.uleb128 0x34
 1308 01c5 19       		.uleb128 0x19
 1309 01c6 3C       		.uleb128 0x3c
 1310 01c7 19       		.uleb128 0x19
 1311 01c8 00       		.byte	0
 1312 01c9 00       		.byte	0
 1313 01ca 00       		.byte	0
 1314              		.section	.debug_loc,"",%progbits
 1315              	.Ldebug_loc0:
 1316              	.LLST0:
 1317 0000 06000000 		.4byte	.LVL1
 1318 0004 10000000 		.4byte	.LVL2
 1319 0008 0100     		.2byte	0x1
 1320 000a 53       		.byte	0x53
 1321 000b 00000000 		.4byte	0
 1322 000f 00000000 		.4byte	0
 1323              	.LLST1:
 1324 0013 00000000 		.4byte	.LVL3
 1325 0017 09000000 		.4byte	.LVL5-1
 1326 001b 0100     		.2byte	0x1
 1327 001d 50       		.byte	0x50
 1328 001e 09000000 		.4byte	.LVL5-1
 1329 0022 0C000000 		.4byte	.LFE0
 1330 0026 0400     		.2byte	0x4
 1331 0028 F3       		.byte	0xf3
 1332 0029 01       		.uleb128 0x1
 1333 002a 50       		.byte	0x50
 1334 002b 9F       		.byte	0x9f
 1335 002c 00000000 		.4byte	0
 1336 0030 00000000 		.4byte	0
 1337              	.LLST2:
 1338 0034 00000000 		.4byte	.LVL3
 1339 0038 06000000 		.4byte	.LVL4
 1340 003c 0100     		.2byte	0x1
 1341 003e 51       		.byte	0x51
 1342 003f 06000000 		.4byte	.LVL4
 1343 0043 09000000 		.4byte	.LVL5-1
 1344 0047 0100     		.2byte	0x1
 1345 0049 52       		.byte	0x52
 1346 004a 09000000 		.4byte	.LVL5-1
 1347 004e 0C000000 		.4byte	.LFE0
 1348 0052 0400     		.2byte	0x4
 1349 0054 F3       		.byte	0xf3
 1350 0055 01       		.uleb128 0x1
 1351 0056 51       		.byte	0x51
 1352 0057 9F       		.byte	0x9f
 1353 0058 00000000 		.4byte	0
 1354 005c 00000000 		.4byte	0
 1355              	.LLST3:
 1356 0060 2E000000 		.4byte	.LVL6
ARM GAS  C:\Users\raytr\AppData\Local\Temp\ccYEAve2.s 			page 31


 1357 0064 34000000 		.4byte	.LVL7
 1358 0068 0200     		.2byte	0x2
 1359 006a 49       		.byte	0x49
 1360 006b 9F       		.byte	0x9f
 1361 006c 34000000 		.4byte	.LVL7
 1362 0070 7E000000 		.4byte	.LVL13
 1363 0074 0100     		.2byte	0x1
 1364 0076 55       		.byte	0x55
 1365 0077 00000000 		.4byte	0
 1366 007b 00000000 		.4byte	0
 1367              	.LLST4:
 1368 007f 2E000000 		.4byte	.LVL6
 1369 0083 34000000 		.4byte	.LVL7
 1370 0087 0200     		.2byte	0x2
 1371 0089 30       		.byte	0x30
 1372 008a 9F       		.byte	0x9f
 1373 008b 34000000 		.4byte	.LVL7
 1374 008f 40000000 		.4byte	.LVL8
 1375 0093 0100     		.2byte	0x1
 1376 0095 54       		.byte	0x54
 1377 0096 44000000 		.4byte	.LVL9
 1378 009a 7E000000 		.4byte	.LVL13
 1379 009e 0100     		.2byte	0x1
 1380 00a0 54       		.byte	0x54
 1381 00a1 00000000 		.4byte	0
 1382 00a5 00000000 		.4byte	0
 1383              	.LLST5:
 1384 00a9 00000000 		.4byte	.LVL14
 1385 00ad 05000000 		.4byte	.LVL15-1
 1386 00b1 0100     		.2byte	0x1
 1387 00b3 50       		.byte	0x50
 1388 00b4 05000000 		.4byte	.LVL15-1
 1389 00b8 08000000 		.4byte	.LFE1
 1390 00bc 0400     		.2byte	0x4
 1391 00be F3       		.byte	0xf3
 1392 00bf 01       		.uleb128 0x1
 1393 00c0 50       		.byte	0x50
 1394 00c1 9F       		.byte	0x9f
 1395 00c2 00000000 		.4byte	0
 1396 00c6 00000000 		.4byte	0
 1397              	.LLST6:
 1398 00ca 00000000 		.4byte	.LVL14
 1399 00ce 05000000 		.4byte	.LVL15-1
 1400 00d2 0100     		.2byte	0x1
 1401 00d4 51       		.byte	0x51
 1402 00d5 05000000 		.4byte	.LVL15-1
 1403 00d9 08000000 		.4byte	.LFE1
 1404 00dd 0400     		.2byte	0x4
 1405 00df F3       		.byte	0xf3
 1406 00e0 01       		.uleb128 0x1
 1407 00e1 51       		.byte	0x51
 1408 00e2 9F       		.byte	0x9f
 1409 00e3 00000000 		.4byte	0
 1410 00e7 00000000 		.4byte	0
 1411              	.LLST7:
 1412 00eb 00000000 		.4byte	.LVL14
 1413 00ef 05000000 		.4byte	.LVL15-1
ARM GAS  C:\Users\raytr\AppData\Local\Temp\ccYEAve2.s 			page 32


 1414 00f3 0100     		.2byte	0x1
 1415 00f5 52       		.byte	0x52
 1416 00f6 05000000 		.4byte	.LVL15-1
 1417 00fa 08000000 		.4byte	.LFE1
 1418 00fe 0400     		.2byte	0x4
 1419 0100 F3       		.byte	0xf3
 1420 0101 01       		.uleb128 0x1
 1421 0102 52       		.byte	0x52
 1422 0103 9F       		.byte	0x9f
 1423 0104 00000000 		.4byte	0
 1424 0108 00000000 		.4byte	0
 1425              	.LLST8:
 1426 010c 0E000000 		.4byte	.LVL18
 1427 0110 12000000 		.4byte	.LVL19
 1428 0114 0200     		.2byte	0x2
 1429 0116 30       		.byte	0x30
 1430 0117 9F       		.byte	0x9f
 1431 0118 12000000 		.4byte	.LVL19
 1432 011c 2A000000 		.4byte	.LVL21
 1433 0120 0100     		.2byte	0x1
 1434 0122 54       		.byte	0x54
 1435 0123 2C000000 		.4byte	.LVL22
 1436 0127 46000000 		.4byte	.LVL23
 1437 012b 0100     		.2byte	0x1
 1438 012d 54       		.byte	0x54
 1439 012e 00000000 		.4byte	0
 1440 0132 00000000 		.4byte	0
 1441              	.LLST9:
 1442 0136 12000000 		.4byte	.LVL19
 1443 013a 2A000000 		.4byte	.LVL21
 1444 013e 0B00     		.2byte	0xb
 1445 0140 74       		.byte	0x74
 1446 0141 00       		.sleb128 0
 1447 0142 36       		.byte	0x36
 1448 0143 1E       		.byte	0x1e
 1449 0144 03       		.byte	0x3
 1450 0145 00000000 		.4byte	cfg_memset_list.4859
 1451 0149 22       		.byte	0x22
 1452 014a 9F       		.byte	0x9f
 1453 014b 2A000000 		.4byte	.LVL21
 1454 014f 2C000000 		.4byte	.LVL22
 1455 0153 0B00     		.2byte	0xb
 1456 0155 74       		.byte	0x74
 1457 0156 7F       		.sleb128 -1
 1458 0157 36       		.byte	0x36
 1459 0158 1E       		.byte	0x1e
 1460 0159 03       		.byte	0x3
 1461 015a 00000000 		.4byte	cfg_memset_list.4859
 1462 015e 22       		.byte	0x22
 1463 015f 9F       		.byte	0x9f
 1464 0160 00000000 		.4byte	0
 1465 0164 00000000 		.4byte	0
 1466              		.section	.debug_aranges,"",%progbits
 1467 0000 4C000000 		.4byte	0x4c
 1468 0004 0200     		.2byte	0x2
 1469 0006 00000000 		.4byte	.Ldebug_info0
 1470 000a 04       		.byte	0x4
ARM GAS  C:\Users\raytr\AppData\Local\Temp\ccYEAve2.s 			page 33


 1471 000b 00       		.byte	0
 1472 000c 0000     		.2byte	0
 1473 000e 0000     		.2byte	0
 1474 0010 00000000 		.4byte	.LFB3
 1475 0014 02000000 		.4byte	.LFE3-.LFB3
 1476 0018 00000000 		.4byte	.LFB5
 1477 001c 28000000 		.4byte	.LFE5-.LFB5
 1478 0020 00000000 		.4byte	.LFB0
 1479 0024 0C000000 		.4byte	.LFE0-.LFB0
 1480 0028 00000000 		.4byte	.LFB4
 1481 002c 9C000000 		.4byte	.LFE4-.LFB4
 1482 0030 00000000 		.4byte	.LFB1
 1483 0034 08000000 		.4byte	.LFE1-.LFB1
 1484 0038 00000000 		.4byte	.LFB6
 1485 003c 10000000 		.4byte	.LFE6-.LFB6
 1486 0040 00000000 		.4byte	.LFB7
 1487 0044 A8000000 		.4byte	.LFE7-.LFB7
 1488 0048 00000000 		.4byte	0
 1489 004c 00000000 		.4byte	0
 1490              		.section	.debug_ranges,"",%progbits
 1491              	.Ldebug_ranges0:
 1492 0000 00000000 		.4byte	.LFB3
 1493 0004 02000000 		.4byte	.LFE3
 1494 0008 00000000 		.4byte	.LFB5
 1495 000c 28000000 		.4byte	.LFE5
 1496 0010 00000000 		.4byte	.LFB0
 1497 0014 0C000000 		.4byte	.LFE0
 1498 0018 00000000 		.4byte	.LFB4
 1499 001c 9C000000 		.4byte	.LFE4
 1500 0020 00000000 		.4byte	.LFB1
 1501 0024 08000000 		.4byte	.LFE1
 1502 0028 00000000 		.4byte	.LFB6
 1503 002c 10000000 		.4byte	.LFE6
 1504 0030 00000000 		.4byte	.LFB7
 1505 0034 A8000000 		.4byte	.LFE7
 1506 0038 00000000 		.4byte	0
 1507 003c 00000000 		.4byte	0
 1508              		.section	.debug_line,"",%progbits
 1509              	.Ldebug_line0:
 1510 0000 AA010000 		.section	.debug_str,"MS",%progbits,1
 1510      0200D800 
 1510      00000201 
 1510      FB0E0D00 
 1510      01010101 
 1511              	.LASF18:
 1512 0000 72656731 		.ascii	"reg16\000"
 1512      3600
 1513              	.LASF38:
 1514 0006 43794465 		.ascii	"CyDelayCycles\000"
 1514      6C617943 
 1514      79636C65 
 1514      7300
 1515              	.LASF11:
 1516 0014 73697A65 		.ascii	"size_t\000"
 1516      5F7400
 1517              	.LASF20:
 1518 001b 416E616C 		.ascii	"AnalogSetDefault\000"
ARM GAS  C:\Users\raytr\AppData\Local\Temp\ccYEAve2.s 			page 34


 1518      6F675365 
 1518      74446566 
 1518      61756C74 
 1518      00
 1519              	.LASF25:
 1520 002c 74696D65 		.ascii	"timeout\000"
 1520      6F757400 
 1521              	.LASF36:
 1522 0034 6366675F 		.ascii	"cfg_memset_list\000"
 1522      6D656D73 
 1522      65745F6C 
 1522      69737400 
 1523              	.LASF23:
 1524 0044 436C6F63 		.ascii	"ClockSetup\000"
 1524      6B536574 
 1524      757000
 1525              	.LASF4:
 1526 004f 73686F72 		.ascii	"short unsigned int\000"
 1526      7420756E 
 1526      7369676E 
 1526      65642069 
 1526      6E7400
 1527              	.LASF26:
 1528 0062 706C6C4C 		.ascii	"pllLock\000"
 1528      6F636B00 
 1529              	.LASF15:
 1530 006a 666C6F61 		.ascii	"float\000"
 1530      7400
 1531              	.LASF19:
 1532 0070 4379436C 		.ascii	"CyClockStartupError\000"
 1532      6F636B53 
 1532      74617274 
 1532      75704572 
 1532      726F7200 
 1533              	.LASF28:
 1534 0084 64657374 		.ascii	"dest\000"
 1534      00
 1535              	.LASF34:
 1536 0089 73697A65 		.ascii	"size\000"
 1536      00
 1537              	.LASF17:
 1538 008e 72656738 		.ascii	"reg8\000"
 1538      00
 1539              	.LASF6:
 1540 0093 6C6F6E67 		.ascii	"long unsigned int\000"
 1540      20756E73 
 1540      69676E65 
 1540      6420696E 
 1540      7400
 1541              	.LASF12:
 1542 00a5 75696E74 		.ascii	"uint8\000"
 1542      3800
 1543              	.LASF21:
 1544 00ab 43594D45 		.ascii	"CYMEMZERO\000"
 1544      4D5A4552 
 1544      4F00
 1545              	.LASF31:
ARM GAS  C:\Users\raytr\AppData\Local\Temp\ccYEAve2.s 			page 35


 1546 00b5 53657441 		.ascii	"SetAnalogRoutingPumps\000"
 1546      6E616C6F 
 1546      67526F75 
 1546      74696E67 
 1546      50756D70 
 1547              	.LASF41:
 1548 00cb 443A5C36 		.ascii	"D:\\6115\\6115FP_GBEmulator\\GBEmulator.cydsn\000"
 1548      3131355C 
 1548      36313135 
 1548      46505F47 
 1548      42456D75 
 1549              	.LASF2:
 1550 00f6 756E7369 		.ascii	"unsigned char\000"
 1550      676E6564 
 1550      20636861 
 1550      7200
 1551              	.LASF37:
 1552 0104 6D656D73 		.ascii	"memset\000"
 1552      657400
 1553              	.LASF16:
 1554 010b 646F7562 		.ascii	"double\000"
 1554      6C6500
 1555              	.LASF32:
 1556 0112 63796669 		.ascii	"cyfitter_cfg\000"
 1556      74746572 
 1556      5F636667 
 1556      00
 1557              	.LASF13:
 1558 011f 75696E74 		.ascii	"uint16\000"
 1558      313600
 1559              	.LASF22:
 1560 0126 6572726F 		.ascii	"errorCode\000"
 1560      72436F64 
 1560      6500
 1561              	.LASF14:
 1562 0130 75696E74 		.ascii	"uint32\000"
 1562      333200
 1563              	.LASF39:
 1564 0137 474E5520 		.ascii	"GNU C 4.9.3 20150303 (release) [ARM/embedded-4_9-br"
 1564      4320342E 
 1564      392E3320 
 1564      32303135 
 1564      30333033 
 1565 016a 616E6368 		.ascii	"anch revision 221220] -mcpu=cortex-m3 -mthumb -g -O"
 1565      20726576 
 1565      6973696F 
 1565      6E203232 
 1565      31323230 
 1566 019d 67202D66 		.ascii	"g -ffunction-sections -ffat-lto-objects\000"
 1566      66756E63 
 1566      74696F6E 
 1566      2D736563 
 1566      74696F6E 
 1567              	.LASF0:
 1568 01c5 756E7369 		.ascii	"unsigned int\000"
 1568      676E6564 
 1568      20696E74 
ARM GAS  C:\Users\raytr\AppData\Local\Temp\ccYEAve2.s 			page 36


 1568      00
 1569              	.LASF33:
 1570 01d2 61646472 		.ascii	"address\000"
 1570      65737300 
 1571              	.LASF8:
 1572 01da 6C6F6E67 		.ascii	"long long unsigned int\000"
 1572      206C6F6E 
 1572      6720756E 
 1572      7369676E 
 1572      65642069 
 1573              	.LASF35:
 1574 01f1 6366675F 		.ascii	"cfg_memset_t\000"
 1574      6D656D73 
 1574      65745F74 
 1574      00
 1575              	.LASF9:
 1576 01fe 73697A65 		.ascii	"sizetype\000"
 1576      74797065 
 1576      00
 1577              	.LASF7:
 1578 0207 6C6F6E67 		.ascii	"long long int\000"
 1578      206C6F6E 
 1578      6720696E 
 1578      7400
 1579              	.LASF42:
 1580 0215 6D656D63 		.ascii	"memcpy\000"
 1580      707900
 1581              	.LASF3:
 1582 021c 73686F72 		.ascii	"short int\000"
 1582      7420696E 
 1582      7400
 1583              	.LASF40:
 1584 0226 2E5C4765 		.ascii	".\\Generated_Source\\PSoC5\\cyfitter_cfg.c\000"
 1584      6E657261 
 1584      7465645F 
 1584      536F7572 
 1584      63655C50 
 1585              	.LASF29:
 1586 024e 656E6162 		.ascii	"enabled\000"
 1586      6C656400 
 1587              	.LASF5:
 1588 0256 6C6F6E67 		.ascii	"long int\000"
 1588      20696E74 
 1588      00
 1589              	.LASF10:
 1590 025f 63686172 		.ascii	"char\000"
 1590      00
 1591              	.LASF24:
 1592 0264 62675F78 		.ascii	"bg_xover_inl_trim\000"
 1592      6F766572 
 1592      5F696E6C 
 1592      5F747269 
 1592      6D00
 1593              	.LASF1:
 1594 0276 7369676E 		.ascii	"signed char\000"
 1594      65642063 
 1594      68617200 
ARM GAS  C:\Users\raytr\AppData\Local\Temp\ccYEAve2.s 			page 37


 1595              	.LASF30:
 1596 0282 72656756 		.ascii	"regValue\000"
 1596      616C7565 
 1596      00
 1597              	.LASF27:
 1598 028b 4359434F 		.ascii	"CYCONFIGCPY\000"
 1598      4E464947 
 1598      43505900 
 1599              		.ident	"GCC: (GNU Tools for ARM Embedded Processors) 4.9.3 20150303 (release) [ARM/embedded-4_9-br
