ARM GAS  C:\Users\raytr\AppData\Local\Temp\ccm6CpUB.s 			page 1


   1              		.syntax unified
   2              		.cpu cortex-m3
   3              		.fpu softvfp
   4              		.eabi_attribute 20, 1
   5              		.eabi_attribute 21, 1
   6              		.eabi_attribute 23, 3
   7              		.eabi_attribute 24, 1
   8              		.eabi_attribute 25, 1
   9              		.eabi_attribute 26, 1
  10              		.eabi_attribute 30, 1
  11              		.eabi_attribute 34, 1
  12              		.eabi_attribute 18, 4
  13              		.thumb
  14              		.file	"main.c"
  15              		.text
  16              	.Ltext0:
  17              		.cfi_sections	.debug_frame
  18              		.section	.text.main,"ax",%progbits
  19              		.align	2
  20              		.global	main
  21              		.thumb
  22              		.thumb_func
  23              		.type	main, %function
  24              	main:
  25              	.LFB63:
  26              		.file 1 ".\\main.c"
   1:.\main.c      **** /* ========================================
   2:.\main.c      ****  *
   3:.\main.c      ****  * Copyright YOUR COMPANY, THE YEAR
   4:.\main.c      ****  * All Rights Reserved
   5:.\main.c      ****  * UNPUBLISHED, LICENSED SOFTWARE.
   6:.\main.c      ****  *
   7:.\main.c      ****  * CONFIDENTIAL AND PROPRIETARY INFORMATION
   8:.\main.c      ****  * WHICH IS THE PROPERTY OF your company.
   9:.\main.c      ****  *
  10:.\main.c      ****  * ========================================
  11:.\main.c      **** */
  12:.\main.c      **** #include <project.h>
  13:.\main.c      **** #include "cpu.h"
  14:.\main.c      **** 
  15:.\main.c      **** #include "rom.h"
  16:.\main.c      **** 
  17:.\main.c      **** Cpu cpu;
  18:.\main.c      **** int main()
  19:.\main.c      **** {
  27              		.loc 1 19 0
  28              		.cfi_startproc
  29              		@ Volatile: function does not return.
  30              		@ args = 0, pretend = 0, frame = 0
  31              		@ frame_needed = 0, uses_anonymous_args = 0
  32 0000 08B5     		push	{r3, lr}
  33              		.cfi_def_cfa_offset 8
  34              		.cfi_offset 3, -8
  35              		.cfi_offset 14, -4
  20:.\main.c      ****     CyGlobalIntEnable; /* Enable global interrupts. */
  36              		.loc 1 20 0
  37              	@ 20 ".\main.c" 1
ARM GAS  C:\Users\raytr\AppData\Local\Temp\ccm6CpUB.s 			page 2


  38 0002 62B6     		CPSIE   i
  39              	@ 0 "" 2
  21:.\main.c      ****     /* Place your initialization/startup code here (e.g. MyInst_Start()) */
  22:.\main.c      ****     reset_cpu(&cpu);
  40              		.loc 1 22 0
  41              		.thumb
  42 0004 0348     		ldr	r0, .L4
  43 0006 FFF7FEFF 		bl	reset_cpu
  44              	.LVL0:
  45              	.L2:
  23:.\main.c      ****     for(;;)
  24:.\main.c      ****     {
  25:.\main.c      ****         tick(&cpu);
  46              		.loc 1 25 0 discriminator 1
  47 000a 0248     		ldr	r0, .L4
  48 000c FFF7FEFF 		bl	tick
  49              	.LVL1:
  26:.\main.c      ****     }
  50              		.loc 1 26 0 discriminator 1
  51 0010 FBE7     		b	.L2
  52              	.L5:
  53 0012 00BF     		.align	2
  54              	.L4:
  55 0014 00000000 		.word	cpu
  56              		.cfi_endproc
  57              	.LFE63:
  58              		.size	main, .-main
  59              		.comm	cpu,12302,4
  60              		.text
  61              	.Letext0:
  62              		.file 2 "c:\\program files (x86)\\cypress\\psoc creator\\3.3\\psoc creator\\import\\gnu\\arm\\4.9.
  63              		.file 3 "c:\\program files (x86)\\cypress\\psoc creator\\3.3\\psoc creator\\import\\gnu\\arm\\4.9.
  64              		.file 4 ".\\registers.h"
  65              		.file 5 ".\\memory.h"
  66              		.file 6 ".\\cpu.h"
  67              		.file 7 "Generated_Source\\PSoC5/core_cm3.h"
  68              		.section	.debug_info,"",%progbits
  69              	.Ldebug_info0:
  70 0000 43030000 		.4byte	0x343
  71 0004 0400     		.2byte	0x4
  72 0006 00000000 		.4byte	.Ldebug_abbrev0
  73 000a 04       		.byte	0x4
  74 000b 01       		.uleb128 0x1
  75 000c E5000000 		.4byte	.LASF28
  76 0010 01       		.byte	0x1
  77 0011 5E000000 		.4byte	.LASF29
  78 0015 99000000 		.4byte	.LASF30
  79 0019 00000000 		.4byte	.Ldebug_ranges0+0
  80 001d 00000000 		.4byte	0
  81 0021 00000000 		.4byte	.Ldebug_line0
  82 0025 02       		.uleb128 0x2
  83 0026 01       		.byte	0x1
  84 0027 06       		.byte	0x6
  85 0028 CB010000 		.4byte	.LASF0
  86 002c 03       		.uleb128 0x3
  87 002d 00000000 		.4byte	.LASF3
  88 0031 02       		.byte	0x2
ARM GAS  C:\Users\raytr\AppData\Local\Temp\ccm6CpUB.s 			page 3


  89 0032 1D       		.byte	0x1d
  90 0033 37000000 		.4byte	0x37
  91 0037 02       		.uleb128 0x2
  92 0038 01       		.byte	0x1
  93 0039 08       		.byte	0x8
  94 003a 50000000 		.4byte	.LASF1
  95 003e 02       		.uleb128 0x2
  96 003f 02       		.byte	0x2
  97 0040 05       		.byte	0x5
  98 0041 B1010000 		.4byte	.LASF2
  99 0045 03       		.uleb128 0x3
 100 0046 C9000000 		.4byte	.LASF4
 101 004a 02       		.byte	0x2
 102 004b 2B       		.byte	0x2b
 103 004c 50000000 		.4byte	0x50
 104 0050 02       		.uleb128 0x2
 105 0051 02       		.byte	0x2
 106 0052 07       		.byte	0x7
 107 0053 79000000 		.4byte	.LASF5
 108 0057 03       		.uleb128 0x3
 109 0058 0A000000 		.4byte	.LASF6
 110 005c 02       		.byte	0x2
 111 005d 3F       		.byte	0x3f
 112 005e 62000000 		.4byte	0x62
 113 0062 02       		.uleb128 0x2
 114 0063 04       		.byte	0x4
 115 0064 05       		.byte	0x5
 116 0065 1B000000 		.4byte	.LASF7
 117 0069 02       		.uleb128 0x2
 118 006a 04       		.byte	0x4
 119 006b 07       		.byte	0x7
 120 006c 67000000 		.4byte	.LASF8
 121 0070 02       		.uleb128 0x2
 122 0071 08       		.byte	0x8
 123 0072 05       		.byte	0x5
 124 0073 9E010000 		.4byte	.LASF9
 125 0077 02       		.uleb128 0x2
 126 0078 08       		.byte	0x8
 127 0079 07       		.byte	0x7
 128 007a 39000000 		.4byte	.LASF10
 129 007e 04       		.uleb128 0x4
 130 007f 04       		.byte	0x4
 131 0080 05       		.byte	0x5
 132 0081 696E7400 		.ascii	"int\000"
 133 0085 02       		.uleb128 0x2
 134 0086 04       		.byte	0x4
 135 0087 07       		.byte	0x7
 136 0088 73010000 		.4byte	.LASF11
 137 008c 03       		.uleb128 0x3
 138 008d 80010000 		.4byte	.LASF12
 139 0091 03       		.byte	0x3
 140 0092 15       		.byte	0x15
 141 0093 2C000000 		.4byte	0x2c
 142 0097 03       		.uleb128 0x3
 143 0098 BB010000 		.4byte	.LASF13
 144 009c 03       		.byte	0x3
 145 009d 21       		.byte	0x21
ARM GAS  C:\Users\raytr\AppData\Local\Temp\ccm6CpUB.s 			page 4


 146 009e 45000000 		.4byte	0x45
 147 00a2 03       		.uleb128 0x3
 148 00a3 8D010000 		.4byte	.LASF14
 149 00a7 03       		.byte	0x3
 150 00a8 2C       		.byte	0x2c
 151 00a9 57000000 		.4byte	0x57
 152 00ad 02       		.uleb128 0x2
 153 00ae 04       		.byte	0x4
 154 00af 04       		.byte	0x4
 155 00b0 33000000 		.4byte	.LASF15
 156 00b4 02       		.uleb128 0x2
 157 00b5 08       		.byte	0x8
 158 00b6 04       		.byte	0x4
 159 00b7 D4000000 		.4byte	.LASF16
 160 00bb 02       		.uleb128 0x2
 161 00bc 01       		.byte	0x1
 162 00bd 08       		.byte	0x8
 163 00be AC010000 		.4byte	.LASF17
 164 00c2 02       		.uleb128 0x2
 165 00c3 04       		.byte	0x4
 166 00c4 07       		.byte	0x7
 167 00c5 95010000 		.4byte	.LASF18
 168 00c9 05       		.uleb128 0x5
 169 00ca 02       		.byte	0x2
 170 00cb 04       		.byte	0x4
 171 00cc 08       		.byte	0x8
 172 00cd E6000000 		.4byte	0xe6
 173 00d1 06       		.uleb128 0x6
 174 00d2 6600     		.ascii	"f\000"
 175 00d4 04       		.byte	0x4
 176 00d5 09       		.byte	0x9
 177 00d6 8C000000 		.4byte	0x8c
 178 00da 00       		.byte	0
 179 00db 06       		.uleb128 0x6
 180 00dc 6100     		.ascii	"a\000"
 181 00de 04       		.byte	0x4
 182 00df 0A       		.byte	0xa
 183 00e0 8C000000 		.4byte	0x8c
 184 00e4 01       		.byte	0x1
 185 00e5 00       		.byte	0
 186 00e6 07       		.uleb128 0x7
 187 00e7 02       		.byte	0x2
 188 00e8 04       		.byte	0x4
 189 00e9 07       		.byte	0x7
 190 00ea FE000000 		.4byte	0xfe
 191 00ee 08       		.uleb128 0x8
 192 00ef C9000000 		.4byte	0xc9
 193 00f3 09       		.uleb128 0x9
 194 00f4 616600   		.ascii	"af\000"
 195 00f7 04       		.byte	0x4
 196 00f8 0C       		.byte	0xc
 197 00f9 97000000 		.4byte	0x97
 198 00fd 00       		.byte	0
 199 00fe 05       		.uleb128 0x5
 200 00ff 02       		.byte	0x2
 201 0100 04       		.byte	0x4
 202 0101 06       		.byte	0x6
ARM GAS  C:\Users\raytr\AppData\Local\Temp\ccm6CpUB.s 			page 5


 203 0102 0D010000 		.4byte	0x10d
 204 0106 0A       		.uleb128 0xa
 205 0107 E6000000 		.4byte	0xe6
 206 010b 00       		.byte	0
 207 010c 00       		.byte	0
 208 010d 05       		.uleb128 0x5
 209 010e 02       		.byte	0x2
 210 010f 04       		.byte	0x4
 211 0110 11       		.byte	0x11
 212 0111 2A010000 		.4byte	0x12a
 213 0115 06       		.uleb128 0x6
 214 0116 6300     		.ascii	"c\000"
 215 0118 04       		.byte	0x4
 216 0119 12       		.byte	0x12
 217 011a 8C000000 		.4byte	0x8c
 218 011e 00       		.byte	0
 219 011f 06       		.uleb128 0x6
 220 0120 6200     		.ascii	"b\000"
 221 0122 04       		.byte	0x4
 222 0123 13       		.byte	0x13
 223 0124 8C000000 		.4byte	0x8c
 224 0128 01       		.byte	0x1
 225 0129 00       		.byte	0
 226 012a 07       		.uleb128 0x7
 227 012b 02       		.byte	0x2
 228 012c 04       		.byte	0x4
 229 012d 10       		.byte	0x10
 230 012e 42010000 		.4byte	0x142
 231 0132 08       		.uleb128 0x8
 232 0133 0D010000 		.4byte	0x10d
 233 0137 09       		.uleb128 0x9
 234 0138 626300   		.ascii	"bc\000"
 235 013b 04       		.byte	0x4
 236 013c 15       		.byte	0x15
 237 013d 97000000 		.4byte	0x97
 238 0141 00       		.byte	0
 239 0142 05       		.uleb128 0x5
 240 0143 02       		.byte	0x2
 241 0144 04       		.byte	0x4
 242 0145 0F       		.byte	0xf
 243 0146 51010000 		.4byte	0x151
 244 014a 0A       		.uleb128 0xa
 245 014b 2A010000 		.4byte	0x12a
 246 014f 00       		.byte	0
 247 0150 00       		.byte	0
 248 0151 05       		.uleb128 0x5
 249 0152 02       		.byte	0x2
 250 0153 04       		.byte	0x4
 251 0154 1A       		.byte	0x1a
 252 0155 6E010000 		.4byte	0x16e
 253 0159 06       		.uleb128 0x6
 254 015a 6500     		.ascii	"e\000"
 255 015c 04       		.byte	0x4
 256 015d 1B       		.byte	0x1b
 257 015e 8C000000 		.4byte	0x8c
 258 0162 00       		.byte	0
 259 0163 06       		.uleb128 0x6
ARM GAS  C:\Users\raytr\AppData\Local\Temp\ccm6CpUB.s 			page 6


 260 0164 6400     		.ascii	"d\000"
 261 0166 04       		.byte	0x4
 262 0167 1C       		.byte	0x1c
 263 0168 8C000000 		.4byte	0x8c
 264 016c 01       		.byte	0x1
 265 016d 00       		.byte	0
 266 016e 07       		.uleb128 0x7
 267 016f 02       		.byte	0x2
 268 0170 04       		.byte	0x4
 269 0171 19       		.byte	0x19
 270 0172 86010000 		.4byte	0x186
 271 0176 08       		.uleb128 0x8
 272 0177 51010000 		.4byte	0x151
 273 017b 09       		.uleb128 0x9
 274 017c 646500   		.ascii	"de\000"
 275 017f 04       		.byte	0x4
 276 0180 1E       		.byte	0x1e
 277 0181 97000000 		.4byte	0x97
 278 0185 00       		.byte	0
 279 0186 05       		.uleb128 0x5
 280 0187 02       		.byte	0x2
 281 0188 04       		.byte	0x4
 282 0189 18       		.byte	0x18
 283 018a 95010000 		.4byte	0x195
 284 018e 0A       		.uleb128 0xa
 285 018f 6E010000 		.4byte	0x16e
 286 0193 00       		.byte	0
 287 0194 00       		.byte	0
 288 0195 05       		.uleb128 0x5
 289 0196 02       		.byte	0x2
 290 0197 04       		.byte	0x4
 291 0198 24       		.byte	0x24
 292 0199 B2010000 		.4byte	0x1b2
 293 019d 06       		.uleb128 0x6
 294 019e 6C00     		.ascii	"l\000"
 295 01a0 04       		.byte	0x4
 296 01a1 25       		.byte	0x25
 297 01a2 8C000000 		.4byte	0x8c
 298 01a6 00       		.byte	0
 299 01a7 06       		.uleb128 0x6
 300 01a8 6800     		.ascii	"h\000"
 301 01aa 04       		.byte	0x4
 302 01ab 26       		.byte	0x26
 303 01ac 8C000000 		.4byte	0x8c
 304 01b0 01       		.byte	0x1
 305 01b1 00       		.byte	0
 306 01b2 07       		.uleb128 0x7
 307 01b3 02       		.byte	0x2
 308 01b4 04       		.byte	0x4
 309 01b5 23       		.byte	0x23
 310 01b6 CA010000 		.4byte	0x1ca
 311 01ba 08       		.uleb128 0x8
 312 01bb 95010000 		.4byte	0x195
 313 01bf 09       		.uleb128 0x9
 314 01c0 686C00   		.ascii	"hl\000"
 315 01c3 04       		.byte	0x4
 316 01c4 28       		.byte	0x28
ARM GAS  C:\Users\raytr\AppData\Local\Temp\ccm6CpUB.s 			page 7


 317 01c5 97000000 		.4byte	0x97
 318 01c9 00       		.byte	0
 319 01ca 05       		.uleb128 0x5
 320 01cb 02       		.byte	0x2
 321 01cc 04       		.byte	0x4
 322 01cd 22       		.byte	0x22
 323 01ce D9010000 		.4byte	0x1d9
 324 01d2 0A       		.uleb128 0xa
 325 01d3 B2010000 		.4byte	0x1b2
 326 01d7 00       		.byte	0
 327 01d8 00       		.byte	0
 328 01d9 0B       		.uleb128 0xb
 329 01da DB000000 		.4byte	.LASF19
 330 01de 0C       		.byte	0xc
 331 01df 04       		.byte	0x4
 332 01e0 05       		.byte	0x5
 333 01e1 14020000 		.4byte	0x214
 334 01e5 0A       		.uleb128 0xa
 335 01e6 FE000000 		.4byte	0xfe
 336 01ea 00       		.byte	0
 337 01eb 0A       		.uleb128 0xa
 338 01ec 42010000 		.4byte	0x142
 339 01f0 02       		.byte	0x2
 340 01f1 0A       		.uleb128 0xa
 341 01f2 86010000 		.4byte	0x186
 342 01f6 04       		.byte	0x4
 343 01f7 0A       		.uleb128 0xa
 344 01f8 CA010000 		.4byte	0x1ca
 345 01fc 06       		.byte	0x6
 346 01fd 06       		.uleb128 0x6
 347 01fe 706300   		.ascii	"pc\000"
 348 0201 04       		.byte	0x4
 349 0202 2C       		.byte	0x2c
 350 0203 97000000 		.4byte	0x97
 351 0207 08       		.byte	0x8
 352 0208 06       		.uleb128 0x6
 353 0209 737000   		.ascii	"sp\000"
 354 020c 04       		.byte	0x4
 355 020d 2D       		.byte	0x2d
 356 020e 97000000 		.4byte	0x97
 357 0212 0A       		.byte	0xa
 358 0213 00       		.byte	0
 359 0214 03       		.uleb128 0x3
 360 0215 DB000000 		.4byte	.LASF19
 361 0219 04       		.byte	0x4
 362 021a 2E       		.byte	0x2e
 363 021b D9010000 		.4byte	0x1d9
 364 021f 0C       		.uleb128 0xc
 365 0220 C4010000 		.4byte	.LASF20
 366 0224 0030     		.2byte	0x3000
 367 0226 05       		.byte	0x5
 368 0227 07       		.byte	0x7
 369 0228 46020000 		.4byte	0x246
 370 022c 0D       		.uleb128 0xd
 371 022d 24000000 		.4byte	.LASF21
 372 0231 05       		.byte	0x5
 373 0232 08       		.byte	0x8
ARM GAS  C:\Users\raytr\AppData\Local\Temp\ccm6CpUB.s 			page 8


 374 0233 46020000 		.4byte	0x246
 375 0237 00       		.byte	0
 376 0238 0E       		.uleb128 0xe
 377 0239 D7010000 		.4byte	.LASF22
 378 023d 05       		.byte	0x5
 379 023e 09       		.byte	0x9
 380 023f 57020000 		.4byte	0x257
 381 0243 0020     		.2byte	0x2000
 382 0245 00       		.byte	0
 383 0246 0F       		.uleb128 0xf
 384 0247 8C000000 		.4byte	0x8c
 385 024b 57020000 		.4byte	0x257
 386 024f 10       		.uleb128 0x10
 387 0250 C2000000 		.4byte	0xc2
 388 0254 FF1F     		.2byte	0x1fff
 389 0256 00       		.byte	0
 390 0257 0F       		.uleb128 0xf
 391 0258 8C000000 		.4byte	0x8c
 392 025c 68020000 		.4byte	0x268
 393 0260 10       		.uleb128 0x10
 394 0261 C2000000 		.4byte	0xc2
 395 0265 FF0F     		.2byte	0xfff
 396 0267 00       		.byte	0
 397 0268 03       		.uleb128 0x3
 398 0269 C4010000 		.4byte	.LASF20
 399 026d 05       		.byte	0x5
 400 026e 0A       		.byte	0xa
 401 026f 1F020000 		.4byte	0x21f
 402 0273 11       		.uleb128 0x11
 403 0274 43707500 		.ascii	"Cpu\000"
 404 0278 0E30     		.2byte	0x300e
 405 027a 06       		.byte	0x6
 406 027b 07       		.byte	0x7
 407 027c A6020000 		.4byte	0x2a6
 408 0280 06       		.uleb128 0x6
 409 0281 72656700 		.ascii	"reg\000"
 410 0285 06       		.byte	0x6
 411 0286 08       		.byte	0x8
 412 0287 14020000 		.4byte	0x214
 413 028b 00       		.byte	0
 414 028c 06       		.uleb128 0x6
 415 028d 6D656D00 		.ascii	"mem\000"
 416 0291 06       		.byte	0x6
 417 0292 09       		.byte	0x9
 418 0293 68020000 		.4byte	0x268
 419 0297 0C       		.byte	0xc
 420 0298 0E       		.uleb128 0xe
 421 0299 14000000 		.4byte	.LASF23
 422 029d 06       		.byte	0x6
 423 029e 0A       		.byte	0xa
 424 029f A6020000 		.4byte	0x2a6
 425 02a3 0C30     		.2byte	0x300c
 426 02a5 00       		.byte	0
 427 02a6 02       		.uleb128 0x2
 428 02a7 01       		.byte	0x1
 429 02a8 02       		.byte	0x2
 430 02a9 DC010000 		.4byte	.LASF24
ARM GAS  C:\Users\raytr\AppData\Local\Temp\ccm6CpUB.s 			page 9


 431 02ad 12       		.uleb128 0x12
 432 02ae 43707500 		.ascii	"Cpu\000"
 433 02b2 06       		.byte	0x6
 434 02b3 0B       		.byte	0xb
 435 02b4 73020000 		.4byte	0x273
 436 02b8 13       		.uleb128 0x13
 437 02b9 88010000 		.4byte	.LASF31
 438 02bd 01       		.byte	0x1
 439 02be 12       		.byte	0x12
 440 02bf 7E000000 		.4byte	0x7e
 441 02c3 00000000 		.4byte	.LFB63
 442 02c7 18000000 		.4byte	.LFE63-.LFB63
 443 02cb 01       		.uleb128 0x1
 444 02cc 9C       		.byte	0x9c
 445 02cd FC020000 		.4byte	0x2fc
 446 02d1 14       		.uleb128 0x14
 447 02d2 0A000000 		.4byte	.LVL0
 448 02d6 1E030000 		.4byte	0x31e
 449 02da E8020000 		.4byte	0x2e8
 450 02de 15       		.uleb128 0x15
 451 02df 01       		.uleb128 0x1
 452 02e0 50       		.byte	0x50
 453 02e1 05       		.uleb128 0x5
 454 02e2 03       		.byte	0x3
 455 02e3 00000000 		.4byte	cpu
 456 02e7 00       		.byte	0
 457 02e8 16       		.uleb128 0x16
 458 02e9 10000000 		.4byte	.LVL1
 459 02ed 35030000 		.4byte	0x335
 460 02f1 15       		.uleb128 0x15
 461 02f2 01       		.uleb128 0x1
 462 02f3 50       		.byte	0x50
 463 02f4 05       		.uleb128 0x5
 464 02f5 03       		.byte	0x3
 465 02f6 00000000 		.4byte	cpu
 466 02fa 00       		.byte	0
 467 02fb 00       		.byte	0
 468 02fc 17       		.uleb128 0x17
 469 02fd 8C000000 		.4byte	.LASF25
 470 0301 07       		.byte	0x7
 471 0302 9606     		.2byte	0x696
 472 0304 08030000 		.4byte	0x308
 473 0308 18       		.uleb128 0x18
 474 0309 A2000000 		.4byte	0xa2
 475 030d 19       		.uleb128 0x19
 476 030e 63707500 		.ascii	"cpu\000"
 477 0312 01       		.byte	0x1
 478 0313 11       		.byte	0x11
 479 0314 AD020000 		.4byte	0x2ad
 480 0318 05       		.uleb128 0x5
 481 0319 03       		.byte	0x3
 482 031a 00000000 		.4byte	cpu
 483 031e 1A       		.uleb128 0x1a
 484 031f 29000000 		.4byte	.LASF26
 485 0323 06       		.byte	0x6
 486 0324 11       		.byte	0x11
 487 0325 2F030000 		.4byte	0x32f
ARM GAS  C:\Users\raytr\AppData\Local\Temp\ccm6CpUB.s 			page 10


 488 0329 1B       		.uleb128 0x1b
 489 032a 2F030000 		.4byte	0x32f
 490 032e 00       		.byte	0
 491 032f 1C       		.uleb128 0x1c
 492 0330 04       		.byte	0x4
 493 0331 AD020000 		.4byte	0x2ad
 494 0335 1D       		.uleb128 0x1d
 495 0336 C4000000 		.4byte	.LASF27
 496 033a 06       		.byte	0x6
 497 033b 0F       		.byte	0xf
 498 033c 7E000000 		.4byte	0x7e
 499 0340 1B       		.uleb128 0x1b
 500 0341 2F030000 		.4byte	0x32f
 501 0345 00       		.byte	0
 502 0346 00       		.byte	0
 503              		.section	.debug_abbrev,"",%progbits
 504              	.Ldebug_abbrev0:
 505 0000 01       		.uleb128 0x1
 506 0001 11       		.uleb128 0x11
 507 0002 01       		.byte	0x1
 508 0003 25       		.uleb128 0x25
 509 0004 0E       		.uleb128 0xe
 510 0005 13       		.uleb128 0x13
 511 0006 0B       		.uleb128 0xb
 512 0007 03       		.uleb128 0x3
 513 0008 0E       		.uleb128 0xe
 514 0009 1B       		.uleb128 0x1b
 515 000a 0E       		.uleb128 0xe
 516 000b 55       		.uleb128 0x55
 517 000c 17       		.uleb128 0x17
 518 000d 11       		.uleb128 0x11
 519 000e 01       		.uleb128 0x1
 520 000f 10       		.uleb128 0x10
 521 0010 17       		.uleb128 0x17
 522 0011 00       		.byte	0
 523 0012 00       		.byte	0
 524 0013 02       		.uleb128 0x2
 525 0014 24       		.uleb128 0x24
 526 0015 00       		.byte	0
 527 0016 0B       		.uleb128 0xb
 528 0017 0B       		.uleb128 0xb
 529 0018 3E       		.uleb128 0x3e
 530 0019 0B       		.uleb128 0xb
 531 001a 03       		.uleb128 0x3
 532 001b 0E       		.uleb128 0xe
 533 001c 00       		.byte	0
 534 001d 00       		.byte	0
 535 001e 03       		.uleb128 0x3
 536 001f 16       		.uleb128 0x16
 537 0020 00       		.byte	0
 538 0021 03       		.uleb128 0x3
 539 0022 0E       		.uleb128 0xe
 540 0023 3A       		.uleb128 0x3a
 541 0024 0B       		.uleb128 0xb
 542 0025 3B       		.uleb128 0x3b
 543 0026 0B       		.uleb128 0xb
 544 0027 49       		.uleb128 0x49
ARM GAS  C:\Users\raytr\AppData\Local\Temp\ccm6CpUB.s 			page 11


 545 0028 13       		.uleb128 0x13
 546 0029 00       		.byte	0
 547 002a 00       		.byte	0
 548 002b 04       		.uleb128 0x4
 549 002c 24       		.uleb128 0x24
 550 002d 00       		.byte	0
 551 002e 0B       		.uleb128 0xb
 552 002f 0B       		.uleb128 0xb
 553 0030 3E       		.uleb128 0x3e
 554 0031 0B       		.uleb128 0xb
 555 0032 03       		.uleb128 0x3
 556 0033 08       		.uleb128 0x8
 557 0034 00       		.byte	0
 558 0035 00       		.byte	0
 559 0036 05       		.uleb128 0x5
 560 0037 13       		.uleb128 0x13
 561 0038 01       		.byte	0x1
 562 0039 0B       		.uleb128 0xb
 563 003a 0B       		.uleb128 0xb
 564 003b 3A       		.uleb128 0x3a
 565 003c 0B       		.uleb128 0xb
 566 003d 3B       		.uleb128 0x3b
 567 003e 0B       		.uleb128 0xb
 568 003f 01       		.uleb128 0x1
 569 0040 13       		.uleb128 0x13
 570 0041 00       		.byte	0
 571 0042 00       		.byte	0
 572 0043 06       		.uleb128 0x6
 573 0044 0D       		.uleb128 0xd
 574 0045 00       		.byte	0
 575 0046 03       		.uleb128 0x3
 576 0047 08       		.uleb128 0x8
 577 0048 3A       		.uleb128 0x3a
 578 0049 0B       		.uleb128 0xb
 579 004a 3B       		.uleb128 0x3b
 580 004b 0B       		.uleb128 0xb
 581 004c 49       		.uleb128 0x49
 582 004d 13       		.uleb128 0x13
 583 004e 38       		.uleb128 0x38
 584 004f 0B       		.uleb128 0xb
 585 0050 00       		.byte	0
 586 0051 00       		.byte	0
 587 0052 07       		.uleb128 0x7
 588 0053 17       		.uleb128 0x17
 589 0054 01       		.byte	0x1
 590 0055 0B       		.uleb128 0xb
 591 0056 0B       		.uleb128 0xb
 592 0057 3A       		.uleb128 0x3a
 593 0058 0B       		.uleb128 0xb
 594 0059 3B       		.uleb128 0x3b
 595 005a 0B       		.uleb128 0xb
 596 005b 01       		.uleb128 0x1
 597 005c 13       		.uleb128 0x13
 598 005d 00       		.byte	0
 599 005e 00       		.byte	0
 600 005f 08       		.uleb128 0x8
 601 0060 0D       		.uleb128 0xd
ARM GAS  C:\Users\raytr\AppData\Local\Temp\ccm6CpUB.s 			page 12


 602 0061 00       		.byte	0
 603 0062 49       		.uleb128 0x49
 604 0063 13       		.uleb128 0x13
 605 0064 00       		.byte	0
 606 0065 00       		.byte	0
 607 0066 09       		.uleb128 0x9
 608 0067 0D       		.uleb128 0xd
 609 0068 00       		.byte	0
 610 0069 03       		.uleb128 0x3
 611 006a 08       		.uleb128 0x8
 612 006b 3A       		.uleb128 0x3a
 613 006c 0B       		.uleb128 0xb
 614 006d 3B       		.uleb128 0x3b
 615 006e 0B       		.uleb128 0xb
 616 006f 49       		.uleb128 0x49
 617 0070 13       		.uleb128 0x13
 618 0071 00       		.byte	0
 619 0072 00       		.byte	0
 620 0073 0A       		.uleb128 0xa
 621 0074 0D       		.uleb128 0xd
 622 0075 00       		.byte	0
 623 0076 49       		.uleb128 0x49
 624 0077 13       		.uleb128 0x13
 625 0078 38       		.uleb128 0x38
 626 0079 0B       		.uleb128 0xb
 627 007a 00       		.byte	0
 628 007b 00       		.byte	0
 629 007c 0B       		.uleb128 0xb
 630 007d 13       		.uleb128 0x13
 631 007e 01       		.byte	0x1
 632 007f 03       		.uleb128 0x3
 633 0080 0E       		.uleb128 0xe
 634 0081 0B       		.uleb128 0xb
 635 0082 0B       		.uleb128 0xb
 636 0083 3A       		.uleb128 0x3a
 637 0084 0B       		.uleb128 0xb
 638 0085 3B       		.uleb128 0x3b
 639 0086 0B       		.uleb128 0xb
 640 0087 01       		.uleb128 0x1
 641 0088 13       		.uleb128 0x13
 642 0089 00       		.byte	0
 643 008a 00       		.byte	0
 644 008b 0C       		.uleb128 0xc
 645 008c 13       		.uleb128 0x13
 646 008d 01       		.byte	0x1
 647 008e 03       		.uleb128 0x3
 648 008f 0E       		.uleb128 0xe
 649 0090 0B       		.uleb128 0xb
 650 0091 05       		.uleb128 0x5
 651 0092 3A       		.uleb128 0x3a
 652 0093 0B       		.uleb128 0xb
 653 0094 3B       		.uleb128 0x3b
 654 0095 0B       		.uleb128 0xb
 655 0096 01       		.uleb128 0x1
 656 0097 13       		.uleb128 0x13
 657 0098 00       		.byte	0
 658 0099 00       		.byte	0
ARM GAS  C:\Users\raytr\AppData\Local\Temp\ccm6CpUB.s 			page 13


 659 009a 0D       		.uleb128 0xd
 660 009b 0D       		.uleb128 0xd
 661 009c 00       		.byte	0
 662 009d 03       		.uleb128 0x3
 663 009e 0E       		.uleb128 0xe
 664 009f 3A       		.uleb128 0x3a
 665 00a0 0B       		.uleb128 0xb
 666 00a1 3B       		.uleb128 0x3b
 667 00a2 0B       		.uleb128 0xb
 668 00a3 49       		.uleb128 0x49
 669 00a4 13       		.uleb128 0x13
 670 00a5 38       		.uleb128 0x38
 671 00a6 0B       		.uleb128 0xb
 672 00a7 00       		.byte	0
 673 00a8 00       		.byte	0
 674 00a9 0E       		.uleb128 0xe
 675 00aa 0D       		.uleb128 0xd
 676 00ab 00       		.byte	0
 677 00ac 03       		.uleb128 0x3
 678 00ad 0E       		.uleb128 0xe
 679 00ae 3A       		.uleb128 0x3a
 680 00af 0B       		.uleb128 0xb
 681 00b0 3B       		.uleb128 0x3b
 682 00b1 0B       		.uleb128 0xb
 683 00b2 49       		.uleb128 0x49
 684 00b3 13       		.uleb128 0x13
 685 00b4 38       		.uleb128 0x38
 686 00b5 05       		.uleb128 0x5
 687 00b6 00       		.byte	0
 688 00b7 00       		.byte	0
 689 00b8 0F       		.uleb128 0xf
 690 00b9 01       		.uleb128 0x1
 691 00ba 01       		.byte	0x1
 692 00bb 49       		.uleb128 0x49
 693 00bc 13       		.uleb128 0x13
 694 00bd 01       		.uleb128 0x1
 695 00be 13       		.uleb128 0x13
 696 00bf 00       		.byte	0
 697 00c0 00       		.byte	0
 698 00c1 10       		.uleb128 0x10
 699 00c2 21       		.uleb128 0x21
 700 00c3 00       		.byte	0
 701 00c4 49       		.uleb128 0x49
 702 00c5 13       		.uleb128 0x13
 703 00c6 2F       		.uleb128 0x2f
 704 00c7 05       		.uleb128 0x5
 705 00c8 00       		.byte	0
 706 00c9 00       		.byte	0
 707 00ca 11       		.uleb128 0x11
 708 00cb 13       		.uleb128 0x13
 709 00cc 01       		.byte	0x1
 710 00cd 03       		.uleb128 0x3
 711 00ce 08       		.uleb128 0x8
 712 00cf 0B       		.uleb128 0xb
 713 00d0 05       		.uleb128 0x5
 714 00d1 3A       		.uleb128 0x3a
 715 00d2 0B       		.uleb128 0xb
ARM GAS  C:\Users\raytr\AppData\Local\Temp\ccm6CpUB.s 			page 14


 716 00d3 3B       		.uleb128 0x3b
 717 00d4 0B       		.uleb128 0xb
 718 00d5 01       		.uleb128 0x1
 719 00d6 13       		.uleb128 0x13
 720 00d7 00       		.byte	0
 721 00d8 00       		.byte	0
 722 00d9 12       		.uleb128 0x12
 723 00da 16       		.uleb128 0x16
 724 00db 00       		.byte	0
 725 00dc 03       		.uleb128 0x3
 726 00dd 08       		.uleb128 0x8
 727 00de 3A       		.uleb128 0x3a
 728 00df 0B       		.uleb128 0xb
 729 00e0 3B       		.uleb128 0x3b
 730 00e1 0B       		.uleb128 0xb
 731 00e2 49       		.uleb128 0x49
 732 00e3 13       		.uleb128 0x13
 733 00e4 00       		.byte	0
 734 00e5 00       		.byte	0
 735 00e6 13       		.uleb128 0x13
 736 00e7 2E       		.uleb128 0x2e
 737 00e8 01       		.byte	0x1
 738 00e9 3F       		.uleb128 0x3f
 739 00ea 19       		.uleb128 0x19
 740 00eb 03       		.uleb128 0x3
 741 00ec 0E       		.uleb128 0xe
 742 00ed 3A       		.uleb128 0x3a
 743 00ee 0B       		.uleb128 0xb
 744 00ef 3B       		.uleb128 0x3b
 745 00f0 0B       		.uleb128 0xb
 746 00f1 49       		.uleb128 0x49
 747 00f2 13       		.uleb128 0x13
 748 00f3 11       		.uleb128 0x11
 749 00f4 01       		.uleb128 0x1
 750 00f5 12       		.uleb128 0x12
 751 00f6 06       		.uleb128 0x6
 752 00f7 40       		.uleb128 0x40
 753 00f8 18       		.uleb128 0x18
 754 00f9 9742     		.uleb128 0x2117
 755 00fb 19       		.uleb128 0x19
 756 00fc 01       		.uleb128 0x1
 757 00fd 13       		.uleb128 0x13
 758 00fe 00       		.byte	0
 759 00ff 00       		.byte	0
 760 0100 14       		.uleb128 0x14
 761 0101 898201   		.uleb128 0x4109
 762 0104 01       		.byte	0x1
 763 0105 11       		.uleb128 0x11
 764 0106 01       		.uleb128 0x1
 765 0107 31       		.uleb128 0x31
 766 0108 13       		.uleb128 0x13
 767 0109 01       		.uleb128 0x1
 768 010a 13       		.uleb128 0x13
 769 010b 00       		.byte	0
 770 010c 00       		.byte	0
 771 010d 15       		.uleb128 0x15
 772 010e 8A8201   		.uleb128 0x410a
ARM GAS  C:\Users\raytr\AppData\Local\Temp\ccm6CpUB.s 			page 15


 773 0111 00       		.byte	0
 774 0112 02       		.uleb128 0x2
 775 0113 18       		.uleb128 0x18
 776 0114 9142     		.uleb128 0x2111
 777 0116 18       		.uleb128 0x18
 778 0117 00       		.byte	0
 779 0118 00       		.byte	0
 780 0119 16       		.uleb128 0x16
 781 011a 898201   		.uleb128 0x4109
 782 011d 01       		.byte	0x1
 783 011e 11       		.uleb128 0x11
 784 011f 01       		.uleb128 0x1
 785 0120 31       		.uleb128 0x31
 786 0121 13       		.uleb128 0x13
 787 0122 00       		.byte	0
 788 0123 00       		.byte	0
 789 0124 17       		.uleb128 0x17
 790 0125 34       		.uleb128 0x34
 791 0126 00       		.byte	0
 792 0127 03       		.uleb128 0x3
 793 0128 0E       		.uleb128 0xe
 794 0129 3A       		.uleb128 0x3a
 795 012a 0B       		.uleb128 0xb
 796 012b 3B       		.uleb128 0x3b
 797 012c 05       		.uleb128 0x5
 798 012d 49       		.uleb128 0x49
 799 012e 13       		.uleb128 0x13
 800 012f 3F       		.uleb128 0x3f
 801 0130 19       		.uleb128 0x19
 802 0131 3C       		.uleb128 0x3c
 803 0132 19       		.uleb128 0x19
 804 0133 00       		.byte	0
 805 0134 00       		.byte	0
 806 0135 18       		.uleb128 0x18
 807 0136 35       		.uleb128 0x35
 808 0137 00       		.byte	0
 809 0138 49       		.uleb128 0x49
 810 0139 13       		.uleb128 0x13
 811 013a 00       		.byte	0
 812 013b 00       		.byte	0
 813 013c 19       		.uleb128 0x19
 814 013d 34       		.uleb128 0x34
 815 013e 00       		.byte	0
 816 013f 03       		.uleb128 0x3
 817 0140 08       		.uleb128 0x8
 818 0141 3A       		.uleb128 0x3a
 819 0142 0B       		.uleb128 0xb
 820 0143 3B       		.uleb128 0x3b
 821 0144 0B       		.uleb128 0xb
 822 0145 49       		.uleb128 0x49
 823 0146 13       		.uleb128 0x13
 824 0147 3F       		.uleb128 0x3f
 825 0148 19       		.uleb128 0x19
 826 0149 02       		.uleb128 0x2
 827 014a 18       		.uleb128 0x18
 828 014b 00       		.byte	0
 829 014c 00       		.byte	0
ARM GAS  C:\Users\raytr\AppData\Local\Temp\ccm6CpUB.s 			page 16


 830 014d 1A       		.uleb128 0x1a
 831 014e 2E       		.uleb128 0x2e
 832 014f 01       		.byte	0x1
 833 0150 3F       		.uleb128 0x3f
 834 0151 19       		.uleb128 0x19
 835 0152 03       		.uleb128 0x3
 836 0153 0E       		.uleb128 0xe
 837 0154 3A       		.uleb128 0x3a
 838 0155 0B       		.uleb128 0xb
 839 0156 3B       		.uleb128 0x3b
 840 0157 0B       		.uleb128 0xb
 841 0158 27       		.uleb128 0x27
 842 0159 19       		.uleb128 0x19
 843 015a 3C       		.uleb128 0x3c
 844 015b 19       		.uleb128 0x19
 845 015c 01       		.uleb128 0x1
 846 015d 13       		.uleb128 0x13
 847 015e 00       		.byte	0
 848 015f 00       		.byte	0
 849 0160 1B       		.uleb128 0x1b
 850 0161 05       		.uleb128 0x5
 851 0162 00       		.byte	0
 852 0163 49       		.uleb128 0x49
 853 0164 13       		.uleb128 0x13
 854 0165 00       		.byte	0
 855 0166 00       		.byte	0
 856 0167 1C       		.uleb128 0x1c
 857 0168 0F       		.uleb128 0xf
 858 0169 00       		.byte	0
 859 016a 0B       		.uleb128 0xb
 860 016b 0B       		.uleb128 0xb
 861 016c 49       		.uleb128 0x49
 862 016d 13       		.uleb128 0x13
 863 016e 00       		.byte	0
 864 016f 00       		.byte	0
 865 0170 1D       		.uleb128 0x1d
 866 0171 2E       		.uleb128 0x2e
 867 0172 01       		.byte	0x1
 868 0173 3F       		.uleb128 0x3f
 869 0174 19       		.uleb128 0x19
 870 0175 03       		.uleb128 0x3
 871 0176 0E       		.uleb128 0xe
 872 0177 3A       		.uleb128 0x3a
 873 0178 0B       		.uleb128 0xb
 874 0179 3B       		.uleb128 0x3b
 875 017a 0B       		.uleb128 0xb
 876 017b 27       		.uleb128 0x27
 877 017c 19       		.uleb128 0x19
 878 017d 49       		.uleb128 0x49
 879 017e 13       		.uleb128 0x13
 880 017f 3C       		.uleb128 0x3c
 881 0180 19       		.uleb128 0x19
 882 0181 00       		.byte	0
 883 0182 00       		.byte	0
 884 0183 00       		.byte	0
 885              		.section	.debug_aranges,"",%progbits
 886 0000 1C000000 		.4byte	0x1c
ARM GAS  C:\Users\raytr\AppData\Local\Temp\ccm6CpUB.s 			page 17


 887 0004 0200     		.2byte	0x2
 888 0006 00000000 		.4byte	.Ldebug_info0
 889 000a 04       		.byte	0x4
 890 000b 00       		.byte	0
 891 000c 0000     		.2byte	0
 892 000e 0000     		.2byte	0
 893 0010 00000000 		.4byte	.LFB63
 894 0014 18000000 		.4byte	.LFE63-.LFB63
 895 0018 00000000 		.4byte	0
 896 001c 00000000 		.4byte	0
 897              		.section	.debug_ranges,"",%progbits
 898              	.Ldebug_ranges0:
 899 0000 00000000 		.4byte	.LFB63
 900 0004 18000000 		.4byte	.LFE63
 901 0008 00000000 		.4byte	0
 902 000c 00000000 		.4byte	0
 903              		.section	.debug_line,"",%progbits
 904              	.Ldebug_line0:
 905 0000 87010000 		.section	.debug_str,"MS",%progbits,1
 905      02006601 
 905      00000201 
 905      FB0E0D00 
 905      01010101 
 906              	.LASF3:
 907 0000 5F5F7569 		.ascii	"__uint8_t\000"
 907      6E74385F 
 907      7400
 908              	.LASF6:
 909 000a 5F5F696E 		.ascii	"__int32_t\000"
 909      7433325F 
 909      7400
 910              	.LASF23:
 911 0014 696E4269 		.ascii	"inBios\000"
 911      6F7300
 912              	.LASF7:
 913 001b 6C6F6E67 		.ascii	"long int\000"
 913      20696E74 
 913      00
 914              	.LASF21:
 915 0024 7772616D 		.ascii	"wram\000"
 915      00
 916              	.LASF26:
 917 0029 72657365 		.ascii	"reset_cpu\000"
 917      745F6370 
 917      7500
 918              	.LASF15:
 919 0033 666C6F61 		.ascii	"float\000"
 919      7400
 920              	.LASF10:
 921 0039 6C6F6E67 		.ascii	"long long unsigned int\000"
 921      206C6F6E 
 921      6720756E 
 921      7369676E 
 921      65642069 
 922              	.LASF1:
 923 0050 756E7369 		.ascii	"unsigned char\000"
 923      676E6564 
ARM GAS  C:\Users\raytr\AppData\Local\Temp\ccm6CpUB.s 			page 18


 923      20636861 
 923      7200
 924              	.LASF29:
 925 005e 2E5C6D61 		.ascii	".\\main.c\000"
 925      696E2E63 
 925      00
 926              	.LASF8:
 927 0067 6C6F6E67 		.ascii	"long unsigned int\000"
 927      20756E73 
 927      69676E65 
 927      6420696E 
 927      7400
 928              	.LASF5:
 929 0079 73686F72 		.ascii	"short unsigned int\000"
 929      7420756E 
 929      7369676E 
 929      65642069 
 929      6E7400
 930              	.LASF25:
 931 008c 49544D5F 		.ascii	"ITM_RxBuffer\000"
 931      52784275 
 931      66666572 
 931      00
 932              	.LASF30:
 933 0099 443A5C36 		.ascii	"D:\\6115\\6115FP_GBEmulator\\GBEmulator.cydsn\000"
 933      3131355C 
 933      36313135 
 933      46505F47 
 933      42456D75 
 934              	.LASF27:
 935 00c4 7469636B 		.ascii	"tick\000"
 935      00
 936              	.LASF4:
 937 00c9 5F5F7569 		.ascii	"__uint16_t\000"
 937      6E743136 
 937      5F7400
 938              	.LASF16:
 939 00d4 646F7562 		.ascii	"double\000"
 939      6C6500
 940              	.LASF19:
 941 00db 52656769 		.ascii	"Registers\000"
 941      73746572 
 941      7300
 942              	.LASF28:
 943 00e5 474E5520 		.ascii	"GNU C 4.9.3 20150303 (release) [ARM/embedded-4_9-br"
 943      4320342E 
 943      392E3320 
 943      32303135 
 943      30333033 
 944 0118 616E6368 		.ascii	"anch revision 221220] -mcpu=cortex-m3 -mthumb -g -O"
 944      20726576 
 944      6973696F 
 944      6E203232 
 944      31323230 
 945 014b 67202D66 		.ascii	"g -ffunction-sections -ffat-lto-objects\000"
 945      66756E63 
 945      74696F6E 
ARM GAS  C:\Users\raytr\AppData\Local\Temp\ccm6CpUB.s 			page 19


 945      2D736563 
 945      74696F6E 
 946              	.LASF11:
 947 0173 756E7369 		.ascii	"unsigned int\000"
 947      676E6564 
 947      20696E74 
 947      00
 948              	.LASF12:
 949 0180 75696E74 		.ascii	"uint8_t\000"
 949      385F7400 
 950              	.LASF31:
 951 0188 6D61696E 		.ascii	"main\000"
 951      00
 952              	.LASF14:
 953 018d 696E7433 		.ascii	"int32_t\000"
 953      325F7400 
 954              	.LASF18:
 955 0195 73697A65 		.ascii	"sizetype\000"
 955      74797065 
 955      00
 956              	.LASF9:
 957 019e 6C6F6E67 		.ascii	"long long int\000"
 957      206C6F6E 
 957      6720696E 
 957      7400
 958              	.LASF17:
 959 01ac 63686172 		.ascii	"char\000"
 959      00
 960              	.LASF2:
 961 01b1 73686F72 		.ascii	"short int\000"
 961      7420696E 
 961      7400
 962              	.LASF13:
 963 01bb 75696E74 		.ascii	"uint16_t\000"
 963      31365F74 
 963      00
 964              	.LASF20:
 965 01c4 4D656D6F 		.ascii	"Memory\000"
 965      727900
 966              	.LASF0:
 967 01cb 7369676E 		.ascii	"signed char\000"
 967      65642063 
 967      68617200 
 968              	.LASF22:
 969 01d7 7672616D 		.ascii	"vram\000"
 969      00
 970              	.LASF24:
 971 01dc 5F426F6F 		.ascii	"_Bool\000"
 971      6C00
 972              		.ident	"GCC: (GNU Tools for ARM Embedded Processors) 4.9.3 20150303 (release) [ARM/embedded-4_9-br
