ARM GAS  C:\Users\raytr\AppData\Local\Temp\cco5oh34.s 			page 1


   1              		.syntax unified
   2              		.cpu cortex-m3
   3              		.fpu softvfp
   4              		.eabi_attribute 20, 1
   5              		.eabi_attribute 21, 1
   6              		.eabi_attribute 23, 3
   7              		.eabi_attribute 24, 1
   8              		.eabi_attribute 25, 1
   9              		.eabi_attribute 26, 1
  10              		.eabi_attribute 30, 1
  11              		.eabi_attribute 34, 1
  12              		.eabi_attribute 18, 4
  13              		.thumb
  14              		.file	"memory.c"
  15              		.text
  16              	.Ltext0:
  17              		.cfi_sections	.debug_frame
  18              		.section	.text.reset_memory,"ax",%progbits
  19              		.align	2
  20              		.global	reset_memory
  21              		.thumb
  22              		.thumb_func
  23              		.type	reset_memory, %function
  24              	reset_memory:
  25              	.LFB0:
  26              		.file 1 ".\\memory.c"
   1:.\memory.c    **** #include "memory.h" 
   2:.\memory.c    **** #include "rom.h"
   3:.\memory.c    **** #include "cpu.h"
   4:.\memory.c    **** #include "stdint.h"
   5:.\memory.c    **** #include "stdbool.h"
   6:.\memory.c    **** 
   7:.\memory.c    **** void reset_memory(Memory* memory){
  27              		.loc 1 7 0
  28              		.cfi_startproc
  29              		@ args = 0, pretend = 0, frame = 0
  30              		@ frame_needed = 0, uses_anonymous_args = 0
  31              		@ link register save eliminated.
  32              	.LVL0:
   8:.\memory.c    ****     int i;
   9:.\memory.c    ****     for (i=0;i<WRAM_SIZE;i++){
  33              		.loc 1 9 0
  34 0000 0023     		movs	r3, #0
  35 0002 02E0     		b	.L2
  36              	.LVL1:
  37              	.L3:
  10:.\memory.c    ****         memory->wram[i] = 0;
  38              		.loc 1 10 0 discriminator 3
  39 0004 0022     		movs	r2, #0
  40 0006 C254     		strb	r2, [r0, r3]
   9:.\memory.c    ****         memory->wram[i] = 0;
  41              		.loc 1 9 0 discriminator 3
  42 0008 0133     		adds	r3, r3, #1
  43              	.LVL2:
  44              	.L2:
   9:.\memory.c    ****         memory->wram[i] = 0;
  45              		.loc 1 9 0 is_stmt 0 discriminator 1
ARM GAS  C:\Users\raytr\AppData\Local\Temp\cco5oh34.s 			page 2


  46 000a B3F5005F 		cmp	r3, #8192
  47 000e F9DB     		blt	.L3
  48 0010 0023     		movs	r3, #0
  49              	.LVL3:
  50 0012 05E0     		b	.L4
  51              	.LVL4:
  52              	.L5:
  11:.\memory.c    ****     }
  12:.\memory.c    ****     for (i=0;i<VRAM_SIZE;i++){
  13:.\memory.c    ****         memory->vram[i] = 0;
  53              		.loc 1 13 0 is_stmt 1 discriminator 3
  54 0014 C218     		adds	r2, r0, r3
  55 0016 02F50052 		add	r2, r2, #8192
  56 001a 0021     		movs	r1, #0
  57 001c 1170     		strb	r1, [r2]
  12:.\memory.c    ****         memory->vram[i] = 0;
  58              		.loc 1 12 0 discriminator 3
  59 001e 0133     		adds	r3, r3, #1
  60              	.LVL5:
  61              	.L4:
  12:.\memory.c    ****         memory->vram[i] = 0;
  62              		.loc 1 12 0 is_stmt 0 discriminator 1
  63 0020 B3F5005F 		cmp	r3, #8192
  64 0024 F6DB     		blt	.L5
  14:.\memory.c    ****     }
  15:.\memory.c    **** }
  65              		.loc 1 15 0 is_stmt 1
  66 0026 7047     		bx	lr
  67              		.cfi_endproc
  68              	.LFE0:
  69              		.size	reset_memory, .-reset_memory
  70              		.section	.text.fetch,"ax",%progbits
  71              		.align	2
  72              		.global	fetch
  73              		.thumb
  74              		.thumb_func
  75              		.type	fetch, %function
  76              	fetch:
  77              	.LFB1:
  16:.\memory.c    **** 
  17:.\memory.c    **** 
  18:.\memory.c    **** 
  19:.\memory.c    **** // 	FFFF 	Interrupt Enable Flag
  20:.\memory.c    **** //	FF80-FFFE 	Zero Page - 127 bytes
  21:.\memory.c    **** //	FF00-FF7F 	Hardware I/O Registers
  22:.\memory.c    **** //	FEA0-FEFF 	Unusable Memory
  23:.\memory.c    **** //	FE00-FE9F 	OAM - Object Attribute Memory
  24:.\memory.c    **** //	E000-FDFF 	Echo RAM - Reserved, Do Not Use
  25:.\memory.c    **** //	D000-DFFF 	Internal RAM - Bank 1-7 (switchable - CGB only)
  26:.\memory.c    **** //	C000-CFFF 	Internal RAM - Bank 0 (fixed)
  27:.\memory.c    **** //	A000-BFFF 	Cartridge RAM (If Available)
  28:.\memory.c    **** //	9C00-9FFF 	BG Map Data 2
  29:.\memory.c    **** //	9800-9BFF 	BG Map Data 1
  30:.\memory.c    **** //	8000-97FF 	Character RAM
  31:.\memory.c    **** //	4000-7FFF 	Cartridge ROM - Switchable Banks 1-xx
  32:.\memory.c    **** //	0150-3FFF 	Cartridge ROM - Bank 0 (fixed)
  33:.\memory.c    **** //	0100-014F 	Cartridge Header Area
ARM GAS  C:\Users\raytr\AppData\Local\Temp\cco5oh34.s 			page 3


  34:.\memory.c    **** //  0000-00FF 	Restart and Interrupt Vectorss
  35:.\memory.c    **** uint8_t fetch(Memory* memory, uint16_t address, bool inBios){
  78              		.loc 1 35 0
  79              		.cfi_startproc
  80              		@ args = 0, pretend = 0, frame = 0
  81              		@ frame_needed = 0, uses_anonymous_args = 0
  82              		@ link register save eliminated.
  83              	.LVL6:
  36:.\memory.c    ****     if (ROM_START <= address && address < ROM_END) {
  84              		.loc 1 36 0
  85 0000 11F4004F 		tst	r1, #32768
  86 0004 08D1     		bne	.L7
  37:.\memory.c    ****         if (inBios && address < BIOS_SIZE) {
  87              		.loc 1 37 0
  88 0006 22B1     		cbz	r2, .L8
  89              		.loc 1 37 0 is_stmt 0 discriminator 1
  90 0008 FF29     		cmp	r1, #255
  91 000a 02D8     		bhi	.L8
  38:.\memory.c    ****             return bios[address];
  92              		.loc 1 38 0 is_stmt 1
  93 000c 0D4B     		ldr	r3, .L12
  94 000e 585C     		ldrb	r0, [r3, r1]	@ zero_extendqisi2
  95              	.LVL7:
  96 0010 7047     		bx	lr
  97              	.LVL8:
  98              	.L8:
  39:.\memory.c    ****         }
  40:.\memory.c    ****         return rom[address];
  99              		.loc 1 40 0
 100 0012 0D4B     		ldr	r3, .L12+4
 101 0014 585C     		ldrb	r0, [r3, r1]	@ zero_extendqisi2
 102              	.LVL9:
 103 0016 7047     		bx	lr
 104              	.LVL10:
 105              	.L7:
  41:.\memory.c    ****     } else if (VRAM_START <= address && address < VRAM_END) {
 106              		.loc 1 41 0
 107 0018 81F40043 		eor	r3, r1, #32768
 108 001c B3F5005F 		cmp	r3, #8192
 109 0020 04D2     		bcs	.L10
  42:.\memory.c    ****         return memory->vram[address - VRAM_START];
 110              		.loc 1 42 0
 111 0022 0144     		add	r1, r1, r0
 112              	.LVL11:
 113 0024 A1F5C041 		sub	r1, r1, #24576
 114 0028 0878     		ldrb	r0, [r1]	@ zero_extendqisi2
 115              	.LVL12:
 116 002a 7047     		bx	lr
 117              	.LVL13:
 118              	.L10:
  43:.\memory.c    ****     } else if (WRAM_START <= address && address < WRAM_END) {
 119              		.loc 1 43 0
 120 002c 01F58043 		add	r3, r1, #16384
 121 0030 9BB2     		uxth	r3, r3
 122 0032 B3F5005F 		cmp	r3, #8192
 123 0036 03D2     		bcs	.L11
  44:.\memory.c    ****         return memory->wram[address - WRAM_START];
ARM GAS  C:\Users\raytr\AppData\Local\Temp\cco5oh34.s 			page 4


 124              		.loc 1 44 0
 125 0038 A1F54041 		sub	r1, r1, #49152
 126              	.LVL14:
 127 003c 405C     		ldrb	r0, [r0, r1]	@ zero_extendqisi2
 128              	.LVL15:
 129 003e 7047     		bx	lr
 130              	.LVL16:
 131              	.L11:
  45:.\memory.c    ****     }
  46:.\memory.c    ****     // TODO add other memory access locations...
  47:.\memory.c    ****     return 0;
 132              		.loc 1 47 0
 133 0040 0020     		movs	r0, #0
 134              	.LVL17:
  48:.\memory.c    **** }
 135              		.loc 1 48 0
 136 0042 7047     		bx	lr
 137              	.L13:
 138              		.align	2
 139              	.L12:
 140 0044 00000000 		.word	bios
 141 0048 00000000 		.word	rom
 142              		.cfi_endproc
 143              	.LFE1:
 144              		.size	fetch, .-fetch
 145              		.section	.text.write_mem,"ax",%progbits
 146              		.align	2
 147              		.global	write_mem
 148              		.thumb
 149              		.thumb_func
 150              		.type	write_mem, %function
 151              	write_mem:
 152              	.LFB2:
  49:.\memory.c    **** 
  50:.\memory.c    **** 
  51:.\memory.c    **** void write_mem(Memory* memory, uint16_t address, uint8_t data) {
 153              		.loc 1 51 0
 154              		.cfi_startproc
 155              		@ args = 0, pretend = 0, frame = 0
 156              		@ frame_needed = 0, uses_anonymous_args = 0
 157              		@ link register save eliminated.
 158              	.LVL18:
  52:.\memory.c    ****     if (ROM_START <= address && address < ROM_END) {
 159              		.loc 1 52 0
 160 0000 11F4004F 		tst	r1, #32768
 161 0004 12D0     		beq	.L14
  53:.\memory.c    ****         // Nothing to do... can't write to ROM
  54:.\memory.c    ****     } else if (VRAM_START <= address && address < VRAM_END) {
 162              		.loc 1 54 0
 163 0006 81F40043 		eor	r3, r1, #32768
 164 000a B3F5005F 		cmp	r3, #8192
 165 000e 04D2     		bcs	.L16
  55:.\memory.c    ****         memory->vram[address - VRAM_START] = data;
 166              		.loc 1 55 0
 167 0010 0144     		add	r1, r1, r0
 168              	.LVL19:
 169 0012 A1F5C041 		sub	r1, r1, #24576
ARM GAS  C:\Users\raytr\AppData\Local\Temp\cco5oh34.s 			page 5


 170 0016 0A70     		strb	r2, [r1]
 171 0018 7047     		bx	lr
 172              	.LVL20:
 173              	.L16:
  56:.\memory.c    ****     } else if (WRAM_START <= address && address < WRAM_END) {
 174              		.loc 1 56 0
 175 001a 01F58043 		add	r3, r1, #16384
 176 001e 9BB2     		uxth	r3, r3
 177 0020 B3F5005F 		cmp	r3, #8192
 178 0024 02D2     		bcs	.L14
  57:.\memory.c    ****         memory->wram[address - WRAM_START] = data;
 179              		.loc 1 57 0
 180 0026 A1F54041 		sub	r1, r1, #49152
 181              	.LVL21:
 182 002a 4254     		strb	r2, [r0, r1]
 183              	.L14:
 184 002c 7047     		bx	lr
 185              		.cfi_endproc
 186              	.LFE2:
 187              		.size	write_mem, .-write_mem
 188 002e 00BF     		.text
 189              	.Letext0:
 190              		.file 2 "c:\\program files (x86)\\cypress\\psoc creator\\3.3\\psoc creator\\import\\gnu\\arm\\4.9.
 191              		.file 3 "c:\\program files (x86)\\cypress\\psoc creator\\3.3\\psoc creator\\import\\gnu\\arm\\4.9.
 192              		.file 4 ".\\memory.h"
 193              		.file 5 ".\\rom.h"
 194              		.section	.debug_info,"",%progbits
 195              	.Ldebug_info0:
 196 0000 E0010000 		.4byte	0x1e0
 197 0004 0400     		.2byte	0x4
 198 0006 00000000 		.4byte	.Ldebug_abbrev0
 199 000a 04       		.byte	0x4
 200 000b 01       		.uleb128 0x1
 201 000c AA000000 		.4byte	.LASF25
 202 0010 01       		.byte	0x1
 203 0011 83010000 		.4byte	.LASF26
 204 0015 18000000 		.4byte	.LASF27
 205 0019 00000000 		.4byte	.Ldebug_ranges0+0
 206 001d 00000000 		.4byte	0
 207 0021 00000000 		.4byte	.Ldebug_line0
 208 0025 02       		.uleb128 0x2
 209 0026 01       		.byte	0x1
 210 0027 06       		.byte	0x6
 211 0028 AA010000 		.4byte	.LASF0
 212 002c 03       		.uleb128 0x3
 213 002d 0E000000 		.4byte	.LASF3
 214 0031 02       		.byte	0x2
 215 0032 1D       		.byte	0x1d
 216 0033 37000000 		.4byte	0x37
 217 0037 02       		.uleb128 0x2
 218 0038 01       		.byte	0x1
 219 0039 08       		.byte	0x8
 220 003a 66000000 		.4byte	.LASF1
 221 003e 02       		.uleb128 0x2
 222 003f 02       		.byte	0x2
 223 0040 05       		.byte	0x5
 224 0041 8E010000 		.4byte	.LASF2
ARM GAS  C:\Users\raytr\AppData\Local\Temp\cco5oh34.s 			page 6


 225 0045 03       		.uleb128 0x3
 226 0046 99000000 		.4byte	.LASF4
 227 004a 02       		.byte	0x2
 228 004b 2B       		.byte	0x2b
 229 004c 50000000 		.4byte	0x50
 230 0050 02       		.uleb128 0x2
 231 0051 02       		.byte	0x2
 232 0052 07       		.byte	0x7
 233 0053 86000000 		.4byte	.LASF5
 234 0057 02       		.uleb128 0x2
 235 0058 04       		.byte	0x4
 236 0059 05       		.byte	0x5
 237 005a A1010000 		.4byte	.LASF6
 238 005e 02       		.uleb128 0x2
 239 005f 04       		.byte	0x4
 240 0060 07       		.byte	0x7
 241 0061 74000000 		.4byte	.LASF7
 242 0065 02       		.uleb128 0x2
 243 0066 08       		.byte	0x8
 244 0067 05       		.byte	0x5
 245 0068 75010000 		.4byte	.LASF8
 246 006c 02       		.uleb128 0x2
 247 006d 08       		.byte	0x8
 248 006e 07       		.byte	0x7
 249 006f 4D010000 		.4byte	.LASF9
 250 0073 04       		.uleb128 0x4
 251 0074 04       		.byte	0x4
 252 0075 05       		.byte	0x5
 253 0076 696E7400 		.ascii	"int\000"
 254 007a 02       		.uleb128 0x2
 255 007b 04       		.byte	0x4
 256 007c 07       		.byte	0x7
 257 007d 38010000 		.4byte	.LASF10
 258 0081 03       		.uleb128 0x3
 259 0082 64010000 		.4byte	.LASF11
 260 0086 03       		.byte	0x3
 261 0087 15       		.byte	0x15
 262 0088 2C000000 		.4byte	0x2c
 263 008c 03       		.uleb128 0x3
 264 008d 98010000 		.4byte	.LASF12
 265 0091 03       		.byte	0x3
 266 0092 21       		.byte	0x21
 267 0093 45000000 		.4byte	0x45
 268 0097 05       		.uleb128 0x5
 269 0098 5A000000 		.4byte	.LASF16
 270 009c 0040     		.2byte	0x4000
 271 009e 04       		.byte	0x4
 272 009f 0F       		.byte	0xf
 273 00a0 BE000000 		.4byte	0xbe
 274 00a4 06       		.uleb128 0x6
 275 00a5 55000000 		.4byte	.LASF13
 276 00a9 04       		.byte	0x4
 277 00aa 10       		.byte	0x10
 278 00ab BE000000 		.4byte	0xbe
 279 00af 00       		.byte	0
 280 00b0 07       		.uleb128 0x7
 281 00b1 B6010000 		.4byte	.LASF14
ARM GAS  C:\Users\raytr\AppData\Local\Temp\cco5oh34.s 			page 7


 282 00b5 04       		.byte	0x4
 283 00b6 11       		.byte	0x11
 284 00b7 BE000000 		.4byte	0xbe
 285 00bb 0020     		.2byte	0x2000
 286 00bd 00       		.byte	0
 287 00be 08       		.uleb128 0x8
 288 00bf 81000000 		.4byte	0x81
 289 00c3 CF000000 		.4byte	0xcf
 290 00c7 09       		.uleb128 0x9
 291 00c8 CF000000 		.4byte	0xcf
 292 00cc FF1F     		.2byte	0x1fff
 293 00ce 00       		.byte	0
 294 00cf 02       		.uleb128 0x2
 295 00d0 04       		.byte	0x4
 296 00d1 07       		.byte	0x7
 297 00d2 6C010000 		.4byte	.LASF15
 298 00d6 03       		.uleb128 0x3
 299 00d7 5A000000 		.4byte	.LASF16
 300 00db 04       		.byte	0x4
 301 00dc 12       		.byte	0x12
 302 00dd 97000000 		.4byte	0x97
 303 00e1 02       		.uleb128 0x2
 304 00e2 01       		.byte	0x1
 305 00e3 02       		.byte	0x2
 306 00e4 C5010000 		.4byte	.LASF17
 307 00e8 0A       		.uleb128 0xa
 308 00e9 43000000 		.4byte	.LASF21
 309 00ed 01       		.byte	0x1
 310 00ee 07       		.byte	0x7
 311 00ef 00000000 		.4byte	.LFB0
 312 00f3 28000000 		.4byte	.LFE0-.LFB0
 313 00f7 01       		.uleb128 0x1
 314 00f8 9C       		.byte	0x9c
 315 00f9 18010000 		.4byte	0x118
 316 00fd 0B       		.uleb128 0xb
 317 00fe 07000000 		.4byte	.LASF18
 318 0102 01       		.byte	0x1
 319 0103 07       		.byte	0x7
 320 0104 18010000 		.4byte	0x118
 321 0108 01       		.uleb128 0x1
 322 0109 50       		.byte	0x50
 323 010a 0C       		.uleb128 0xc
 324 010b 6900     		.ascii	"i\000"
 325 010d 01       		.byte	0x1
 326 010e 08       		.byte	0x8
 327 010f 73000000 		.4byte	0x73
 328 0113 00000000 		.4byte	.LLST0
 329 0117 00       		.byte	0
 330 0118 0D       		.uleb128 0xd
 331 0119 04       		.byte	0x4
 332 011a D6000000 		.4byte	0xd6
 333 011e 0E       		.uleb128 0xe
 334 011f A4000000 		.4byte	.LASF28
 335 0123 01       		.byte	0x1
 336 0124 23       		.byte	0x23
 337 0125 81000000 		.4byte	0x81
 338 0129 00000000 		.4byte	.LFB1
ARM GAS  C:\Users\raytr\AppData\Local\Temp\cco5oh34.s 			page 8


 339 012d 4C000000 		.4byte	.LFE1-.LFB1
 340 0131 01       		.uleb128 0x1
 341 0132 9C       		.byte	0x9c
 342 0133 63010000 		.4byte	0x163
 343 0137 0F       		.uleb128 0xf
 344 0138 07000000 		.4byte	.LASF18
 345 013c 01       		.byte	0x1
 346 013d 23       		.byte	0x23
 347 013e 18010000 		.4byte	0x118
 348 0142 2A000000 		.4byte	.LLST1
 349 0146 0F       		.uleb128 0xf
 350 0147 45010000 		.4byte	.LASF19
 351 014b 01       		.byte	0x1
 352 014c 23       		.byte	0x23
 353 014d 8C000000 		.4byte	0x8c
 354 0151 AF000000 		.4byte	.LLST2
 355 0155 0B       		.uleb128 0xb
 356 0156 00000000 		.4byte	.LASF20
 357 015a 01       		.byte	0x1
 358 015b 23       		.byte	0x23
 359 015c E1000000 		.4byte	0xe1
 360 0160 01       		.uleb128 0x1
 361 0161 52       		.byte	0x52
 362 0162 00       		.byte	0
 363 0163 0A       		.uleb128 0xa
 364 0164 BB010000 		.4byte	.LASF22
 365 0168 01       		.byte	0x1
 366 0169 33       		.byte	0x33
 367 016a 00000000 		.4byte	.LFB2
 368 016e 2E000000 		.4byte	.LFE2-.LFB2
 369 0172 01       		.uleb128 0x1
 370 0173 9C       		.byte	0x9c
 371 0174 A2010000 		.4byte	0x1a2
 372 0178 0B       		.uleb128 0xb
 373 0179 07000000 		.4byte	.LASF18
 374 017d 01       		.byte	0x1
 375 017e 33       		.byte	0x33
 376 017f 18010000 		.4byte	0x118
 377 0183 01       		.uleb128 0x1
 378 0184 50       		.byte	0x50
 379 0185 0F       		.uleb128 0xf
 380 0186 45010000 		.4byte	.LASF19
 381 018a 01       		.byte	0x1
 382 018b 33       		.byte	0x33
 383 018c 8C000000 		.4byte	0x8c
 384 0190 F4000000 		.4byte	.LLST3
 385 0194 0B       		.uleb128 0xb
 386 0195 61000000 		.4byte	.LASF23
 387 0199 01       		.byte	0x1
 388 019a 33       		.byte	0x33
 389 019b 81000000 		.4byte	0x81
 390 019f 01       		.uleb128 0x1
 391 01a0 52       		.byte	0x52
 392 01a1 00       		.byte	0
 393 01a2 08       		.uleb128 0x8
 394 01a3 81000000 		.4byte	0x81
 395 01a7 B2010000 		.4byte	0x1b2
ARM GAS  C:\Users\raytr\AppData\Local\Temp\cco5oh34.s 			page 9


 396 01ab 10       		.uleb128 0x10
 397 01ac CF000000 		.4byte	0xcf
 398 01b0 FF       		.byte	0xff
 399 01b1 00       		.byte	0
 400 01b2 11       		.uleb128 0x11
 401 01b3 50000000 		.4byte	.LASF24
 402 01b7 05       		.byte	0x5
 403 01b8 05       		.byte	0x5
 404 01b9 BD010000 		.4byte	0x1bd
 405 01bd 12       		.uleb128 0x12
 406 01be A2010000 		.4byte	0x1a2
 407 01c2 08       		.uleb128 0x8
 408 01c3 81000000 		.4byte	0x81
 409 01c7 D3010000 		.4byte	0x1d3
 410 01cb 09       		.uleb128 0x9
 411 01cc CF000000 		.4byte	0xcf
 412 01d0 FF7F     		.2byte	0x7fff
 413 01d2 00       		.byte	0
 414 01d3 13       		.uleb128 0x13
 415 01d4 726F6D00 		.ascii	"rom\000"
 416 01d8 05       		.byte	0x5
 417 01d9 06       		.byte	0x6
 418 01da DE010000 		.4byte	0x1de
 419 01de 12       		.uleb128 0x12
 420 01df C2010000 		.4byte	0x1c2
 421 01e3 00       		.byte	0
 422              		.section	.debug_abbrev,"",%progbits
 423              	.Ldebug_abbrev0:
 424 0000 01       		.uleb128 0x1
 425 0001 11       		.uleb128 0x11
 426 0002 01       		.byte	0x1
 427 0003 25       		.uleb128 0x25
 428 0004 0E       		.uleb128 0xe
 429 0005 13       		.uleb128 0x13
 430 0006 0B       		.uleb128 0xb
 431 0007 03       		.uleb128 0x3
 432 0008 0E       		.uleb128 0xe
 433 0009 1B       		.uleb128 0x1b
 434 000a 0E       		.uleb128 0xe
 435 000b 55       		.uleb128 0x55
 436 000c 17       		.uleb128 0x17
 437 000d 11       		.uleb128 0x11
 438 000e 01       		.uleb128 0x1
 439 000f 10       		.uleb128 0x10
 440 0010 17       		.uleb128 0x17
 441 0011 00       		.byte	0
 442 0012 00       		.byte	0
 443 0013 02       		.uleb128 0x2
 444 0014 24       		.uleb128 0x24
 445 0015 00       		.byte	0
 446 0016 0B       		.uleb128 0xb
 447 0017 0B       		.uleb128 0xb
 448 0018 3E       		.uleb128 0x3e
 449 0019 0B       		.uleb128 0xb
 450 001a 03       		.uleb128 0x3
 451 001b 0E       		.uleb128 0xe
 452 001c 00       		.byte	0
ARM GAS  C:\Users\raytr\AppData\Local\Temp\cco5oh34.s 			page 10


 453 001d 00       		.byte	0
 454 001e 03       		.uleb128 0x3
 455 001f 16       		.uleb128 0x16
 456 0020 00       		.byte	0
 457 0021 03       		.uleb128 0x3
 458 0022 0E       		.uleb128 0xe
 459 0023 3A       		.uleb128 0x3a
 460 0024 0B       		.uleb128 0xb
 461 0025 3B       		.uleb128 0x3b
 462 0026 0B       		.uleb128 0xb
 463 0027 49       		.uleb128 0x49
 464 0028 13       		.uleb128 0x13
 465 0029 00       		.byte	0
 466 002a 00       		.byte	0
 467 002b 04       		.uleb128 0x4
 468 002c 24       		.uleb128 0x24
 469 002d 00       		.byte	0
 470 002e 0B       		.uleb128 0xb
 471 002f 0B       		.uleb128 0xb
 472 0030 3E       		.uleb128 0x3e
 473 0031 0B       		.uleb128 0xb
 474 0032 03       		.uleb128 0x3
 475 0033 08       		.uleb128 0x8
 476 0034 00       		.byte	0
 477 0035 00       		.byte	0
 478 0036 05       		.uleb128 0x5
 479 0037 13       		.uleb128 0x13
 480 0038 01       		.byte	0x1
 481 0039 03       		.uleb128 0x3
 482 003a 0E       		.uleb128 0xe
 483 003b 0B       		.uleb128 0xb
 484 003c 05       		.uleb128 0x5
 485 003d 3A       		.uleb128 0x3a
 486 003e 0B       		.uleb128 0xb
 487 003f 3B       		.uleb128 0x3b
 488 0040 0B       		.uleb128 0xb
 489 0041 01       		.uleb128 0x1
 490 0042 13       		.uleb128 0x13
 491 0043 00       		.byte	0
 492 0044 00       		.byte	0
 493 0045 06       		.uleb128 0x6
 494 0046 0D       		.uleb128 0xd
 495 0047 00       		.byte	0
 496 0048 03       		.uleb128 0x3
 497 0049 0E       		.uleb128 0xe
 498 004a 3A       		.uleb128 0x3a
 499 004b 0B       		.uleb128 0xb
 500 004c 3B       		.uleb128 0x3b
 501 004d 0B       		.uleb128 0xb
 502 004e 49       		.uleb128 0x49
 503 004f 13       		.uleb128 0x13
 504 0050 38       		.uleb128 0x38
 505 0051 0B       		.uleb128 0xb
 506 0052 00       		.byte	0
 507 0053 00       		.byte	0
 508 0054 07       		.uleb128 0x7
 509 0055 0D       		.uleb128 0xd
ARM GAS  C:\Users\raytr\AppData\Local\Temp\cco5oh34.s 			page 11


 510 0056 00       		.byte	0
 511 0057 03       		.uleb128 0x3
 512 0058 0E       		.uleb128 0xe
 513 0059 3A       		.uleb128 0x3a
 514 005a 0B       		.uleb128 0xb
 515 005b 3B       		.uleb128 0x3b
 516 005c 0B       		.uleb128 0xb
 517 005d 49       		.uleb128 0x49
 518 005e 13       		.uleb128 0x13
 519 005f 38       		.uleb128 0x38
 520 0060 05       		.uleb128 0x5
 521 0061 00       		.byte	0
 522 0062 00       		.byte	0
 523 0063 08       		.uleb128 0x8
 524 0064 01       		.uleb128 0x1
 525 0065 01       		.byte	0x1
 526 0066 49       		.uleb128 0x49
 527 0067 13       		.uleb128 0x13
 528 0068 01       		.uleb128 0x1
 529 0069 13       		.uleb128 0x13
 530 006a 00       		.byte	0
 531 006b 00       		.byte	0
 532 006c 09       		.uleb128 0x9
 533 006d 21       		.uleb128 0x21
 534 006e 00       		.byte	0
 535 006f 49       		.uleb128 0x49
 536 0070 13       		.uleb128 0x13
 537 0071 2F       		.uleb128 0x2f
 538 0072 05       		.uleb128 0x5
 539 0073 00       		.byte	0
 540 0074 00       		.byte	0
 541 0075 0A       		.uleb128 0xa
 542 0076 2E       		.uleb128 0x2e
 543 0077 01       		.byte	0x1
 544 0078 3F       		.uleb128 0x3f
 545 0079 19       		.uleb128 0x19
 546 007a 03       		.uleb128 0x3
 547 007b 0E       		.uleb128 0xe
 548 007c 3A       		.uleb128 0x3a
 549 007d 0B       		.uleb128 0xb
 550 007e 3B       		.uleb128 0x3b
 551 007f 0B       		.uleb128 0xb
 552 0080 27       		.uleb128 0x27
 553 0081 19       		.uleb128 0x19
 554 0082 11       		.uleb128 0x11
 555 0083 01       		.uleb128 0x1
 556 0084 12       		.uleb128 0x12
 557 0085 06       		.uleb128 0x6
 558 0086 40       		.uleb128 0x40
 559 0087 18       		.uleb128 0x18
 560 0088 9742     		.uleb128 0x2117
 561 008a 19       		.uleb128 0x19
 562 008b 01       		.uleb128 0x1
 563 008c 13       		.uleb128 0x13
 564 008d 00       		.byte	0
 565 008e 00       		.byte	0
 566 008f 0B       		.uleb128 0xb
ARM GAS  C:\Users\raytr\AppData\Local\Temp\cco5oh34.s 			page 12


 567 0090 05       		.uleb128 0x5
 568 0091 00       		.byte	0
 569 0092 03       		.uleb128 0x3
 570 0093 0E       		.uleb128 0xe
 571 0094 3A       		.uleb128 0x3a
 572 0095 0B       		.uleb128 0xb
 573 0096 3B       		.uleb128 0x3b
 574 0097 0B       		.uleb128 0xb
 575 0098 49       		.uleb128 0x49
 576 0099 13       		.uleb128 0x13
 577 009a 02       		.uleb128 0x2
 578 009b 18       		.uleb128 0x18
 579 009c 00       		.byte	0
 580 009d 00       		.byte	0
 581 009e 0C       		.uleb128 0xc
 582 009f 34       		.uleb128 0x34
 583 00a0 00       		.byte	0
 584 00a1 03       		.uleb128 0x3
 585 00a2 08       		.uleb128 0x8
 586 00a3 3A       		.uleb128 0x3a
 587 00a4 0B       		.uleb128 0xb
 588 00a5 3B       		.uleb128 0x3b
 589 00a6 0B       		.uleb128 0xb
 590 00a7 49       		.uleb128 0x49
 591 00a8 13       		.uleb128 0x13
 592 00a9 02       		.uleb128 0x2
 593 00aa 17       		.uleb128 0x17
 594 00ab 00       		.byte	0
 595 00ac 00       		.byte	0
 596 00ad 0D       		.uleb128 0xd
 597 00ae 0F       		.uleb128 0xf
 598 00af 00       		.byte	0
 599 00b0 0B       		.uleb128 0xb
 600 00b1 0B       		.uleb128 0xb
 601 00b2 49       		.uleb128 0x49
 602 00b3 13       		.uleb128 0x13
 603 00b4 00       		.byte	0
 604 00b5 00       		.byte	0
 605 00b6 0E       		.uleb128 0xe
 606 00b7 2E       		.uleb128 0x2e
 607 00b8 01       		.byte	0x1
 608 00b9 3F       		.uleb128 0x3f
 609 00ba 19       		.uleb128 0x19
 610 00bb 03       		.uleb128 0x3
 611 00bc 0E       		.uleb128 0xe
 612 00bd 3A       		.uleb128 0x3a
 613 00be 0B       		.uleb128 0xb
 614 00bf 3B       		.uleb128 0x3b
 615 00c0 0B       		.uleb128 0xb
 616 00c1 27       		.uleb128 0x27
 617 00c2 19       		.uleb128 0x19
 618 00c3 49       		.uleb128 0x49
 619 00c4 13       		.uleb128 0x13
 620 00c5 11       		.uleb128 0x11
 621 00c6 01       		.uleb128 0x1
 622 00c7 12       		.uleb128 0x12
 623 00c8 06       		.uleb128 0x6
ARM GAS  C:\Users\raytr\AppData\Local\Temp\cco5oh34.s 			page 13


 624 00c9 40       		.uleb128 0x40
 625 00ca 18       		.uleb128 0x18
 626 00cb 9742     		.uleb128 0x2117
 627 00cd 19       		.uleb128 0x19
 628 00ce 01       		.uleb128 0x1
 629 00cf 13       		.uleb128 0x13
 630 00d0 00       		.byte	0
 631 00d1 00       		.byte	0
 632 00d2 0F       		.uleb128 0xf
 633 00d3 05       		.uleb128 0x5
 634 00d4 00       		.byte	0
 635 00d5 03       		.uleb128 0x3
 636 00d6 0E       		.uleb128 0xe
 637 00d7 3A       		.uleb128 0x3a
 638 00d8 0B       		.uleb128 0xb
 639 00d9 3B       		.uleb128 0x3b
 640 00da 0B       		.uleb128 0xb
 641 00db 49       		.uleb128 0x49
 642 00dc 13       		.uleb128 0x13
 643 00dd 02       		.uleb128 0x2
 644 00de 17       		.uleb128 0x17
 645 00df 00       		.byte	0
 646 00e0 00       		.byte	0
 647 00e1 10       		.uleb128 0x10
 648 00e2 21       		.uleb128 0x21
 649 00e3 00       		.byte	0
 650 00e4 49       		.uleb128 0x49
 651 00e5 13       		.uleb128 0x13
 652 00e6 2F       		.uleb128 0x2f
 653 00e7 0B       		.uleb128 0xb
 654 00e8 00       		.byte	0
 655 00e9 00       		.byte	0
 656 00ea 11       		.uleb128 0x11
 657 00eb 34       		.uleb128 0x34
 658 00ec 00       		.byte	0
 659 00ed 03       		.uleb128 0x3
 660 00ee 0E       		.uleb128 0xe
 661 00ef 3A       		.uleb128 0x3a
 662 00f0 0B       		.uleb128 0xb
 663 00f1 3B       		.uleb128 0x3b
 664 00f2 0B       		.uleb128 0xb
 665 00f3 49       		.uleb128 0x49
 666 00f4 13       		.uleb128 0x13
 667 00f5 3F       		.uleb128 0x3f
 668 00f6 19       		.uleb128 0x19
 669 00f7 3C       		.uleb128 0x3c
 670 00f8 19       		.uleb128 0x19
 671 00f9 00       		.byte	0
 672 00fa 00       		.byte	0
 673 00fb 12       		.uleb128 0x12
 674 00fc 26       		.uleb128 0x26
 675 00fd 00       		.byte	0
 676 00fe 49       		.uleb128 0x49
 677 00ff 13       		.uleb128 0x13
 678 0100 00       		.byte	0
 679 0101 00       		.byte	0
 680 0102 13       		.uleb128 0x13
ARM GAS  C:\Users\raytr\AppData\Local\Temp\cco5oh34.s 			page 14


 681 0103 34       		.uleb128 0x34
 682 0104 00       		.byte	0
 683 0105 03       		.uleb128 0x3
 684 0106 08       		.uleb128 0x8
 685 0107 3A       		.uleb128 0x3a
 686 0108 0B       		.uleb128 0xb
 687 0109 3B       		.uleb128 0x3b
 688 010a 0B       		.uleb128 0xb
 689 010b 49       		.uleb128 0x49
 690 010c 13       		.uleb128 0x13
 691 010d 3F       		.uleb128 0x3f
 692 010e 19       		.uleb128 0x19
 693 010f 3C       		.uleb128 0x3c
 694 0110 19       		.uleb128 0x19
 695 0111 00       		.byte	0
 696 0112 00       		.byte	0
 697 0113 00       		.byte	0
 698              		.section	.debug_loc,"",%progbits
 699              	.Ldebug_loc0:
 700              	.LLST0:
 701 0000 00000000 		.4byte	.LVL0
 702 0004 04000000 		.4byte	.LVL1
 703 0008 0200     		.2byte	0x2
 704 000a 30       		.byte	0x30
 705 000b 9F       		.byte	0x9f
 706 000c 04000000 		.4byte	.LVL1
 707 0010 12000000 		.4byte	.LVL3
 708 0014 0100     		.2byte	0x1
 709 0016 53       		.byte	0x53
 710 0017 14000000 		.4byte	.LVL4
 711 001b 28000000 		.4byte	.LFE0
 712 001f 0100     		.2byte	0x1
 713 0021 53       		.byte	0x53
 714 0022 00000000 		.4byte	0
 715 0026 00000000 		.4byte	0
 716              	.LLST1:
 717 002a 00000000 		.4byte	.LVL6
 718 002e 10000000 		.4byte	.LVL7
 719 0032 0100     		.2byte	0x1
 720 0034 50       		.byte	0x50
 721 0035 10000000 		.4byte	.LVL7
 722 0039 12000000 		.4byte	.LVL8
 723 003d 0400     		.2byte	0x4
 724 003f F3       		.byte	0xf3
 725 0040 01       		.uleb128 0x1
 726 0041 50       		.byte	0x50
 727 0042 9F       		.byte	0x9f
 728 0043 12000000 		.4byte	.LVL8
 729 0047 16000000 		.4byte	.LVL9
 730 004b 0100     		.2byte	0x1
 731 004d 50       		.byte	0x50
 732 004e 16000000 		.4byte	.LVL9
 733 0052 18000000 		.4byte	.LVL10
 734 0056 0400     		.2byte	0x4
 735 0058 F3       		.byte	0xf3
 736 0059 01       		.uleb128 0x1
 737 005a 50       		.byte	0x50
ARM GAS  C:\Users\raytr\AppData\Local\Temp\cco5oh34.s 			page 15


 738 005b 9F       		.byte	0x9f
 739 005c 18000000 		.4byte	.LVL10
 740 0060 2A000000 		.4byte	.LVL12
 741 0064 0100     		.2byte	0x1
 742 0066 50       		.byte	0x50
 743 0067 2A000000 		.4byte	.LVL12
 744 006b 2C000000 		.4byte	.LVL13
 745 006f 0400     		.2byte	0x4
 746 0071 F3       		.byte	0xf3
 747 0072 01       		.uleb128 0x1
 748 0073 50       		.byte	0x50
 749 0074 9F       		.byte	0x9f
 750 0075 2C000000 		.4byte	.LVL13
 751 0079 3E000000 		.4byte	.LVL15
 752 007d 0100     		.2byte	0x1
 753 007f 50       		.byte	0x50
 754 0080 3E000000 		.4byte	.LVL15
 755 0084 40000000 		.4byte	.LVL16
 756 0088 0400     		.2byte	0x4
 757 008a F3       		.byte	0xf3
 758 008b 01       		.uleb128 0x1
 759 008c 50       		.byte	0x50
 760 008d 9F       		.byte	0x9f
 761 008e 40000000 		.4byte	.LVL16
 762 0092 42000000 		.4byte	.LVL17
 763 0096 0100     		.2byte	0x1
 764 0098 50       		.byte	0x50
 765 0099 42000000 		.4byte	.LVL17
 766 009d 4C000000 		.4byte	.LFE1
 767 00a1 0400     		.2byte	0x4
 768 00a3 F3       		.byte	0xf3
 769 00a4 01       		.uleb128 0x1
 770 00a5 50       		.byte	0x50
 771 00a6 9F       		.byte	0x9f
 772 00a7 00000000 		.4byte	0
 773 00ab 00000000 		.4byte	0
 774              	.LLST2:
 775 00af 00000000 		.4byte	.LVL6
 776 00b3 24000000 		.4byte	.LVL11
 777 00b7 0100     		.2byte	0x1
 778 00b9 51       		.byte	0x51
 779 00ba 24000000 		.4byte	.LVL11
 780 00be 2C000000 		.4byte	.LVL13
 781 00c2 0400     		.2byte	0x4
 782 00c4 F3       		.byte	0xf3
 783 00c5 01       		.uleb128 0x1
 784 00c6 51       		.byte	0x51
 785 00c7 9F       		.byte	0x9f
 786 00c8 2C000000 		.4byte	.LVL13
 787 00cc 3C000000 		.4byte	.LVL14
 788 00d0 0100     		.2byte	0x1
 789 00d2 51       		.byte	0x51
 790 00d3 3C000000 		.4byte	.LVL14
 791 00d7 40000000 		.4byte	.LVL16
 792 00db 0400     		.2byte	0x4
 793 00dd F3       		.byte	0xf3
 794 00de 01       		.uleb128 0x1
ARM GAS  C:\Users\raytr\AppData\Local\Temp\cco5oh34.s 			page 16


 795 00df 51       		.byte	0x51
 796 00e0 9F       		.byte	0x9f
 797 00e1 40000000 		.4byte	.LVL16
 798 00e5 4C000000 		.4byte	.LFE1
 799 00e9 0100     		.2byte	0x1
 800 00eb 51       		.byte	0x51
 801 00ec 00000000 		.4byte	0
 802 00f0 00000000 		.4byte	0
 803              	.LLST3:
 804 00f4 00000000 		.4byte	.LVL18
 805 00f8 12000000 		.4byte	.LVL19
 806 00fc 0100     		.2byte	0x1
 807 00fe 51       		.byte	0x51
 808 00ff 12000000 		.4byte	.LVL19
 809 0103 1A000000 		.4byte	.LVL20
 810 0107 0400     		.2byte	0x4
 811 0109 F3       		.byte	0xf3
 812 010a 01       		.uleb128 0x1
 813 010b 51       		.byte	0x51
 814 010c 9F       		.byte	0x9f
 815 010d 1A000000 		.4byte	.LVL20
 816 0111 2A000000 		.4byte	.LVL21
 817 0115 0100     		.2byte	0x1
 818 0117 51       		.byte	0x51
 819 0118 2A000000 		.4byte	.LVL21
 820 011c 2E000000 		.4byte	.LFE2
 821 0120 0400     		.2byte	0x4
 822 0122 F3       		.byte	0xf3
 823 0123 01       		.uleb128 0x1
 824 0124 51       		.byte	0x51
 825 0125 9F       		.byte	0x9f
 826 0126 00000000 		.4byte	0
 827 012a 00000000 		.4byte	0
 828              		.section	.debug_aranges,"",%progbits
 829 0000 2C000000 		.4byte	0x2c
 830 0004 0200     		.2byte	0x2
 831 0006 00000000 		.4byte	.Ldebug_info0
 832 000a 04       		.byte	0x4
 833 000b 00       		.byte	0
 834 000c 0000     		.2byte	0
 835 000e 0000     		.2byte	0
 836 0010 00000000 		.4byte	.LFB0
 837 0014 28000000 		.4byte	.LFE0-.LFB0
 838 0018 00000000 		.4byte	.LFB1
 839 001c 4C000000 		.4byte	.LFE1-.LFB1
 840 0020 00000000 		.4byte	.LFB2
 841 0024 2E000000 		.4byte	.LFE2-.LFB2
 842 0028 00000000 		.4byte	0
 843 002c 00000000 		.4byte	0
 844              		.section	.debug_ranges,"",%progbits
 845              	.Ldebug_ranges0:
 846 0000 00000000 		.4byte	.LFB0
 847 0004 28000000 		.4byte	.LFE0
 848 0008 00000000 		.4byte	.LFB1
 849 000c 4C000000 		.4byte	.LFE1
 850 0010 00000000 		.4byte	.LFB2
 851 0014 2E000000 		.4byte	.LFE2
ARM GAS  C:\Users\raytr\AppData\Local\Temp\cco5oh34.s 			page 17


 852 0018 00000000 		.4byte	0
 853 001c 00000000 		.4byte	0
 854              		.section	.debug_line,"",%progbits
 855              	.Ldebug_line0:
 856 0000 9D010000 		.section	.debug_str,"MS",%progbits,1
 856      02003201 
 856      00000201 
 856      FB0E0D00 
 856      01010101 
 857              	.LASF20:
 858 0000 696E4269 		.ascii	"inBios\000"
 858      6F7300
 859              	.LASF18:
 860 0007 6D656D6F 		.ascii	"memory\000"
 860      727900
 861              	.LASF3:
 862 000e 5F5F7569 		.ascii	"__uint8_t\000"
 862      6E74385F 
 862      7400
 863              	.LASF27:
 864 0018 443A5C36 		.ascii	"D:\\6115\\6115FP_GBEmulator\\GBEmulator.cydsn\000"
 864      3131355C 
 864      36313135 
 864      46505F47 
 864      42456D75 
 865              	.LASF21:
 866 0043 72657365 		.ascii	"reset_memory\000"
 866      745F6D65 
 866      6D6F7279 
 866      00
 867              	.LASF24:
 868 0050 62696F73 		.ascii	"bios\000"
 868      00
 869              	.LASF13:
 870 0055 7772616D 		.ascii	"wram\000"
 870      00
 871              	.LASF16:
 872 005a 4D656D6F 		.ascii	"Memory\000"
 872      727900
 873              	.LASF23:
 874 0061 64617461 		.ascii	"data\000"
 874      00
 875              	.LASF1:
 876 0066 756E7369 		.ascii	"unsigned char\000"
 876      676E6564 
 876      20636861 
 876      7200
 877              	.LASF7:
 878 0074 6C6F6E67 		.ascii	"long unsigned int\000"
 878      20756E73 
 878      69676E65 
 878      6420696E 
 878      7400
 879              	.LASF5:
 880 0086 73686F72 		.ascii	"short unsigned int\000"
 880      7420756E 
 880      7369676E 
ARM GAS  C:\Users\raytr\AppData\Local\Temp\cco5oh34.s 			page 18


 880      65642069 
 880      6E7400
 881              	.LASF4:
 882 0099 5F5F7569 		.ascii	"__uint16_t\000"
 882      6E743136 
 882      5F7400
 883              	.LASF28:
 884 00a4 66657463 		.ascii	"fetch\000"
 884      6800
 885              	.LASF25:
 886 00aa 474E5520 		.ascii	"GNU C 4.9.3 20150303 (release) [ARM/embedded-4_9-br"
 886      4320342E 
 886      392E3320 
 886      32303135 
 886      30333033 
 887 00dd 616E6368 		.ascii	"anch revision 221220] -mcpu=cortex-m3 -mthumb -g -O"
 887      20726576 
 887      6973696F 
 887      6E203232 
 887      31323230 
 888 0110 67202D66 		.ascii	"g -ffunction-sections -ffat-lto-objects\000"
 888      66756E63 
 888      74696F6E 
 888      2D736563 
 888      74696F6E 
 889              	.LASF10:
 890 0138 756E7369 		.ascii	"unsigned int\000"
 890      676E6564 
 890      20696E74 
 890      00
 891              	.LASF19:
 892 0145 61646472 		.ascii	"address\000"
 892      65737300 
 893              	.LASF9:
 894 014d 6C6F6E67 		.ascii	"long long unsigned int\000"
 894      206C6F6E 
 894      6720756E 
 894      7369676E 
 894      65642069 
 895              	.LASF11:
 896 0164 75696E74 		.ascii	"uint8_t\000"
 896      385F7400 
 897              	.LASF15:
 898 016c 73697A65 		.ascii	"sizetype\000"
 898      74797065 
 898      00
 899              	.LASF8:
 900 0175 6C6F6E67 		.ascii	"long long int\000"
 900      206C6F6E 
 900      6720696E 
 900      7400
 901              	.LASF26:
 902 0183 2E5C6D65 		.ascii	".\\memory.c\000"
 902      6D6F7279 
 902      2E6300
 903              	.LASF2:
 904 018e 73686F72 		.ascii	"short int\000"
ARM GAS  C:\Users\raytr\AppData\Local\Temp\cco5oh34.s 			page 19


 904      7420696E 
 904      7400
 905              	.LASF12:
 906 0198 75696E74 		.ascii	"uint16_t\000"
 906      31365F74 
 906      00
 907              	.LASF6:
 908 01a1 6C6F6E67 		.ascii	"long int\000"
 908      20696E74 
 908      00
 909              	.LASF0:
 910 01aa 7369676E 		.ascii	"signed char\000"
 910      65642063 
 910      68617200 
 911              	.LASF14:
 912 01b6 7672616D 		.ascii	"vram\000"
 912      00
 913              	.LASF22:
 914 01bb 77726974 		.ascii	"write_mem\000"
 914      655F6D65 
 914      6D00
 915              	.LASF17:
 916 01c5 5F426F6F 		.ascii	"_Bool\000"
 916      6C00
 917              		.ident	"GCC: (GNU Tools for ARM Embedded Processors) 4.9.3 20150303 (release) [ARM/embedded-4_9-br
