ARM GAS  C:\Users\raytr\AppData\Local\Temp\ccxm5P3J.s 			page 1


   1              		.syntax unified
   2              		.cpu cortex-m3
   3              		.fpu softvfp
   4              		.eabi_attribute 20, 1
   5              		.eabi_attribute 21, 1
   6              		.eabi_attribute 23, 3
   7              		.eabi_attribute 24, 1
   8              		.eabi_attribute 25, 1
   9              		.eabi_attribute 26, 1
  10              		.eabi_attribute 30, 1
  11              		.eabi_attribute 34, 1
  12              		.eabi_attribute 18, 4
  13              		.thumb
  14              		.file	"registers.c"
  15              		.text
  16              	.Ltext0:
  17              		.cfi_sections	.debug_frame
  18              		.section	.text.reset_registers,"ax",%progbits
  19              		.align	2
  20              		.global	reset_registers
  21              		.thumb
  22              		.thumb_func
  23              		.type	reset_registers, %function
  24              	reset_registers:
  25              	.LFB0:
  26              		.file 1 ".\\registers.c"
   1:.\registers.c **** #include "registers.h"
   2:.\registers.c **** 
   3:.\registers.c **** 
   4:.\registers.c **** void reset_registers(Registers *regs){
  27              		.loc 1 4 0
  28              		.cfi_startproc
  29              		@ args = 0, pretend = 0, frame = 0
  30              		@ frame_needed = 0, uses_anonymous_args = 0
  31              		@ link register save eliminated.
  32              	.LVL0:
   5:.\registers.c ****     regs->af = 0;
  33              		.loc 1 5 0
  34 0000 0023     		movs	r3, #0
  35 0002 0380     		strh	r3, [r0]	@ movhi
   6:.\registers.c ****     regs->bc = 0;
  36              		.loc 1 6 0
  37 0004 4380     		strh	r3, [r0, #2]	@ movhi
   7:.\registers.c ****     regs->de = 0;
  38              		.loc 1 7 0
  39 0006 8380     		strh	r3, [r0, #4]	@ movhi
   8:.\registers.c ****     regs->hl = 0;
  40              		.loc 1 8 0
  41 0008 C380     		strh	r3, [r0, #6]	@ movhi
   9:.\registers.c ****     regs->pc = 0;
  42              		.loc 1 9 0
  43 000a 0381     		strh	r3, [r0, #8]	@ movhi
  10:.\registers.c ****     regs->sp = 0;
  44              		.loc 1 10 0
  45 000c 4381     		strh	r3, [r0, #10]	@ movhi
  46 000e 7047     		bx	lr
  47              		.cfi_endproc
ARM GAS  C:\Users\raytr\AppData\Local\Temp\ccxm5P3J.s 			page 2


  48              	.LFE0:
  49              		.size	reset_registers, .-reset_registers
  50              		.section	.text.get_zero_flag,"ax",%progbits
  51              		.align	2
  52              		.global	get_zero_flag
  53              		.thumb
  54              		.thumb_func
  55              		.type	get_zero_flag, %function
  56              	get_zero_flag:
  57              	.LFB1:
  11:.\registers.c **** }
  12:.\registers.c **** 
  13:.\registers.c **** bool get_zero_flag(Registers* regs){
  58              		.loc 1 13 0
  59              		.cfi_startproc
  60              		@ args = 0, pretend = 0, frame = 0
  61              		@ frame_needed = 0, uses_anonymous_args = 0
  62              		@ link register save eliminated.
  63              	.LVL1:
  14:.\registers.c ****     return regs->f & 0b10000000;
  64              		.loc 1 14 0
  65 0000 0078     		ldrb	r0, [r0]	@ zero_extendqisi2
  66              	.LVL2:
  15:.\registers.c **** }
  67              		.loc 1 15 0
  68 0002 C009     		lsrs	r0, r0, #7
  69 0004 7047     		bx	lr
  70              		.cfi_endproc
  71              	.LFE1:
  72              		.size	get_zero_flag, .-get_zero_flag
  73 0006 00BF     		.section	.text.get_subtraction_flag,"ax",%progbits
  74              		.align	2
  75              		.global	get_subtraction_flag
  76              		.thumb
  77              		.thumb_func
  78              		.type	get_subtraction_flag, %function
  79              	get_subtraction_flag:
  80              	.LFB2:
  16:.\registers.c **** bool get_subtraction_flag(Registers* regs){
  81              		.loc 1 16 0
  82              		.cfi_startproc
  83              		@ args = 0, pretend = 0, frame = 0
  84              		@ frame_needed = 0, uses_anonymous_args = 0
  85              		@ link register save eliminated.
  86              	.LVL3:
  17:.\registers.c ****     return regs->f & 0b01000000;
  87              		.loc 1 17 0
  88 0000 0078     		ldrb	r0, [r0]	@ zero_extendqisi2
  89              	.LVL4:
  18:.\registers.c **** }
  90              		.loc 1 18 0
  91 0002 C0F38010 		ubfx	r0, r0, #6, #1
  92 0006 7047     		bx	lr
  93              		.cfi_endproc
  94              	.LFE2:
  95              		.size	get_subtraction_flag, .-get_subtraction_flag
  96              		.section	.text.get_half_carry_flag,"ax",%progbits
ARM GAS  C:\Users\raytr\AppData\Local\Temp\ccxm5P3J.s 			page 3


  97              		.align	2
  98              		.global	get_half_carry_flag
  99              		.thumb
 100              		.thumb_func
 101              		.type	get_half_carry_flag, %function
 102              	get_half_carry_flag:
 103              	.LFB3:
  19:.\registers.c **** bool get_half_carry_flag(Registers* regs){
 104              		.loc 1 19 0
 105              		.cfi_startproc
 106              		@ args = 0, pretend = 0, frame = 0
 107              		@ frame_needed = 0, uses_anonymous_args = 0
 108              		@ link register save eliminated.
 109              	.LVL5:
  20:.\registers.c ****     return regs->f & 0b00100000;
 110              		.loc 1 20 0
 111 0000 0078     		ldrb	r0, [r0]	@ zero_extendqisi2
 112              	.LVL6:
  21:.\registers.c **** }
 113              		.loc 1 21 0
 114 0002 C0F34010 		ubfx	r0, r0, #5, #1
 115 0006 7047     		bx	lr
 116              		.cfi_endproc
 117              	.LFE3:
 118              		.size	get_half_carry_flag, .-get_half_carry_flag
 119              		.section	.text.get_carry_flag,"ax",%progbits
 120              		.align	2
 121              		.global	get_carry_flag
 122              		.thumb
 123              		.thumb_func
 124              		.type	get_carry_flag, %function
 125              	get_carry_flag:
 126              	.LFB4:
  22:.\registers.c **** bool get_carry_flag(Registers* regs){
 127              		.loc 1 22 0
 128              		.cfi_startproc
 129              		@ args = 0, pretend = 0, frame = 0
 130              		@ frame_needed = 0, uses_anonymous_args = 0
 131              		@ link register save eliminated.
 132              	.LVL7:
  23:.\registers.c ****     return regs->f & 0b00010000;
 133              		.loc 1 23 0
 134 0000 0078     		ldrb	r0, [r0]	@ zero_extendqisi2
 135              	.LVL8:
  24:.\registers.c **** }
 136              		.loc 1 24 0
 137 0002 C0F30010 		ubfx	r0, r0, #4, #1
 138 0006 7047     		bx	lr
 139              		.cfi_endproc
 140              	.LFE4:
 141              		.size	get_carry_flag, .-get_carry_flag
 142              		.section	.text.set_zero_flag,"ax",%progbits
 143              		.align	2
 144              		.global	set_zero_flag
 145              		.thumb
 146              		.thumb_func
 147              		.type	set_zero_flag, %function
ARM GAS  C:\Users\raytr\AppData\Local\Temp\ccxm5P3J.s 			page 4


 148              	set_zero_flag:
 149              	.LFB5:
  25:.\registers.c **** void set_zero_flag(Registers* regs, bool value){
 150              		.loc 1 25 0
 151              		.cfi_startproc
 152              		@ args = 0, pretend = 0, frame = 0
 153              		@ frame_needed = 0, uses_anonymous_args = 0
 154              		@ link register save eliminated.
 155              	.LVL9:
  26:.\registers.c ****     regs->f = (regs->f & ~(1 << 7)) ^ (value << 7);
 156              		.loc 1 26 0
 157 0000 0378     		ldrb	r3, [r0]	@ zero_extendqisi2
 158 0002 03F07F03 		and	r3, r3, #127
 159 0006 43EAC111 		orr	r1, r3, r1, lsl #7
 160              	.LVL10:
 161 000a 0170     		strb	r1, [r0]
 162 000c 7047     		bx	lr
 163              		.cfi_endproc
 164              	.LFE5:
 165              		.size	set_zero_flag, .-set_zero_flag
 166 000e 00BF     		.section	.text.set_subtraction_flag,"ax",%progbits
 167              		.align	2
 168              		.global	set_subtraction_flag
 169              		.thumb
 170              		.thumb_func
 171              		.type	set_subtraction_flag, %function
 172              	set_subtraction_flag:
 173              	.LFB6:
  27:.\registers.c **** }
  28:.\registers.c **** void set_subtraction_flag(Registers* regs, bool value){
 174              		.loc 1 28 0
 175              		.cfi_startproc
 176              		@ args = 0, pretend = 0, frame = 0
 177              		@ frame_needed = 0, uses_anonymous_args = 0
 178              		@ link register save eliminated.
 179              	.LVL11:
  29:.\registers.c ****     regs->f = (regs->f & ~(1 << 6)) ^ (value << 6);
 180              		.loc 1 29 0
 181 0000 0378     		ldrb	r3, [r0]	@ zero_extendqisi2
 182 0002 23F04003 		bic	r3, r3, #64
 183 0006 83EA8111 		eor	r1, r3, r1, lsl #6
 184              	.LVL12:
 185 000a 0170     		strb	r1, [r0]
 186 000c 7047     		bx	lr
 187              		.cfi_endproc
 188              	.LFE6:
 189              		.size	set_subtraction_flag, .-set_subtraction_flag
 190 000e 00BF     		.section	.text.set_half_carry_flag,"ax",%progbits
 191              		.align	2
 192              		.global	set_half_carry_flag
 193              		.thumb
 194              		.thumb_func
 195              		.type	set_half_carry_flag, %function
 196              	set_half_carry_flag:
 197              	.LFB7:
  30:.\registers.c **** }
  31:.\registers.c **** void set_half_carry_flag(Registers* regs, bool value){
ARM GAS  C:\Users\raytr\AppData\Local\Temp\ccxm5P3J.s 			page 5


 198              		.loc 1 31 0
 199              		.cfi_startproc
 200              		@ args = 0, pretend = 0, frame = 0
 201              		@ frame_needed = 0, uses_anonymous_args = 0
 202              		@ link register save eliminated.
 203              	.LVL13:
  32:.\registers.c ****     regs->f = (regs->f & ~(1 << 5)) ^ (value << 5);
 204              		.loc 1 32 0
 205 0000 0378     		ldrb	r3, [r0]	@ zero_extendqisi2
 206 0002 23F02003 		bic	r3, r3, #32
 207 0006 83EA4111 		eor	r1, r3, r1, lsl #5
 208              	.LVL14:
 209 000a 0170     		strb	r1, [r0]
 210 000c 7047     		bx	lr
 211              		.cfi_endproc
 212              	.LFE7:
 213              		.size	set_half_carry_flag, .-set_half_carry_flag
 214 000e 00BF     		.section	.text.set_carry_flag,"ax",%progbits
 215              		.align	2
 216              		.global	set_carry_flag
 217              		.thumb
 218              		.thumb_func
 219              		.type	set_carry_flag, %function
 220              	set_carry_flag:
 221              	.LFB8:
  33:.\registers.c **** }
  34:.\registers.c **** void set_carry_flag(Registers* regs, bool value){
 222              		.loc 1 34 0
 223              		.cfi_startproc
 224              		@ args = 0, pretend = 0, frame = 0
 225              		@ frame_needed = 0, uses_anonymous_args = 0
 226              		@ link register save eliminated.
 227              	.LVL15:
  35:.\registers.c ****     regs->f = (regs->f & ~(1 << 4)) ^ (value << 4);
 228              		.loc 1 35 0
 229 0000 0378     		ldrb	r3, [r0]	@ zero_extendqisi2
 230 0002 23F01003 		bic	r3, r3, #16
 231 0006 83EA0111 		eor	r1, r3, r1, lsl #4
 232              	.LVL16:
 233 000a 0170     		strb	r1, [r0]
 234 000c 7047     		bx	lr
 235              		.cfi_endproc
 236              	.LFE8:
 237              		.size	set_carry_flag, .-set_carry_flag
 238 000e 00BF     		.text
 239              	.Letext0:
 240              		.file 2 "c:\\program files (x86)\\cypress\\psoc creator\\3.3\\psoc creator\\import\\gnu\\arm\\4.9.
 241              		.file 3 "c:\\program files (x86)\\cypress\\psoc creator\\3.3\\psoc creator\\import\\gnu\\arm\\4.9.
 242              		.file 4 ".\\registers.h"
 243              		.section	.debug_info,"",%progbits
 244              	.Ldebug_info0:
 245 0000 82030000 		.4byte	0x382
 246 0004 0400     		.2byte	0x4
 247 0006 00000000 		.4byte	.Ldebug_abbrev0
 248 000a 04       		.byte	0x4
 249 000b 01       		.uleb128 0x1
 250 000c D7000000 		.4byte	.LASF25
ARM GAS  C:\Users\raytr\AppData\Local\Temp\ccxm5P3J.s 			page 6


 251 0010 01       		.byte	0x1
 252 0011 14020000 		.4byte	.LASF26
 253 0015 0A000000 		.4byte	.LASF27
 254 0019 00000000 		.4byte	.Ldebug_ranges0+0
 255 001d 00000000 		.4byte	0
 256 0021 00000000 		.4byte	.Ldebug_line0
 257 0025 02       		.uleb128 0x2
 258 0026 01       		.byte	0x1
 259 0027 06       		.byte	0x6
 260 0028 08020000 		.4byte	.LASF0
 261 002c 03       		.uleb128 0x3
 262 002d 00000000 		.4byte	.LASF3
 263 0031 02       		.byte	0x2
 264 0032 1D       		.byte	0x1d
 265 0033 37000000 		.4byte	0x37
 266 0037 02       		.uleb128 0x2
 267 0038 01       		.byte	0x1
 268 0039 08       		.byte	0x8
 269 003a 45000000 		.4byte	.LASF1
 270 003e 02       		.uleb128 0x2
 271 003f 02       		.byte	0x2
 272 0040 05       		.byte	0x5
 273 0041 CF010000 		.4byte	.LASF2
 274 0045 03       		.uleb128 0x3
 275 0046 8B000000 		.4byte	.LASF4
 276 004a 02       		.byte	0x2
 277 004b 2B       		.byte	0x2b
 278 004c 50000000 		.4byte	0x50
 279 0050 02       		.uleb128 0x2
 280 0051 02       		.byte	0x2
 281 0052 07       		.byte	0x7
 282 0053 65000000 		.4byte	.LASF5
 283 0057 02       		.uleb128 0x2
 284 0058 04       		.byte	0x4
 285 0059 05       		.byte	0x5
 286 005a E2010000 		.4byte	.LASF6
 287 005e 02       		.uleb128 0x2
 288 005f 04       		.byte	0x4
 289 0060 07       		.byte	0x7
 290 0061 53000000 		.4byte	.LASF7
 291 0065 02       		.uleb128 0x2
 292 0066 08       		.byte	0x8
 293 0067 05       		.byte	0x5
 294 0068 BB010000 		.4byte	.LASF8
 295 006c 02       		.uleb128 0x2
 296 006d 08       		.byte	0x8
 297 006e 07       		.byte	0x7
 298 006f 87010000 		.4byte	.LASF9
 299 0073 04       		.uleb128 0x4
 300 0074 04       		.byte	0x4
 301 0075 05       		.byte	0x5
 302 0076 696E7400 		.ascii	"int\000"
 303 007a 02       		.uleb128 0x2
 304 007b 04       		.byte	0x4
 305 007c 07       		.byte	0x7
 306 007d 65010000 		.4byte	.LASF10
 307 0081 03       		.uleb128 0x3
ARM GAS  C:\Users\raytr\AppData\Local\Temp\ccxm5P3J.s 			page 7


 308 0082 9E010000 		.4byte	.LASF11
 309 0086 03       		.byte	0x3
 310 0087 15       		.byte	0x15
 311 0088 2C000000 		.4byte	0x2c
 312 008c 03       		.uleb128 0x3
 313 008d D9010000 		.4byte	.LASF12
 314 0091 03       		.byte	0x3
 315 0092 21       		.byte	0x21
 316 0093 45000000 		.4byte	0x45
 317 0097 05       		.uleb128 0x5
 318 0098 02       		.byte	0x2
 319 0099 04       		.byte	0x4
 320 009a 09       		.byte	0x9
 321 009b B4000000 		.4byte	0xb4
 322 009f 06       		.uleb128 0x6
 323 00a0 6600     		.ascii	"f\000"
 324 00a2 04       		.byte	0x4
 325 00a3 0A       		.byte	0xa
 326 00a4 81000000 		.4byte	0x81
 327 00a8 00       		.byte	0
 328 00a9 06       		.uleb128 0x6
 329 00aa 6100     		.ascii	"a\000"
 330 00ac 04       		.byte	0x4
 331 00ad 0B       		.byte	0xb
 332 00ae 81000000 		.4byte	0x81
 333 00b2 01       		.byte	0x1
 334 00b3 00       		.byte	0
 335 00b4 07       		.uleb128 0x7
 336 00b5 02       		.byte	0x2
 337 00b6 04       		.byte	0x4
 338 00b7 08       		.byte	0x8
 339 00b8 CC000000 		.4byte	0xcc
 340 00bc 08       		.uleb128 0x8
 341 00bd 97000000 		.4byte	0x97
 342 00c1 09       		.uleb128 0x9
 343 00c2 616600   		.ascii	"af\000"
 344 00c5 04       		.byte	0x4
 345 00c6 0D       		.byte	0xd
 346 00c7 8C000000 		.4byte	0x8c
 347 00cb 00       		.byte	0
 348 00cc 05       		.uleb128 0x5
 349 00cd 02       		.byte	0x2
 350 00ce 04       		.byte	0x4
 351 00cf 07       		.byte	0x7
 352 00d0 DB000000 		.4byte	0xdb
 353 00d4 0A       		.uleb128 0xa
 354 00d5 B4000000 		.4byte	0xb4
 355 00d9 00       		.byte	0
 356 00da 00       		.byte	0
 357 00db 05       		.uleb128 0x5
 358 00dc 02       		.byte	0x2
 359 00dd 04       		.byte	0x4
 360 00de 12       		.byte	0x12
 361 00df F8000000 		.4byte	0xf8
 362 00e3 06       		.uleb128 0x6
 363 00e4 6300     		.ascii	"c\000"
 364 00e6 04       		.byte	0x4
ARM GAS  C:\Users\raytr\AppData\Local\Temp\ccxm5P3J.s 			page 8


 365 00e7 13       		.byte	0x13
 366 00e8 81000000 		.4byte	0x81
 367 00ec 00       		.byte	0
 368 00ed 06       		.uleb128 0x6
 369 00ee 6200     		.ascii	"b\000"
 370 00f0 04       		.byte	0x4
 371 00f1 14       		.byte	0x14
 372 00f2 81000000 		.4byte	0x81
 373 00f6 01       		.byte	0x1
 374 00f7 00       		.byte	0
 375 00f8 07       		.uleb128 0x7
 376 00f9 02       		.byte	0x2
 377 00fa 04       		.byte	0x4
 378 00fb 11       		.byte	0x11
 379 00fc 10010000 		.4byte	0x110
 380 0100 08       		.uleb128 0x8
 381 0101 DB000000 		.4byte	0xdb
 382 0105 09       		.uleb128 0x9
 383 0106 626300   		.ascii	"bc\000"
 384 0109 04       		.byte	0x4
 385 010a 16       		.byte	0x16
 386 010b 8C000000 		.4byte	0x8c
 387 010f 00       		.byte	0
 388 0110 05       		.uleb128 0x5
 389 0111 02       		.byte	0x2
 390 0112 04       		.byte	0x4
 391 0113 10       		.byte	0x10
 392 0114 1F010000 		.4byte	0x11f
 393 0118 0A       		.uleb128 0xa
 394 0119 F8000000 		.4byte	0xf8
 395 011d 00       		.byte	0
 396 011e 00       		.byte	0
 397 011f 05       		.uleb128 0x5
 398 0120 02       		.byte	0x2
 399 0121 04       		.byte	0x4
 400 0122 1B       		.byte	0x1b
 401 0123 3C010000 		.4byte	0x13c
 402 0127 06       		.uleb128 0x6
 403 0128 6500     		.ascii	"e\000"
 404 012a 04       		.byte	0x4
 405 012b 1C       		.byte	0x1c
 406 012c 81000000 		.4byte	0x81
 407 0130 00       		.byte	0
 408 0131 06       		.uleb128 0x6
 409 0132 6400     		.ascii	"d\000"
 410 0134 04       		.byte	0x4
 411 0135 1D       		.byte	0x1d
 412 0136 81000000 		.4byte	0x81
 413 013a 01       		.byte	0x1
 414 013b 00       		.byte	0
 415 013c 07       		.uleb128 0x7
 416 013d 02       		.byte	0x2
 417 013e 04       		.byte	0x4
 418 013f 1A       		.byte	0x1a
 419 0140 54010000 		.4byte	0x154
 420 0144 08       		.uleb128 0x8
 421 0145 1F010000 		.4byte	0x11f
ARM GAS  C:\Users\raytr\AppData\Local\Temp\ccxm5P3J.s 			page 9


 422 0149 09       		.uleb128 0x9
 423 014a 646500   		.ascii	"de\000"
 424 014d 04       		.byte	0x4
 425 014e 1F       		.byte	0x1f
 426 014f 8C000000 		.4byte	0x8c
 427 0153 00       		.byte	0
 428 0154 05       		.uleb128 0x5
 429 0155 02       		.byte	0x2
 430 0156 04       		.byte	0x4
 431 0157 19       		.byte	0x19
 432 0158 63010000 		.4byte	0x163
 433 015c 0A       		.uleb128 0xa
 434 015d 3C010000 		.4byte	0x13c
 435 0161 00       		.byte	0
 436 0162 00       		.byte	0
 437 0163 05       		.uleb128 0x5
 438 0164 02       		.byte	0x2
 439 0165 04       		.byte	0x4
 440 0166 25       		.byte	0x25
 441 0167 80010000 		.4byte	0x180
 442 016b 06       		.uleb128 0x6
 443 016c 6C00     		.ascii	"l\000"
 444 016e 04       		.byte	0x4
 445 016f 26       		.byte	0x26
 446 0170 81000000 		.4byte	0x81
 447 0174 00       		.byte	0
 448 0175 06       		.uleb128 0x6
 449 0176 6800     		.ascii	"h\000"
 450 0178 04       		.byte	0x4
 451 0179 27       		.byte	0x27
 452 017a 81000000 		.4byte	0x81
 453 017e 01       		.byte	0x1
 454 017f 00       		.byte	0
 455 0180 07       		.uleb128 0x7
 456 0181 02       		.byte	0x2
 457 0182 04       		.byte	0x4
 458 0183 24       		.byte	0x24
 459 0184 98010000 		.4byte	0x198
 460 0188 08       		.uleb128 0x8
 461 0189 63010000 		.4byte	0x163
 462 018d 09       		.uleb128 0x9
 463 018e 686C00   		.ascii	"hl\000"
 464 0191 04       		.byte	0x4
 465 0192 29       		.byte	0x29
 466 0193 8C000000 		.4byte	0x8c
 467 0197 00       		.byte	0
 468 0198 05       		.uleb128 0x5
 469 0199 02       		.byte	0x2
 470 019a 04       		.byte	0x4
 471 019b 23       		.byte	0x23
 472 019c A7010000 		.4byte	0x1a7
 473 01a0 0A       		.uleb128 0xa
 474 01a1 80010000 		.4byte	0x180
 475 01a5 00       		.byte	0
 476 01a6 00       		.byte	0
 477 01a7 0B       		.uleb128 0xb
 478 01a8 AA000000 		.4byte	.LASF13
ARM GAS  C:\Users\raytr\AppData\Local\Temp\ccxm5P3J.s 			page 10


 479 01ac 0C       		.byte	0xc
 480 01ad 04       		.byte	0x4
 481 01ae 06       		.byte	0x6
 482 01af E2010000 		.4byte	0x1e2
 483 01b3 0A       		.uleb128 0xa
 484 01b4 CC000000 		.4byte	0xcc
 485 01b8 00       		.byte	0
 486 01b9 0A       		.uleb128 0xa
 487 01ba 10010000 		.4byte	0x110
 488 01be 02       		.byte	0x2
 489 01bf 0A       		.uleb128 0xa
 490 01c0 54010000 		.4byte	0x154
 491 01c4 04       		.byte	0x4
 492 01c5 0A       		.uleb128 0xa
 493 01c6 98010000 		.4byte	0x198
 494 01ca 06       		.byte	0x6
 495 01cb 06       		.uleb128 0x6
 496 01cc 706300   		.ascii	"pc\000"
 497 01cf 04       		.byte	0x4
 498 01d0 2D       		.byte	0x2d
 499 01d1 8C000000 		.4byte	0x8c
 500 01d5 08       		.byte	0x8
 501 01d6 06       		.uleb128 0x6
 502 01d7 737000   		.ascii	"sp\000"
 503 01da 04       		.byte	0x4
 504 01db 2E       		.byte	0x2e
 505 01dc 8C000000 		.4byte	0x8c
 506 01e0 0A       		.byte	0xa
 507 01e1 00       		.byte	0
 508 01e2 03       		.uleb128 0x3
 509 01e3 AA000000 		.4byte	.LASF13
 510 01e7 04       		.byte	0x4
 511 01e8 2F       		.byte	0x2f
 512 01e9 A7010000 		.4byte	0x1a7
 513 01ed 0C       		.uleb128 0xc
 514 01ee 35000000 		.4byte	.LASF20
 515 01f2 01       		.byte	0x1
 516 01f3 04       		.byte	0x4
 517 01f4 00000000 		.4byte	.LFB0
 518 01f8 10000000 		.4byte	.LFE0-.LFB0
 519 01fc 01       		.uleb128 0x1
 520 01fd 9C       		.byte	0x9c
 521 01fe 10020000 		.4byte	0x210
 522 0202 0D       		.uleb128 0xd
 523 0203 86000000 		.4byte	.LASF14
 524 0207 01       		.byte	0x1
 525 0208 04       		.byte	0x4
 526 0209 10020000 		.4byte	0x210
 527 020d 01       		.uleb128 0x1
 528 020e 50       		.byte	0x50
 529 020f 00       		.byte	0
 530 0210 0E       		.uleb128 0xe
 531 0211 04       		.byte	0x4
 532 0212 E2010000 		.4byte	0x1e2
 533 0216 0F       		.uleb128 0xf
 534 0217 FA010000 		.4byte	.LASF16
 535 021b 01       		.byte	0x1
ARM GAS  C:\Users\raytr\AppData\Local\Temp\ccxm5P3J.s 			page 11


 536 021c 0D       		.byte	0xd
 537 021d 3F020000 		.4byte	0x23f
 538 0221 00000000 		.4byte	.LFB1
 539 0225 06000000 		.4byte	.LFE1-.LFB1
 540 0229 01       		.uleb128 0x1
 541 022a 9C       		.byte	0x9c
 542 022b 3F020000 		.4byte	0x23f
 543 022f 10       		.uleb128 0x10
 544 0230 86000000 		.4byte	.LASF14
 545 0234 01       		.byte	0x1
 546 0235 0D       		.byte	0xd
 547 0236 10020000 		.4byte	0x210
 548 023a 00000000 		.4byte	.LLST0
 549 023e 00       		.byte	0
 550 023f 02       		.uleb128 0x2
 551 0240 01       		.byte	0x1
 552 0241 02       		.byte	0x2
 553 0242 22020000 		.4byte	.LASF15
 554 0246 0F       		.uleb128 0xf
 555 0247 72010000 		.4byte	.LASF17
 556 024b 01       		.byte	0x1
 557 024c 10       		.byte	0x10
 558 024d 3F020000 		.4byte	0x23f
 559 0251 00000000 		.4byte	.LFB2
 560 0255 08000000 		.4byte	.LFE2-.LFB2
 561 0259 01       		.uleb128 0x1
 562 025a 9C       		.byte	0x9c
 563 025b 6F020000 		.4byte	0x26f
 564 025f 10       		.uleb128 0x10
 565 0260 86000000 		.4byte	.LASF14
 566 0264 01       		.byte	0x1
 567 0265 10       		.byte	0x10
 568 0266 10020000 		.4byte	0x210
 569 026a 21000000 		.4byte	.LLST1
 570 026e 00       		.byte	0
 571 026f 0F       		.uleb128 0xf
 572 0270 96000000 		.4byte	.LASF18
 573 0274 01       		.byte	0x1
 574 0275 13       		.byte	0x13
 575 0276 3F020000 		.4byte	0x23f
 576 027a 00000000 		.4byte	.LFB3
 577 027e 08000000 		.4byte	.LFE3-.LFB3
 578 0282 01       		.uleb128 0x1
 579 0283 9C       		.byte	0x9c
 580 0284 98020000 		.4byte	0x298
 581 0288 10       		.uleb128 0x10
 582 0289 86000000 		.4byte	.LASF14
 583 028d 01       		.byte	0x1
 584 028e 13       		.byte	0x13
 585 028f 10020000 		.4byte	0x210
 586 0293 42000000 		.4byte	.LLST2
 587 0297 00       		.byte	0
 588 0298 0F       		.uleb128 0xf
 589 0299 EB010000 		.4byte	.LASF19
 590 029d 01       		.byte	0x1
 591 029e 16       		.byte	0x16
 592 029f 3F020000 		.4byte	0x23f
ARM GAS  C:\Users\raytr\AppData\Local\Temp\ccxm5P3J.s 			page 12


 593 02a3 00000000 		.4byte	.LFB4
 594 02a7 08000000 		.4byte	.LFE4-.LFB4
 595 02ab 01       		.uleb128 0x1
 596 02ac 9C       		.byte	0x9c
 597 02ad C1020000 		.4byte	0x2c1
 598 02b1 10       		.uleb128 0x10
 599 02b2 86000000 		.4byte	.LASF14
 600 02b6 01       		.byte	0x1
 601 02b7 16       		.byte	0x16
 602 02b8 10020000 		.4byte	0x210
 603 02bc 63000000 		.4byte	.LLST3
 604 02c0 00       		.byte	0
 605 02c1 0C       		.uleb128 0xc
 606 02c2 78000000 		.4byte	.LASF21
 607 02c6 01       		.byte	0x1
 608 02c7 19       		.byte	0x19
 609 02c8 00000000 		.4byte	.LFB5
 610 02cc 0E000000 		.4byte	.LFE5-.LFB5
 611 02d0 01       		.uleb128 0x1
 612 02d1 9C       		.byte	0x9c
 613 02d2 F3020000 		.4byte	0x2f3
 614 02d6 0D       		.uleb128 0xd
 615 02d7 86000000 		.4byte	.LASF14
 616 02db 01       		.byte	0x1
 617 02dc 19       		.byte	0x19
 618 02dd 10020000 		.4byte	0x210
 619 02e1 01       		.uleb128 0x1
 620 02e2 50       		.byte	0x50
 621 02e3 10       		.uleb128 0x10
 622 02e4 C9010000 		.4byte	.LASF22
 623 02e8 01       		.byte	0x1
 624 02e9 19       		.byte	0x19
 625 02ea 3F020000 		.4byte	0x23f
 626 02ee 84000000 		.4byte	.LLST4
 627 02f2 00       		.byte	0
 628 02f3 0C       		.uleb128 0xc
 629 02f4 A6010000 		.4byte	.LASF23
 630 02f8 01       		.byte	0x1
 631 02f9 1C       		.byte	0x1c
 632 02fa 00000000 		.4byte	.LFB6
 633 02fe 0E000000 		.4byte	.LFE6-.LFB6
 634 0302 01       		.uleb128 0x1
 635 0303 9C       		.byte	0x9c
 636 0304 25030000 		.4byte	0x325
 637 0308 0D       		.uleb128 0xd
 638 0309 86000000 		.4byte	.LASF14
 639 030d 01       		.byte	0x1
 640 030e 1C       		.byte	0x1c
 641 030f 10020000 		.4byte	0x210
 642 0313 01       		.uleb128 0x1
 643 0314 50       		.byte	0x50
 644 0315 10       		.uleb128 0x10
 645 0316 C9010000 		.4byte	.LASF22
 646 031a 01       		.byte	0x1
 647 031b 1C       		.byte	0x1c
 648 031c 3F020000 		.4byte	0x23f
 649 0320 A5000000 		.4byte	.LLST5
ARM GAS  C:\Users\raytr\AppData\Local\Temp\ccxm5P3J.s 			page 13


 650 0324 00       		.byte	0
 651 0325 0C       		.uleb128 0xc
 652 0326 C3000000 		.4byte	.LASF24
 653 032a 01       		.byte	0x1
 654 032b 1F       		.byte	0x1f
 655 032c 00000000 		.4byte	.LFB7
 656 0330 0E000000 		.4byte	.LFE7-.LFB7
 657 0334 01       		.uleb128 0x1
 658 0335 9C       		.byte	0x9c
 659 0336 57030000 		.4byte	0x357
 660 033a 0D       		.uleb128 0xd
 661 033b 86000000 		.4byte	.LASF14
 662 033f 01       		.byte	0x1
 663 0340 1F       		.byte	0x1f
 664 0341 10020000 		.4byte	0x210
 665 0345 01       		.uleb128 0x1
 666 0346 50       		.byte	0x50
 667 0347 10       		.uleb128 0x10
 668 0348 C9010000 		.4byte	.LASF22
 669 034c 01       		.byte	0x1
 670 034d 1F       		.byte	0x1f
 671 034e 3F020000 		.4byte	0x23f
 672 0352 C6000000 		.4byte	.LLST6
 673 0356 00       		.byte	0
 674 0357 11       		.uleb128 0x11
 675 0358 B4000000 		.4byte	.LASF28
 676 035c 01       		.byte	0x1
 677 035d 22       		.byte	0x22
 678 035e 00000000 		.4byte	.LFB8
 679 0362 0E000000 		.4byte	.LFE8-.LFB8
 680 0366 01       		.uleb128 0x1
 681 0367 9C       		.byte	0x9c
 682 0368 0D       		.uleb128 0xd
 683 0369 86000000 		.4byte	.LASF14
 684 036d 01       		.byte	0x1
 685 036e 22       		.byte	0x22
 686 036f 10020000 		.4byte	0x210
 687 0373 01       		.uleb128 0x1
 688 0374 50       		.byte	0x50
 689 0375 10       		.uleb128 0x10
 690 0376 C9010000 		.4byte	.LASF22
 691 037a 01       		.byte	0x1
 692 037b 22       		.byte	0x22
 693 037c 3F020000 		.4byte	0x23f
 694 0380 E7000000 		.4byte	.LLST7
 695 0384 00       		.byte	0
 696 0385 00       		.byte	0
 697              		.section	.debug_abbrev,"",%progbits
 698              	.Ldebug_abbrev0:
 699 0000 01       		.uleb128 0x1
 700 0001 11       		.uleb128 0x11
 701 0002 01       		.byte	0x1
 702 0003 25       		.uleb128 0x25
 703 0004 0E       		.uleb128 0xe
 704 0005 13       		.uleb128 0x13
 705 0006 0B       		.uleb128 0xb
 706 0007 03       		.uleb128 0x3
ARM GAS  C:\Users\raytr\AppData\Local\Temp\ccxm5P3J.s 			page 14


 707 0008 0E       		.uleb128 0xe
 708 0009 1B       		.uleb128 0x1b
 709 000a 0E       		.uleb128 0xe
 710 000b 55       		.uleb128 0x55
 711 000c 17       		.uleb128 0x17
 712 000d 11       		.uleb128 0x11
 713 000e 01       		.uleb128 0x1
 714 000f 10       		.uleb128 0x10
 715 0010 17       		.uleb128 0x17
 716 0011 00       		.byte	0
 717 0012 00       		.byte	0
 718 0013 02       		.uleb128 0x2
 719 0014 24       		.uleb128 0x24
 720 0015 00       		.byte	0
 721 0016 0B       		.uleb128 0xb
 722 0017 0B       		.uleb128 0xb
 723 0018 3E       		.uleb128 0x3e
 724 0019 0B       		.uleb128 0xb
 725 001a 03       		.uleb128 0x3
 726 001b 0E       		.uleb128 0xe
 727 001c 00       		.byte	0
 728 001d 00       		.byte	0
 729 001e 03       		.uleb128 0x3
 730 001f 16       		.uleb128 0x16
 731 0020 00       		.byte	0
 732 0021 03       		.uleb128 0x3
 733 0022 0E       		.uleb128 0xe
 734 0023 3A       		.uleb128 0x3a
 735 0024 0B       		.uleb128 0xb
 736 0025 3B       		.uleb128 0x3b
 737 0026 0B       		.uleb128 0xb
 738 0027 49       		.uleb128 0x49
 739 0028 13       		.uleb128 0x13
 740 0029 00       		.byte	0
 741 002a 00       		.byte	0
 742 002b 04       		.uleb128 0x4
 743 002c 24       		.uleb128 0x24
 744 002d 00       		.byte	0
 745 002e 0B       		.uleb128 0xb
 746 002f 0B       		.uleb128 0xb
 747 0030 3E       		.uleb128 0x3e
 748 0031 0B       		.uleb128 0xb
 749 0032 03       		.uleb128 0x3
 750 0033 08       		.uleb128 0x8
 751 0034 00       		.byte	0
 752 0035 00       		.byte	0
 753 0036 05       		.uleb128 0x5
 754 0037 13       		.uleb128 0x13
 755 0038 01       		.byte	0x1
 756 0039 0B       		.uleb128 0xb
 757 003a 0B       		.uleb128 0xb
 758 003b 3A       		.uleb128 0x3a
 759 003c 0B       		.uleb128 0xb
 760 003d 3B       		.uleb128 0x3b
 761 003e 0B       		.uleb128 0xb
 762 003f 01       		.uleb128 0x1
 763 0040 13       		.uleb128 0x13
ARM GAS  C:\Users\raytr\AppData\Local\Temp\ccxm5P3J.s 			page 15


 764 0041 00       		.byte	0
 765 0042 00       		.byte	0
 766 0043 06       		.uleb128 0x6
 767 0044 0D       		.uleb128 0xd
 768 0045 00       		.byte	0
 769 0046 03       		.uleb128 0x3
 770 0047 08       		.uleb128 0x8
 771 0048 3A       		.uleb128 0x3a
 772 0049 0B       		.uleb128 0xb
 773 004a 3B       		.uleb128 0x3b
 774 004b 0B       		.uleb128 0xb
 775 004c 49       		.uleb128 0x49
 776 004d 13       		.uleb128 0x13
 777 004e 38       		.uleb128 0x38
 778 004f 0B       		.uleb128 0xb
 779 0050 00       		.byte	0
 780 0051 00       		.byte	0
 781 0052 07       		.uleb128 0x7
 782 0053 17       		.uleb128 0x17
 783 0054 01       		.byte	0x1
 784 0055 0B       		.uleb128 0xb
 785 0056 0B       		.uleb128 0xb
 786 0057 3A       		.uleb128 0x3a
 787 0058 0B       		.uleb128 0xb
 788 0059 3B       		.uleb128 0x3b
 789 005a 0B       		.uleb128 0xb
 790 005b 01       		.uleb128 0x1
 791 005c 13       		.uleb128 0x13
 792 005d 00       		.byte	0
 793 005e 00       		.byte	0
 794 005f 08       		.uleb128 0x8
 795 0060 0D       		.uleb128 0xd
 796 0061 00       		.byte	0
 797 0062 49       		.uleb128 0x49
 798 0063 13       		.uleb128 0x13
 799 0064 00       		.byte	0
 800 0065 00       		.byte	0
 801 0066 09       		.uleb128 0x9
 802 0067 0D       		.uleb128 0xd
 803 0068 00       		.byte	0
 804 0069 03       		.uleb128 0x3
 805 006a 08       		.uleb128 0x8
 806 006b 3A       		.uleb128 0x3a
 807 006c 0B       		.uleb128 0xb
 808 006d 3B       		.uleb128 0x3b
 809 006e 0B       		.uleb128 0xb
 810 006f 49       		.uleb128 0x49
 811 0070 13       		.uleb128 0x13
 812 0071 00       		.byte	0
 813 0072 00       		.byte	0
 814 0073 0A       		.uleb128 0xa
 815 0074 0D       		.uleb128 0xd
 816 0075 00       		.byte	0
 817 0076 49       		.uleb128 0x49
 818 0077 13       		.uleb128 0x13
 819 0078 38       		.uleb128 0x38
 820 0079 0B       		.uleb128 0xb
ARM GAS  C:\Users\raytr\AppData\Local\Temp\ccxm5P3J.s 			page 16


 821 007a 00       		.byte	0
 822 007b 00       		.byte	0
 823 007c 0B       		.uleb128 0xb
 824 007d 13       		.uleb128 0x13
 825 007e 01       		.byte	0x1
 826 007f 03       		.uleb128 0x3
 827 0080 0E       		.uleb128 0xe
 828 0081 0B       		.uleb128 0xb
 829 0082 0B       		.uleb128 0xb
 830 0083 3A       		.uleb128 0x3a
 831 0084 0B       		.uleb128 0xb
 832 0085 3B       		.uleb128 0x3b
 833 0086 0B       		.uleb128 0xb
 834 0087 01       		.uleb128 0x1
 835 0088 13       		.uleb128 0x13
 836 0089 00       		.byte	0
 837 008a 00       		.byte	0
 838 008b 0C       		.uleb128 0xc
 839 008c 2E       		.uleb128 0x2e
 840 008d 01       		.byte	0x1
 841 008e 3F       		.uleb128 0x3f
 842 008f 19       		.uleb128 0x19
 843 0090 03       		.uleb128 0x3
 844 0091 0E       		.uleb128 0xe
 845 0092 3A       		.uleb128 0x3a
 846 0093 0B       		.uleb128 0xb
 847 0094 3B       		.uleb128 0x3b
 848 0095 0B       		.uleb128 0xb
 849 0096 27       		.uleb128 0x27
 850 0097 19       		.uleb128 0x19
 851 0098 11       		.uleb128 0x11
 852 0099 01       		.uleb128 0x1
 853 009a 12       		.uleb128 0x12
 854 009b 06       		.uleb128 0x6
 855 009c 40       		.uleb128 0x40
 856 009d 18       		.uleb128 0x18
 857 009e 9742     		.uleb128 0x2117
 858 00a0 19       		.uleb128 0x19
 859 00a1 01       		.uleb128 0x1
 860 00a2 13       		.uleb128 0x13
 861 00a3 00       		.byte	0
 862 00a4 00       		.byte	0
 863 00a5 0D       		.uleb128 0xd
 864 00a6 05       		.uleb128 0x5
 865 00a7 00       		.byte	0
 866 00a8 03       		.uleb128 0x3
 867 00a9 0E       		.uleb128 0xe
 868 00aa 3A       		.uleb128 0x3a
 869 00ab 0B       		.uleb128 0xb
 870 00ac 3B       		.uleb128 0x3b
 871 00ad 0B       		.uleb128 0xb
 872 00ae 49       		.uleb128 0x49
 873 00af 13       		.uleb128 0x13
 874 00b0 02       		.uleb128 0x2
 875 00b1 18       		.uleb128 0x18
 876 00b2 00       		.byte	0
 877 00b3 00       		.byte	0
ARM GAS  C:\Users\raytr\AppData\Local\Temp\ccxm5P3J.s 			page 17


 878 00b4 0E       		.uleb128 0xe
 879 00b5 0F       		.uleb128 0xf
 880 00b6 00       		.byte	0
 881 00b7 0B       		.uleb128 0xb
 882 00b8 0B       		.uleb128 0xb
 883 00b9 49       		.uleb128 0x49
 884 00ba 13       		.uleb128 0x13
 885 00bb 00       		.byte	0
 886 00bc 00       		.byte	0
 887 00bd 0F       		.uleb128 0xf
 888 00be 2E       		.uleb128 0x2e
 889 00bf 01       		.byte	0x1
 890 00c0 3F       		.uleb128 0x3f
 891 00c1 19       		.uleb128 0x19
 892 00c2 03       		.uleb128 0x3
 893 00c3 0E       		.uleb128 0xe
 894 00c4 3A       		.uleb128 0x3a
 895 00c5 0B       		.uleb128 0xb
 896 00c6 3B       		.uleb128 0x3b
 897 00c7 0B       		.uleb128 0xb
 898 00c8 27       		.uleb128 0x27
 899 00c9 19       		.uleb128 0x19
 900 00ca 49       		.uleb128 0x49
 901 00cb 13       		.uleb128 0x13
 902 00cc 11       		.uleb128 0x11
 903 00cd 01       		.uleb128 0x1
 904 00ce 12       		.uleb128 0x12
 905 00cf 06       		.uleb128 0x6
 906 00d0 40       		.uleb128 0x40
 907 00d1 18       		.uleb128 0x18
 908 00d2 9742     		.uleb128 0x2117
 909 00d4 19       		.uleb128 0x19
 910 00d5 01       		.uleb128 0x1
 911 00d6 13       		.uleb128 0x13
 912 00d7 00       		.byte	0
 913 00d8 00       		.byte	0
 914 00d9 10       		.uleb128 0x10
 915 00da 05       		.uleb128 0x5
 916 00db 00       		.byte	0
 917 00dc 03       		.uleb128 0x3
 918 00dd 0E       		.uleb128 0xe
 919 00de 3A       		.uleb128 0x3a
 920 00df 0B       		.uleb128 0xb
 921 00e0 3B       		.uleb128 0x3b
 922 00e1 0B       		.uleb128 0xb
 923 00e2 49       		.uleb128 0x49
 924 00e3 13       		.uleb128 0x13
 925 00e4 02       		.uleb128 0x2
 926 00e5 17       		.uleb128 0x17
 927 00e6 00       		.byte	0
 928 00e7 00       		.byte	0
 929 00e8 11       		.uleb128 0x11
 930 00e9 2E       		.uleb128 0x2e
 931 00ea 01       		.byte	0x1
 932 00eb 3F       		.uleb128 0x3f
 933 00ec 19       		.uleb128 0x19
 934 00ed 03       		.uleb128 0x3
ARM GAS  C:\Users\raytr\AppData\Local\Temp\ccxm5P3J.s 			page 18


 935 00ee 0E       		.uleb128 0xe
 936 00ef 3A       		.uleb128 0x3a
 937 00f0 0B       		.uleb128 0xb
 938 00f1 3B       		.uleb128 0x3b
 939 00f2 0B       		.uleb128 0xb
 940 00f3 27       		.uleb128 0x27
 941 00f4 19       		.uleb128 0x19
 942 00f5 11       		.uleb128 0x11
 943 00f6 01       		.uleb128 0x1
 944 00f7 12       		.uleb128 0x12
 945 00f8 06       		.uleb128 0x6
 946 00f9 40       		.uleb128 0x40
 947 00fa 18       		.uleb128 0x18
 948 00fb 9742     		.uleb128 0x2117
 949 00fd 19       		.uleb128 0x19
 950 00fe 00       		.byte	0
 951 00ff 00       		.byte	0
 952 0100 00       		.byte	0
 953              		.section	.debug_loc,"",%progbits
 954              	.Ldebug_loc0:
 955              	.LLST0:
 956 0000 00000000 		.4byte	.LVL1
 957 0004 02000000 		.4byte	.LVL2
 958 0008 0100     		.2byte	0x1
 959 000a 50       		.byte	0x50
 960 000b 02000000 		.4byte	.LVL2
 961 000f 06000000 		.4byte	.LFE1
 962 0013 0400     		.2byte	0x4
 963 0015 F3       		.byte	0xf3
 964 0016 01       		.uleb128 0x1
 965 0017 50       		.byte	0x50
 966 0018 9F       		.byte	0x9f
 967 0019 00000000 		.4byte	0
 968 001d 00000000 		.4byte	0
 969              	.LLST1:
 970 0021 00000000 		.4byte	.LVL3
 971 0025 02000000 		.4byte	.LVL4
 972 0029 0100     		.2byte	0x1
 973 002b 50       		.byte	0x50
 974 002c 02000000 		.4byte	.LVL4
 975 0030 08000000 		.4byte	.LFE2
 976 0034 0400     		.2byte	0x4
 977 0036 F3       		.byte	0xf3
 978 0037 01       		.uleb128 0x1
 979 0038 50       		.byte	0x50
 980 0039 9F       		.byte	0x9f
 981 003a 00000000 		.4byte	0
 982 003e 00000000 		.4byte	0
 983              	.LLST2:
 984 0042 00000000 		.4byte	.LVL5
 985 0046 02000000 		.4byte	.LVL6
 986 004a 0100     		.2byte	0x1
 987 004c 50       		.byte	0x50
 988 004d 02000000 		.4byte	.LVL6
 989 0051 08000000 		.4byte	.LFE3
 990 0055 0400     		.2byte	0x4
 991 0057 F3       		.byte	0xf3
ARM GAS  C:\Users\raytr\AppData\Local\Temp\ccxm5P3J.s 			page 19


 992 0058 01       		.uleb128 0x1
 993 0059 50       		.byte	0x50
 994 005a 9F       		.byte	0x9f
 995 005b 00000000 		.4byte	0
 996 005f 00000000 		.4byte	0
 997              	.LLST3:
 998 0063 00000000 		.4byte	.LVL7
 999 0067 02000000 		.4byte	.LVL8
 1000 006b 0100     		.2byte	0x1
 1001 006d 50       		.byte	0x50
 1002 006e 02000000 		.4byte	.LVL8
 1003 0072 08000000 		.4byte	.LFE4
 1004 0076 0400     		.2byte	0x4
 1005 0078 F3       		.byte	0xf3
 1006 0079 01       		.uleb128 0x1
 1007 007a 50       		.byte	0x50
 1008 007b 9F       		.byte	0x9f
 1009 007c 00000000 		.4byte	0
 1010 0080 00000000 		.4byte	0
 1011              	.LLST4:
 1012 0084 00000000 		.4byte	.LVL9
 1013 0088 0A000000 		.4byte	.LVL10
 1014 008c 0100     		.2byte	0x1
 1015 008e 51       		.byte	0x51
 1016 008f 0A000000 		.4byte	.LVL10
 1017 0093 0E000000 		.4byte	.LFE5
 1018 0097 0400     		.2byte	0x4
 1019 0099 F3       		.byte	0xf3
 1020 009a 01       		.uleb128 0x1
 1021 009b 51       		.byte	0x51
 1022 009c 9F       		.byte	0x9f
 1023 009d 00000000 		.4byte	0
 1024 00a1 00000000 		.4byte	0
 1025              	.LLST5:
 1026 00a5 00000000 		.4byte	.LVL11
 1027 00a9 0A000000 		.4byte	.LVL12
 1028 00ad 0100     		.2byte	0x1
 1029 00af 51       		.byte	0x51
 1030 00b0 0A000000 		.4byte	.LVL12
 1031 00b4 0E000000 		.4byte	.LFE6
 1032 00b8 0400     		.2byte	0x4
 1033 00ba F3       		.byte	0xf3
 1034 00bb 01       		.uleb128 0x1
 1035 00bc 51       		.byte	0x51
 1036 00bd 9F       		.byte	0x9f
 1037 00be 00000000 		.4byte	0
 1038 00c2 00000000 		.4byte	0
 1039              	.LLST6:
 1040 00c6 00000000 		.4byte	.LVL13
 1041 00ca 0A000000 		.4byte	.LVL14
 1042 00ce 0100     		.2byte	0x1
 1043 00d0 51       		.byte	0x51
 1044 00d1 0A000000 		.4byte	.LVL14
 1045 00d5 0E000000 		.4byte	.LFE7
 1046 00d9 0400     		.2byte	0x4
 1047 00db F3       		.byte	0xf3
 1048 00dc 01       		.uleb128 0x1
ARM GAS  C:\Users\raytr\AppData\Local\Temp\ccxm5P3J.s 			page 20


 1049 00dd 51       		.byte	0x51
 1050 00de 9F       		.byte	0x9f
 1051 00df 00000000 		.4byte	0
 1052 00e3 00000000 		.4byte	0
 1053              	.LLST7:
 1054 00e7 00000000 		.4byte	.LVL15
 1055 00eb 0A000000 		.4byte	.LVL16
 1056 00ef 0100     		.2byte	0x1
 1057 00f1 51       		.byte	0x51
 1058 00f2 0A000000 		.4byte	.LVL16
 1059 00f6 0E000000 		.4byte	.LFE8
 1060 00fa 0400     		.2byte	0x4
 1061 00fc F3       		.byte	0xf3
 1062 00fd 01       		.uleb128 0x1
 1063 00fe 51       		.byte	0x51
 1064 00ff 9F       		.byte	0x9f
 1065 0100 00000000 		.4byte	0
 1066 0104 00000000 		.4byte	0
 1067              		.section	.debug_aranges,"",%progbits
 1068 0000 5C000000 		.4byte	0x5c
 1069 0004 0200     		.2byte	0x2
 1070 0006 00000000 		.4byte	.Ldebug_info0
 1071 000a 04       		.byte	0x4
 1072 000b 00       		.byte	0
 1073 000c 0000     		.2byte	0
 1074 000e 0000     		.2byte	0
 1075 0010 00000000 		.4byte	.LFB0
 1076 0014 10000000 		.4byte	.LFE0-.LFB0
 1077 0018 00000000 		.4byte	.LFB1
 1078 001c 06000000 		.4byte	.LFE1-.LFB1
 1079 0020 00000000 		.4byte	.LFB2
 1080 0024 08000000 		.4byte	.LFE2-.LFB2
 1081 0028 00000000 		.4byte	.LFB3
 1082 002c 08000000 		.4byte	.LFE3-.LFB3
 1083 0030 00000000 		.4byte	.LFB4
 1084 0034 08000000 		.4byte	.LFE4-.LFB4
 1085 0038 00000000 		.4byte	.LFB5
 1086 003c 0E000000 		.4byte	.LFE5-.LFB5
 1087 0040 00000000 		.4byte	.LFB6
 1088 0044 0E000000 		.4byte	.LFE6-.LFB6
 1089 0048 00000000 		.4byte	.LFB7
 1090 004c 0E000000 		.4byte	.LFE7-.LFB7
 1091 0050 00000000 		.4byte	.LFB8
 1092 0054 0E000000 		.4byte	.LFE8-.LFB8
 1093 0058 00000000 		.4byte	0
 1094 005c 00000000 		.4byte	0
 1095              		.section	.debug_ranges,"",%progbits
 1096              	.Ldebug_ranges0:
 1097 0000 00000000 		.4byte	.LFB0
 1098 0004 10000000 		.4byte	.LFE0
 1099 0008 00000000 		.4byte	.LFB1
 1100 000c 06000000 		.4byte	.LFE1
 1101 0010 00000000 		.4byte	.LFB2
 1102 0014 08000000 		.4byte	.LFE2
 1103 0018 00000000 		.4byte	.LFB3
 1104 001c 08000000 		.4byte	.LFE3
 1105 0020 00000000 		.4byte	.LFB4
ARM GAS  C:\Users\raytr\AppData\Local\Temp\ccxm5P3J.s 			page 21


 1106 0024 08000000 		.4byte	.LFE4
 1107 0028 00000000 		.4byte	.LFB5
 1108 002c 0E000000 		.4byte	.LFE5
 1109 0030 00000000 		.4byte	.LFB6
 1110 0034 0E000000 		.4byte	.LFE6
 1111 0038 00000000 		.4byte	.LFB7
 1112 003c 0E000000 		.4byte	.LFE7
 1113 0040 00000000 		.4byte	.LFB8
 1114 0044 0E000000 		.4byte	.LFE8
 1115 0048 00000000 		.4byte	0
 1116 004c 00000000 		.4byte	0
 1117              		.section	.debug_line,"",%progbits
 1118              	.Ldebug_line0:
 1119 0000 CA010000 		.section	.debug_str,"MS",%progbits,1
 1119      02002D01 
 1119      00000201 
 1119      FB0E0D00 
 1119      01010101 
 1120              	.LASF3:
 1121 0000 5F5F7569 		.ascii	"__uint8_t\000"
 1121      6E74385F 
 1121      7400
 1122              	.LASF27:
 1123 000a 443A5C36 		.ascii	"D:\\6115\\6115FP_GBEmulator\\GBEmulator.cydsn\000"
 1123      3131355C 
 1123      36313135 
 1123      46505F47 
 1123      42456D75 
 1124              	.LASF20:
 1125 0035 72657365 		.ascii	"reset_registers\000"
 1125      745F7265 
 1125      67697374 
 1125      65727300 
 1126              	.LASF1:
 1127 0045 756E7369 		.ascii	"unsigned char\000"
 1127      676E6564 
 1127      20636861 
 1127      7200
 1128              	.LASF7:
 1129 0053 6C6F6E67 		.ascii	"long unsigned int\000"
 1129      20756E73 
 1129      69676E65 
 1129      6420696E 
 1129      7400
 1130              	.LASF5:
 1131 0065 73686F72 		.ascii	"short unsigned int\000"
 1131      7420756E 
 1131      7369676E 
 1131      65642069 
 1131      6E7400
 1132              	.LASF21:
 1133 0078 7365745F 		.ascii	"set_zero_flag\000"
 1133      7A65726F 
 1133      5F666C61 
 1133      6700
 1134              	.LASF14:
 1135 0086 72656773 		.ascii	"regs\000"
ARM GAS  C:\Users\raytr\AppData\Local\Temp\ccxm5P3J.s 			page 22


 1135      00
 1136              	.LASF4:
 1137 008b 5F5F7569 		.ascii	"__uint16_t\000"
 1137      6E743136 
 1137      5F7400
 1138              	.LASF18:
 1139 0096 6765745F 		.ascii	"get_half_carry_flag\000"
 1139      68616C66 
 1139      5F636172 
 1139      72795F66 
 1139      6C616700 
 1140              	.LASF13:
 1141 00aa 52656769 		.ascii	"Registers\000"
 1141      73746572 
 1141      7300
 1142              	.LASF28:
 1143 00b4 7365745F 		.ascii	"set_carry_flag\000"
 1143      63617272 
 1143      795F666C 
 1143      616700
 1144              	.LASF24:
 1145 00c3 7365745F 		.ascii	"set_half_carry_flag\000"
 1145      68616C66 
 1145      5F636172 
 1145      72795F66 
 1145      6C616700 
 1146              	.LASF25:
 1147 00d7 474E5520 		.ascii	"GNU C 4.9.3 20150303 (release) [ARM/embedded-4_9-br"
 1147      4320342E 
 1147      392E3320 
 1147      32303135 
 1147      30333033 
 1148 010a 616E6368 		.ascii	"anch revision 221220] -mcpu=cortex-m3 -mthumb -g -O"
 1148      20726576 
 1148      6973696F 
 1148      6E203232 
 1148      31323230 
 1149 013d 67202D66 		.ascii	"g -ffunction-sections -ffat-lto-objects\000"
 1149      66756E63 
 1149      74696F6E 
 1149      2D736563 
 1149      74696F6E 
 1150              	.LASF10:
 1151 0165 756E7369 		.ascii	"unsigned int\000"
 1151      676E6564 
 1151      20696E74 
 1151      00
 1152              	.LASF17:
 1153 0172 6765745F 		.ascii	"get_subtraction_flag\000"
 1153      73756274 
 1153      72616374 
 1153      696F6E5F 
 1153      666C6167 
 1154              	.LASF9:
 1155 0187 6C6F6E67 		.ascii	"long long unsigned int\000"
 1155      206C6F6E 
 1155      6720756E 
ARM GAS  C:\Users\raytr\AppData\Local\Temp\ccxm5P3J.s 			page 23


 1155      7369676E 
 1155      65642069 
 1156              	.LASF11:
 1157 019e 75696E74 		.ascii	"uint8_t\000"
 1157      385F7400 
 1158              	.LASF23:
 1159 01a6 7365745F 		.ascii	"set_subtraction_flag\000"
 1159      73756274 
 1159      72616374 
 1159      696F6E5F 
 1159      666C6167 
 1160              	.LASF8:
 1161 01bb 6C6F6E67 		.ascii	"long long int\000"
 1161      206C6F6E 
 1161      6720696E 
 1161      7400
 1162              	.LASF22:
 1163 01c9 76616C75 		.ascii	"value\000"
 1163      6500
 1164              	.LASF2:
 1165 01cf 73686F72 		.ascii	"short int\000"
 1165      7420696E 
 1165      7400
 1166              	.LASF12:
 1167 01d9 75696E74 		.ascii	"uint16_t\000"
 1167      31365F74 
 1167      00
 1168              	.LASF6:
 1169 01e2 6C6F6E67 		.ascii	"long int\000"
 1169      20696E74 
 1169      00
 1170              	.LASF19:
 1171 01eb 6765745F 		.ascii	"get_carry_flag\000"
 1171      63617272 
 1171      795F666C 
 1171      616700
 1172              	.LASF16:
 1173 01fa 6765745F 		.ascii	"get_zero_flag\000"
 1173      7A65726F 
 1173      5F666C61 
 1173      6700
 1174              	.LASF0:
 1175 0208 7369676E 		.ascii	"signed char\000"
 1175      65642063 
 1175      68617200 
 1176              	.LASF26:
 1177 0214 2E5C7265 		.ascii	".\\registers.c\000"
 1177      67697374 
 1177      6572732E 
 1177      6300
 1178              	.LASF15:
 1179 0222 5F426F6F 		.ascii	"_Bool\000"
 1179      6C00
 1180              		.ident	"GCC: (GNU Tools for ARM Embedded Processors) 4.9.3 20150303 (release) [ARM/embedded-4_9-br
