--------------- Build Started: 05/03/2021 04:12:15 Project: GBEmulator, Configuration: ARM GCC 5.4-2016-q2-update Release ---------------
The code generation step is up to date.
arm-none-eabi-gcc.exe -mcpu=cortex-m3 -mthumb -I..\..\emWinGraphics_v5_46\Code\Include\PSoC4_5\nosnts -I..\..\emWinGraphics_v5_46\Code\Include\PSoC4_5 -I. -IGenerated_Source\PSoC5 -Wa,-alh=.\CortexM3\ARM_GCC_541\Release/main.lst -g -D NDEBUG -Wall -ffunction-sections -ffat-lto-objects -finline-functions -O3 -c main.c -o .\CortexM3\ARM_GCC_541\Release\main.o
arm-none-eabi-gcc.exe -mcpu=cortex-m3 -mthumb -I..\..\emWinGraphics_v5_46\Code\Include\PSoC4_5\nosnts -I..\..\emWinGraphics_v5_46\Code\Include\PSoC4_5 -I. -IGenerated_Source\PSoC5 -Wa,-alh=.\CortexM3\ARM_GCC_541\Release/rom.lst -g -D NDEBUG -Wall -ffunction-sections -ffat-lto-objects -finline-functions -O3 -c rom.c -o .\CortexM3\ARM_GCC_541\Release\rom.o
arm-none-eabi-gcc.exe -mcpu=cortex-m3 -mthumb -I..\..\emWinGraphics_v5_46\Code\Include\PSoC4_5\nosnts -I..\..\emWinGraphics_v5_46\Code\Include\PSoC4_5 -I. -IGenerated_Source\PSoC5 -Wa,-alh=.\CortexM3\ARM_GCC_541\Release/memory.lst -g -D NDEBUG -Wall -ffunction-sections -ffat-lto-objects -finline-functions -O3 -c memory.c -o .\CortexM3\ARM_GCC_541\Release\memory.o
arm-none-eabi-gcc.exe -mcpu=cortex-m3 -mthumb -I..\..\emWinGraphics_v5_46\Code\Include\PSoC4_5\nosnts -I..\..\emWinGraphics_v5_46\Code\Include\PSoC4_5 -I. -IGenerated_Source\PSoC5 -Wa,-alh=.\CortexM3\ARM_GCC_541\Release/gpu.lst -g -D NDEBUG -Wall -ffunction-sections -ffat-lto-objects -finline-functions -O3 -c gpu.c -o .\CortexM3\ARM_GCC_541\Release\gpu.o
gpu.c: In function 'renderLine':
gpu.c:185:14: warning: unused variable 'window_start' [-Wunused-variable]
         bool window_start = false;
              ^
arm-none-eabi-ar.exe -rs .\CortexM3\ARM_GCC_541\Release\GBEmulator.a .\CortexM3\ARM_GCC_541\Release\CyDmac.o .\CortexM3\ARM_GCC_541\Release\CyFlash.o .\CortexM3\ARM_GCC_541\Release\CyLib.o .\CortexM3\ARM_GCC_541\Release\cyPm.o .\CortexM3\ARM_GCC_541\Release\CySpc.o .\CortexM3\ARM_GCC_541\Release\cyutils.o .\CortexM3\ARM_GCC_541\Release\SPIM_1.o .\CortexM3\ARM_GCC_541\Release\SPIM_1_PM.o .\CortexM3\ARM_GCC_541\Release\SPIM_1_INT.o .\CortexM3\ARM_GCC_541\Release\MISO.o .\CortexM3\ARM_GCC_541\Release\MOSI.o .\CortexM3\ARM_GCC_541\Release\SCLK.o .\CortexM3\ARM_GCC_541\Release\SS.o .\CortexM3\ARM_GCC_541\Release\DC.o .\CortexM3\ARM_GCC_541\Release\RESET.o .\CortexM3\ARM_GCC_541\Release\LED.o .\CortexM3\ARM_GCC_541\Release\SPIM_1_IntClock.o .\CortexM3\ARM_GCC_541\Release\Clock_1.o .\CortexM3\ARM_GCC_541\Release\Timer_1.o .\CortexM3\ARM_GCC_541\Release\Timer_1_PM.o .\CortexM3\ARM_GCC_541\Release\Timer_1_interrupt.o .\CortexM3\ARM_GCC_541\Release\cy_em_eeprom.o .\CortexM3\ARM_GCC_541\Release\Button1.o .\CortexM3\ARM_GCC_541\Release\Clock_2.o .\CortexM3\ARM_GCC_541\Release\button_press_1.o .\CortexM3\ARM_GCC_541\Release\DMA_1_dma.o .\CortexM3\ARM_GCC_541\Release\UART_1.o .\CortexM3\ARM_GCC_541\Release\UART_1_PM.o .\CortexM3\ARM_GCC_541\Release\UART_1_INT.o .\CortexM3\ARM_GCC_541\Release\UART_1_BOOT.o .\CortexM3\ARM_GCC_541\Release\UART_1_IntClock.o .\CortexM3\ARM_GCC_541\Release\CyBootAsmGnu.o
arm-none-eabi-ar.exe: creating .\CortexM3\ARM_GCC_541\Release\GBEmulator.a
arm-none-eabi-gcc.exe -Wl,--start-group -o D:\personal\6115\6115FP_GBEmulator\GBEmulator.cydsn\CortexM3\ARM_GCC_541\Release\GBEmulator.elf .\CortexM3\ARM_GCC_541\Release\main.o .\CortexM3\ARM_GCC_541\Release\cpu.o .\CortexM3\ARM_GCC_541\Release\rom.o .\CortexM3\ARM_GCC_541\Release\memory.o .\CortexM3\ARM_GCC_541\Release\registers.o .\CortexM3\ARM_GCC_541\Release\instruction_set.o .\CortexM3\ARM_GCC_541\Release\GUI_X.o .\CortexM3\ARM_GCC_541\Release\GUIConf.o .\CortexM3\ARM_GCC_541\Release\LCDConf.o .\CortexM3\ARM_GCC_541\Release\tft.o .\CortexM3\ARM_GCC_541\Release\gpu.o .\CortexM3\ARM_GCC_541\Release\debugfuncs.o .\CortexM3\ARM_GCC_541\Release\cyfitter_cfg.o .\CortexM3\ARM_GCC_541\Release\cymetadata.o .\CortexM3\ARM_GCC_541\Release\Cm3Start.o .\CortexM3\ARM_GCC_541\Release\GBEmulator.a "C:\Program Files (x86)\Cypress\PSoC Creator\4.4\PSoC Creator\psoc\content\cycomponentlibrary\CyComponentLibrary.cylib\CortexM3\ARM_GCC_541\Release\CyComponentLibrary.a" -mcpu=cortex-m3 -mthumb -L Generated_Source\PSoC5 -L ..\..\emWinGraphics_v5_46\LinkLibrary\PSoC5\GCC ..\..\emWinGraphics_v5_46\LinkLibrary\PSoC5\GCC\libemWin_nosnts_cm3_gcc.a -Wl,-Map,.\CortexM3\ARM_GCC_541\Release/GBEmulator.map -T Generated_Source\PSoC5\cm3gcc.ld -specs=nano.specs -Wl,--gc-sections -g -ffunction-sections -finline-functions -O3 -ffat-lto-objects -Wl,--end-group
cyelftool.exe -C D:\personal\6115\6115FP_GBEmulator\GBEmulator.cydsn\CortexM3\ARM_GCC_541\Release\GBEmulator.elf --flash_row_size 256 --flash_size 262144 --flash_offset 0x00000000
No ELF section .cychecksum found, creating one
Application checksum calculated and stored in ELF section .cychecksum
Checksum calculated and stored in ELF section .cymeta
cyelftool.exe -S D:\personal\6115\6115FP_GBEmulator\GBEmulator.cydsn\CortexM3\ARM_GCC_541\Release\GBEmulator.elf
Flash used: 58542 of 262144 bytes (22.3%).
SRAM used: 28665 of 65536 bytes (43.7%). Stack: 2048 bytes. Heap: 128 bytes.
--------------- Build Succeeded: 05/03/2021 04:12:19 ---------------
