--------------- Clean Started: 05/03/2021 21:36:51 Project: GBEmulator, Configuration: ARM GCC 5.4-2016-q2-update Release ---------------
Deleting file ".\CortexM3\ARM_GCC_541\Release\main.o"
Deleting file ".\CortexM3\ARM_GCC_541\Release\cpu.o"
Deleting file ".\CortexM3\ARM_GCC_541\Release\rom.o"
Deleting file ".\CortexM3\ARM_GCC_541\Release\memory.o"
Deleting file ".\CortexM3\ARM_GCC_541\Release\registers.o"
Deleting file ".\CortexM3\ARM_GCC_541\Release\instruction_set.o"
Deleting file ".\CortexM3\ARM_GCC_541\Release\GUI_X.o"
Deleting file ".\CortexM3\ARM_GCC_541\Release\GUIConf.o"
Deleting file ".\CortexM3\ARM_GCC_541\Release\LCDConf.o"
Deleting file ".\CortexM3\ARM_GCC_541\Release\tft.o"
Deleting file ".\CortexM3\ARM_GCC_541\Release\gpu.o"
Deleting file ".\CortexM3\ARM_GCC_541\Release\debugfuncs.o"
Deleting file ".\CortexM3\ARM_GCC_541\Release\mmio.o"
Deleting file ".\CortexM3\ARM_GCC_541\Release\timer.o"
Deleting file ".\CortexM3\ARM_GCC_541\Release\cyfitter_cfg.o"
Deleting file ".\CortexM3\ARM_GCC_541\Release\cymetadata.o"
Deleting file ".\CortexM3\ARM_GCC_541\Release\Cm3Start.o"
Deleting file ".\CortexM3\ARM_GCC_541\Release\CyBootAsmGnu.o"
Deleting file ".\CortexM3\ARM_GCC_541\Release\CyDmac.o"
Deleting file ".\CortexM3\ARM_GCC_541\Release\CyFlash.o"
Deleting file ".\CortexM3\ARM_GCC_541\Release\CyLib.o"
Deleting file ".\CortexM3\ARM_GCC_541\Release\cyPm.o"
Deleting file ".\CortexM3\ARM_GCC_541\Release\CySpc.o"
Deleting file ".\CortexM3\ARM_GCC_541\Release\cyutils.o"
Deleting file ".\CortexM3\ARM_GCC_541\Release\SPIM_1.o"
Deleting file ".\CortexM3\ARM_GCC_541\Release\SPIM_1_PM.o"
Deleting file ".\CortexM3\ARM_GCC_541\Release\SPIM_1_INT.o"
Deleting file ".\CortexM3\ARM_GCC_541\Release\MISO.o"
Deleting file ".\CortexM3\ARM_GCC_541\Release\MOSI.o"
Deleting file ".\CortexM3\ARM_GCC_541\Release\SCLK.o"
Deleting file ".\CortexM3\ARM_GCC_541\Release\SS.o"
Deleting file ".\CortexM3\ARM_GCC_541\Release\DC.o"
Deleting file ".\CortexM3\ARM_GCC_541\Release\RESET.o"
Deleting file ".\CortexM3\ARM_GCC_541\Release\LED.o"
Deleting file ".\CortexM3\ARM_GCC_541\Release\SPIM_1_IntClock.o"
Deleting file ".\CortexM3\ARM_GCC_541\Release\Clock_1.o"
Deleting file ".\CortexM3\ARM_GCC_541\Release\Timer_1.o"
Deleting file ".\CortexM3\ARM_GCC_541\Release\Timer_1_PM.o"
Deleting file ".\CortexM3\ARM_GCC_541\Release\Timer_1_interrupt.o"
Deleting file ".\CortexM3\ARM_GCC_541\Release\cy_em_eeprom.o"
Deleting file ".\CortexM3\ARM_GCC_541\Release\Button1.o"
Deleting file ".\CortexM3\ARM_GCC_541\Release\Clock_2.o"
Deleting file ".\CortexM3\ARM_GCC_541\Release\button_press_1.o"
Deleting file ".\CortexM3\ARM_GCC_541\Release\DMA_1_dma.o"
Deleting file ".\CortexM3\ARM_GCC_541\Release\UART_1.o"
Deleting file ".\CortexM3\ARM_GCC_541\Release\UART_1_PM.o"
Deleting file ".\CortexM3\ARM_GCC_541\Release\UART_1_INT.o"
Deleting file ".\CortexM3\ARM_GCC_541\Release\UART_1_BOOT.o"
Deleting file ".\CortexM3\ARM_GCC_541\Release\UART_1_IntClock.o"
Deleting file ".\CortexM3\ARM_GCC_541\Release\Button_Status.o"
Deleting file ".\CortexM3\ARM_GCC_541\Release\Button2.o"
Deleting file ".\CortexM3\ARM_GCC_541\Release\ADC_JOY_X.o"
Deleting file ".\CortexM3\ARM_GCC_541\Release\ADC_JOY_X_INT.o"
Deleting file ".\CortexM3\ARM_GCC_541\Release\ADC_JOY_X_PM.o"
Deleting file ".\CortexM3\ARM_GCC_541\Release\JoyX.o"
Deleting file ".\CortexM3\ARM_GCC_541\Release\JoyY.o"
Deleting file ".\CortexM3\ARM_GCC_541\Release\ADC_JOY_Y.o"
Deleting file ".\CortexM3\ARM_GCC_541\Release\ADC_JOY_Y_INT.o"
Deleting file ".\CortexM3\ARM_GCC_541\Release\ADC_JOY_Y_PM.o"
Deleting file ".\CortexM3\ARM_GCC_541\Release\ADC_JOY_X_IRQ.o"
Deleting file ".\CortexM3\ARM_GCC_541\Release\ADC_JOY_X_theACLK.o"
Deleting file ".\CortexM3\ARM_GCC_541\Release\ADC_JOY_Y_IRQ.o"
Deleting file ".\CortexM3\ARM_GCC_541\Release\ADC_JOY_Y_theACLK.o"
Deleting file ".\CortexM3\ARM_GCC_541\Release\JoySW.o"
Deleting file ".\CortexM3\ARM_GCC_541\Release\Button3.o"
Deleting file ".\CortexM3\ARM_GCC_541\Release\GBEmulator.hex"
Deleting file ".\CortexM3\ARM_GCC_541\Release\GBEmulator.elf"
Deleting file ".\CortexM3\ARM_GCC_541\Release\GBEmulator.map"
Deleting file ".\GBEmulator.cycdx"
Deleting file ".\GBEmulator.svd"
Deleting file ".\GBEmulator.rpt"
Deleting file ".\GBEmulator_timing.html"
Deleting file ".\CortexM3\ARM_GCC_541\Release\.deps\SOURCE_C__ARM_GCC_GENERIC.P"
Deleting file ".\CortexM3\ARM_GCC_541\Release\.deps\SOURCE_ASM__ARM_GCC_GENERIC.P"
--------------- Clean Succeeded: 05/03/2021 21:36:51 ---------------
